{"/Users/christopherclemons/Projects/JukeBox/server/app/index.js": {"path":"/Users/christopherclemons/Projects/JukeBox/server/app/index.js","statementMap":{"0":{"start":{"line":1,"column":0},"end":{"line":1,"column":27}},"1":{"start":{"line":2,"column":16},"end":{"line":2,"column":34}},"2":{"start":{"line":3,"column":19},"end":{"line":3,"column":41}},"3":{"start":{"line":4,"column":17},"end":{"line":4,"column":36}},"4":{"start":{"line":5,"column":17},"end":{"line":5,"column":36}},"5":{"start":{"line":6,"column":15},"end":{"line":6,"column":32}},"6":{"start":{"line":7,"column":19},"end":{"line":7,"column":50}},"7":{"start":{"line":8,"column":20},"end":{"line":8,"column":52}},"8":{"start":{"line":9,"column":22},"end":{"line":9,"column":56}},"9":{"start":{"line":14,"column":12},"end":{"line":14,"column":21}},"10":{"start":{"line":16,"column":0},"end":{"line":16,"column":23}},"11":{"start":{"line":17,"column":0},"end":{"line":17,"column":31}},"12":{"start":{"line":20,"column":0},"end":{"line":20,"column":44}},"13":{"start":{"line":21,"column":11},"end":{"line":21,"column":30}},"14":{"start":{"line":22,"column":0},"end":{"line":22,"column":67}},"15":{"start":{"line":23,"column":0},"end":{"line":23,"column":63}},"16":{"start":{"line":23,"column":20},"end":{"line":23,"column":61}},"17":{"start":{"line":26,"column":0},"end":{"line":26,"column":27}},"18":{"start":{"line":27,"column":0},"end":{"line":27,"column":51}},"19":{"start":{"line":30,"column":0},"end":{"line":34,"column":3}},"20":{"start":{"line":31,"column":2},"end":{"line":31,"column":49}},"21":{"start":{"line":32,"column":2},"end":{"line":32,"column":95}},"22":{"start":{"line":33,"column":2},"end":{"line":33,"column":9}},"23":{"start":{"line":38,"column":0},"end":{"line":41,"column":3}},"24":{"start":{"line":39,"column":2},"end":{"line":39,"column":35}},"25":{"start":{"line":40,"column":2},"end":{"line":40,"column":9}},"26":{"start":{"line":46,"column":0},"end":{"line":46,"column":49}},"27":{"start":{"line":47,"column":0},"end":{"line":47,"column":32}},"28":{"start":{"line":48,"column":0},"end":{"line":48,"column":29}},"29":{"start":{"line":49,"column":0},"end":{"line":49,"column":35}},"30":{"start":{"line":52,"column":0},"end":{"line":52,"column":48}},"31":{"start":{"line":55,"column":0},"end":{"line":57,"column":3}},"32":{"start":{"line":56,"column":1},"end":{"line":56,"column":55}},"33":{"start":{"line":59,"column":0},"end":{"line":62,"column":2}},"34":{"start":{"line":60,"column":1},"end":{"line":60,"column":55}},"35":{"start":{"line":61,"column":1},"end":{"line":61,"column":68}},"36":{"start":{"line":67,"column":0},"end":{"line":67,"column":21}}},"fnMap":{"0":{"name":"(anonymous_0)","decl":{"start":{"line":23,"column":14},"end":{"line":23,"column":15}},"loc":{"start":{"line":23,"column":20},"end":{"line":23,"column":61}},"line":23},"1":{"name":"(anonymous_1)","decl":{"start":{"line":30,"column":8},"end":{"line":30,"column":9}},"loc":{"start":{"line":30,"column":28},"end":{"line":34,"column":1}},"line":30},"2":{"name":"(anonymous_2)","decl":{"start":{"line":38,"column":8},"end":{"line":38,"column":9}},"loc":{"start":{"line":38,"column":28},"end":{"line":41,"column":1}},"line":38},"3":{"name":"(anonymous_3)","decl":{"start":{"line":55,"column":14},"end":{"line":55,"column":15}},"loc":{"start":{"line":55,"column":28},"end":{"line":57,"column":1}},"line":55},"4":{"name":"(anonymous_4)","decl":{"start":{"line":59,"column":8},"end":{"line":59,"column":9}},"loc":{"start":{"line":59,"column":33},"end":{"line":62,"column":1}},"line":59}},"branchMap":{"0":{"loc":{"start":{"line":61,"column":32},"end":{"line":61,"column":65}},"type":"binary-expr","locations":[{"start":{"line":61,"column":32},"end":{"line":61,"column":43}},{"start":{"line":61,"column":47},"end":{"line":61,"column":65}}],"line":61}},"s":{"0":1,"1":1,"2":1,"3":1,"4":1,"5":1,"6":1,"7":1,"8":1,"9":1,"10":1,"11":1,"12":1,"13":1,"14":1,"15":1,"16":1,"17":1,"18":1,"19":1,"20":1,"21":1,"22":1,"23":1,"24":1,"25":1,"26":1,"27":1,"28":1,"29":1,"30":1,"31":1,"32":0,"33":1,"34":0,"35":0,"36":1},"f":{"0":1,"1":1,"2":1,"3":0,"4":0},"b":{"0":[0,0]},"_coverageSchema":"332fd63041d2c1bcb487cc26dd0d5f7d97098a6c","hash":"15752d4c1f2cf2df06454fe76a5f3f69299aff93"}
,"/Users/christopherclemons/Projects/JukeBox/server/app/controllers/auth.controller.js": {"path":"/Users/christopherclemons/Projects/JukeBox/server/app/controllers/auth.controller.js","statementMap":{"0":{"start":{"line":1,"column":13},"end":{"line":1,"column":44}},"1":{"start":{"line":2,"column":12},"end":{"line":2,"column":35}},"2":{"start":{"line":5,"column":22},"end":{"line":9,"column":1}},"3":{"start":{"line":6,"column":1},"end":{"line":8,"column":4}},"4":{"start":{"line":11,"column":20},"end":{"line":16,"column":1}},"5":{"start":{"line":12,"column":1},"end":{"line":15,"column":3}},"6":{"start":{"line":18,"column":0},"end":{"line":42,"column":1}},"7":{"start":{"line":19,"column":1},"end":{"line":19,"column":42}},"8":{"start":{"line":20,"column":29},"end":{"line":20,"column":37}},"9":{"start":{"line":23,"column":1},"end":{"line":41,"column":4}},"10":{"start":{"line":24,"column":2},"end":{"line":24,"column":28}},"11":{"start":{"line":24,"column":11},"end":{"line":24,"column":28}},"12":{"start":{"line":25,"column":2},"end":{"line":25,"column":104}},"13":{"start":{"line":25,"column":20},"end":{"line":25,"column":104}},"14":{"start":{"line":27,"column":15},"end":{"line":30,"column":4}},"15":{"start":{"line":31,"column":2},"end":{"line":40,"column":5}},"16":{"start":{"line":32,"column":3},"end":{"line":32,"column":29}},"17":{"start":{"line":32,"column":12},"end":{"line":32,"column":29}},"18":{"start":{"line":33,"column":18},"end":{"line":33,"column":35}},"19":{"start":{"line":35,"column":3},"end":{"line":39,"column":6}},"20":{"start":{"line":44,"column":0},"end":{"line":54,"column":1}},"21":{"start":{"line":45,"column":29},"end":{"line":45,"column":37}},"22":{"start":{"line":46,"column":18},"end":{"line":46,"column":39}},"23":{"start":{"line":47,"column":1},"end":{"line":47,"column":35}},"24":{"start":{"line":49,"column":1},"end":{"line":53,"column":4}},"25":{"start":{"line":56,"column":0},"end":{"line":65,"column":1}},"26":{"start":{"line":58,"column":14},"end":{"line":58,"column":35}},"27":{"start":{"line":59,"column":1},"end":{"line":59,"column":68}},"28":{"start":{"line":59,"column":16},"end":{"line":59,"column":68}},"29":{"start":{"line":61,"column":1},"end":{"line":64,"column":4}}},"fnMap":{"0":{"name":"(anonymous_0)","decl":{"start":{"line":5,"column":22},"end":{"line":5,"column":23}},"loc":{"start":{"line":5,"column":30},"end":{"line":9,"column":1}},"line":5},"1":{"name":"(anonymous_1)","decl":{"start":{"line":11,"column":20},"end":{"line":11,"column":21}},"loc":{"start":{"line":11,"column":28},"end":{"line":16,"column":1}},"line":11},"2":{"name":"(anonymous_2)","decl":{"start":{"line":18,"column":26},"end":{"line":18,"column":27}},"loc":{"start":{"line":18,"column":46},"end":{"line":42,"column":1}},"line":18},"3":{"name":"(anonymous_3)","decl":{"start":{"line":23,"column":30},"end":{"line":23,"column":31}},"loc":{"start":{"line":23,"column":53},"end":{"line":41,"column":2}},"line":23},"4":{"name":"(anonymous_4)","decl":{"start":{"line":31,"column":12},"end":{"line":31,"column":13}},"loc":{"start":{"line":31,"column":27},"end":{"line":40,"column":3}},"line":31},"5":{"name":"(anonymous_5)","decl":{"start":{"line":44,"column":16},"end":{"line":44,"column":17}},"loc":{"start":{"line":44,"column":36},"end":{"line":54,"column":1}},"line":44},"6":{"name":"(anonymous_6)","decl":{"start":{"line":56,"column":22},"end":{"line":56,"column":23}},"loc":{"start":{"line":56,"column":42},"end":{"line":65,"column":1}},"line":56}},"branchMap":{"0":{"loc":{"start":{"line":24,"column":2},"end":{"line":24,"column":28}},"type":"if","locations":[{"start":{"line":24,"column":2},"end":{"line":24,"column":28}},{"start":{"line":24,"column":2},"end":{"line":24,"column":28}}],"line":24},"1":{"loc":{"start":{"line":25,"column":2},"end":{"line":25,"column":104}},"type":"if","locations":[{"start":{"line":25,"column":2},"end":{"line":25,"column":104}},{"start":{"line":25,"column":2},"end":{"line":25,"column":104}}],"line":25},"2":{"loc":{"start":{"line":32,"column":3},"end":{"line":32,"column":29}},"type":"if","locations":[{"start":{"line":32,"column":3},"end":{"line":32,"column":29}},{"start":{"line":32,"column":3},"end":{"line":32,"column":29}}],"line":32},"3":{"loc":{"start":{"line":59,"column":1},"end":{"line":59,"column":68}},"type":"if","locations":[{"start":{"line":59,"column":1},"end":{"line":59,"column":68}},{"start":{"line":59,"column":1},"end":{"line":59,"column":68}}],"line":59}},"s":{"0":1,"1":1,"2":1,"3":0,"4":1,"5":0,"6":1,"7":0,"8":0,"9":0,"10":0,"11":0,"12":0,"13":0,"14":0,"15":0,"16":0,"17":0,"18":0,"19":0,"20":1,"21":0,"22":0,"23":0,"24":0,"25":1,"26":0,"27":0,"28":0,"29":0},"f":{"0":0,"1":0,"2":0,"3":0,"4":0,"5":0,"6":0},"b":{"0":[0,0],"1":[0,0],"2":[0,0],"3":[0,0]},"_coverageSchema":"332fd63041d2c1bcb487cc26dd0d5f7d97098a6c","hash":"7f4d6f8d751d23c34c88633ba3e9d1cbd3d4a2f9"}
,"/Users/christopherclemons/Projects/JukeBox/server/app/controllers/library.controller.js": {"path":"/Users/christopherclemons/Projects/JukeBox/server/app/controllers/library.controller.js","statementMap":{"0":{"start":{"line":1,"column":14},"end":{"line":1,"column":46}},"1":{"start":{"line":2,"column":15},"end":{"line":2,"column":48}},"2":{"start":{"line":3,"column":14},"end":{"line":3,"column":46}},"3":{"start":{"line":4,"column":14},"end":{"line":4,"column":32}},"4":{"start":{"line":6,"column":0},"end":{"line":14,"column":2}},"5":{"start":{"line":7,"column":16},"end":{"line":7,"column":33}},"6":{"start":{"line":8,"column":1},"end":{"line":13,"column":4}},"7":{"start":{"line":10,"column":2},"end":{"line":10,"column":60}},"8":{"start":{"line":12,"column":2},"end":{"line":12,"column":12}},"9":{"start":{"line":16,"column":0},"end":{"line":29,"column":2}},"10":{"start":{"line":17,"column":16},"end":{"line":17,"column":33}},"11":{"start":{"line":19,"column":1},"end":{"line":28,"column":4}},"12":{"start":{"line":21,"column":2},"end":{"line":21,"column":67}},"13":{"start":{"line":21,"column":15},"end":{"line":21,"column":67}},"14":{"start":{"line":22,"column":2},"end":{"line":22,"column":48}},"15":{"start":{"line":23,"column":2},"end":{"line":23,"column":65}},"16":{"start":{"line":26,"column":2},"end":{"line":26,"column":44}},"17":{"start":{"line":27,"column":2},"end":{"line":27,"column":32}},"18":{"start":{"line":31,"column":0},"end":{"line":43,"column":1}},"19":{"start":{"line":32,"column":16},"end":{"line":32,"column":33}},"20":{"start":{"line":34,"column":1},"end":{"line":42,"column":4}},"21":{"start":{"line":36,"column":2},"end":{"line":36,"column":65}},"22":{"start":{"line":36,"column":14},"end":{"line":36,"column":65}},"23":{"start":{"line":37,"column":2},"end":{"line":37,"column":46}},"24":{"start":{"line":38,"column":2},"end":{"line":38,"column":62}},"25":{"start":{"line":41,"column":2},"end":{"line":41,"column":12}}},"fnMap":{"0":{"name":"(anonymous_0)","decl":{"start":{"line":6,"column":29},"end":{"line":6,"column":30}},"loc":{"start":{"line":6,"column":49},"end":{"line":14,"column":1}},"line":6},"1":{"name":"(anonymous_1)","decl":{"start":{"line":9,"column":7},"end":{"line":9,"column":8}},"loc":{"start":{"line":9,"column":20},"end":{"line":11,"column":2}},"line":9},"2":{"name":"(anonymous_2)","decl":{"start":{"line":11,"column":10},"end":{"line":11,"column":11}},"loc":{"start":{"line":11,"column":17},"end":{"line":13,"column":2}},"line":11},"3":{"name":"(anonymous_3)","decl":{"start":{"line":16,"column":27},"end":{"line":16,"column":28}},"loc":{"start":{"line":16,"column":47},"end":{"line":29,"column":1}},"line":16},"4":{"name":"(anonymous_4)","decl":{"start":{"line":20,"column":7},"end":{"line":20,"column":8}},"loc":{"start":{"line":20,"column":17},"end":{"line":24,"column":2}},"line":20},"5":{"name":"(anonymous_5)","decl":{"start":{"line":25,"column":8},"end":{"line":25,"column":9}},"loc":{"start":{"line":25,"column":15},"end":{"line":28,"column":2}},"line":25},"6":{"name":"(anonymous_6)","decl":{"start":{"line":31,"column":26},"end":{"line":31,"column":27}},"loc":{"start":{"line":31,"column":46},"end":{"line":43,"column":1}},"line":31},"7":{"name":"(anonymous_7)","decl":{"start":{"line":35,"column":7},"end":{"line":35,"column":8}},"loc":{"start":{"line":35,"column":16},"end":{"line":39,"column":2}},"line":35},"8":{"name":"(anonymous_8)","decl":{"start":{"line":40,"column":8},"end":{"line":40,"column":9}},"loc":{"start":{"line":40,"column":15},"end":{"line":42,"column":2}},"line":40}},"branchMap":{"0":{"loc":{"start":{"line":21,"column":2},"end":{"line":21,"column":67}},"type":"if","locations":[{"start":{"line":21,"column":2},"end":{"line":21,"column":67}},{"start":{"line":21,"column":2},"end":{"line":21,"column":67}}],"line":21},"1":{"loc":{"start":{"line":36,"column":2},"end":{"line":36,"column":65}},"type":"if","locations":[{"start":{"line":36,"column":2},"end":{"line":36,"column":65}},{"start":{"line":36,"column":2},"end":{"line":36,"column":65}}],"line":36}},"s":{"0":1,"1":1,"2":1,"3":1,"4":1,"5":0,"6":0,"7":0,"8":0,"9":1,"10":0,"11":0,"12":0,"13":0,"14":0,"15":0,"16":0,"17":0,"18":1,"19":0,"20":0,"21":0,"22":0,"23":0,"24":0,"25":0},"f":{"0":0,"1":0,"2":0,"3":0,"4":0,"5":0,"6":0,"7":0,"8":0},"b":{"0":[0,0],"1":[0,0]},"_coverageSchema":"332fd63041d2c1bcb487cc26dd0d5f7d97098a6c","hash":"27db37f73e66eeaf9cdd32dc59a9b6be2b14ff0a"}
,"/Users/christopherclemons/Projects/JukeBox/server/app/controllers/track.controller.js": {"path":"/Users/christopherclemons/Projects/JukeBox/server/app/controllers/track.controller.js","statementMap":{"0":{"start":{"line":1,"column":11},"end":{"line":1,"column":36}},"1":{"start":{"line":2,"column":15},"end":{"line":2,"column":33}},"2":{"start":{"line":3,"column":13},"end":{"line":3,"column":28}},"3":{"start":{"line":5,"column":14},"end":{"line":5,"column":46}},"4":{"start":{"line":6,"column":15},"end":{"line":6,"column":48}},"5":{"start":{"line":7,"column":14},"end":{"line":7,"column":46}},"6":{"start":{"line":8,"column":11},"end":{"line":8,"column":24}},"7":{"start":{"line":9,"column":14},"end":{"line":9,"column":32}},"8":{"start":{"line":10,"column":16},"end":{"line":10,"column":54}},"9":{"start":{"line":13,"column":0},"end":{"line":126,"column":2}},"10":{"start":{"line":14,"column":1},"end":{"line":14,"column":49}},"11":{"start":{"line":16,"column":16},"end":{"line":16,"column":33}},"12":{"start":{"line":17,"column":19},"end":{"line":17,"column":21}},"13":{"start":{"line":19,"column":1},"end":{"line":124,"column":4}},"14":{"start":{"line":21,"column":2},"end":{"line":21,"column":78}},"15":{"start":{"line":21,"column":26},"end":{"line":21,"column":78}},"16":{"start":{"line":22,"column":2},"end":{"line":123,"column":4}},"17":{"start":{"line":24,"column":3},"end":{"line":24,"column":52}},"18":{"start":{"line":28,"column":3},"end":{"line":118,"column":6}},"19":{"start":{"line":30,"column":4},"end":{"line":30,"column":30}},"20":{"start":{"line":30,"column":13},"end":{"line":30,"column":30}},"21":{"start":{"line":32,"column":4},"end":{"line":104,"column":5}},"22":{"start":{"line":33,"column":5},"end":{"line":33,"column":69}},"23":{"start":{"line":36,"column":5},"end":{"line":103,"column":8}},"24":{"start":{"line":41,"column":6},"end":{"line":41,"column":43}},"25":{"start":{"line":44,"column":23},"end":{"line":59,"column":8}},"26":{"start":{"line":60,"column":6},"end":{"line":98,"column":9}},"27":{"start":{"line":61,"column":7},"end":{"line":61,"column":33}},"28":{"start":{"line":61,"column":16},"end":{"line":61,"column":33}},"29":{"start":{"line":62,"column":7},"end":{"line":62,"column":79}},"30":{"start":{"line":67,"column":7},"end":{"line":76,"column":32}},"31":{"start":{"line":69,"column":8},"end":{"line":69,"column":100}},"32":{"start":{"line":69,"column":20},"end":{"line":69,"column":100}},"33":{"start":{"line":70,"column":8},"end":{"line":74,"column":33}},"34":{"start":{"line":72,"column":9},"end":{"line":72,"column":61}},"35":{"start":{"line":74,"column":22},"end":{"line":74,"column":31}},"36":{"start":{"line":76,"column":21},"end":{"line":76,"column":30}},"37":{"start":{"line":79,"column":7},"end":{"line":93,"column":10}},"38":{"start":{"line":80,"column":8},"end":{"line":80,"column":34}},"39":{"start":{"line":80,"column":17},"end":{"line":80,"column":34}},"40":{"start":{"line":81,"column":8},"end":{"line":81,"column":60}},"41":{"start":{"line":82,"column":8},"end":{"line":92,"column":9}},"42":{"start":{"line":83,"column":9},"end":{"line":83,"column":89}},"43":{"start":{"line":85,"column":9},"end":{"line":85,"column":84}},"44":{"start":{"line":86,"column":9},"end":{"line":91,"column":12}},"45":{"start":{"line":87,"column":10},"end":{"line":87,"column":36}},"46":{"start":{"line":87,"column":19},"end":{"line":87,"column":36}},"47":{"start":{"line":88,"column":10},"end":{"line":88,"column":74}},"48":{"start":{"line":89,"column":10},"end":{"line":89,"column":43}},"49":{"start":{"line":90,"column":10},"end":{"line":90,"column":23}},"50":{"start":{"line":97,"column":7},"end":{"line":97,"column":36}},"51":{"start":{"line":101,"column":6},"end":{"line":101,"column":25}},"52":{"start":{"line":102,"column":6},"end":{"line":102,"column":23}},"53":{"start":{"line":112,"column":4},"end":{"line":115,"column":7}},"54":{"start":{"line":113,"column":5},"end":{"line":113,"column":31}},"55":{"start":{"line":113,"column":14},"end":{"line":113,"column":31}},"56":{"start":{"line":114,"column":5},"end":{"line":114,"column":44}},"57":{"start":{"line":117,"column":4},"end":{"line":117,"column":50}},"58":{"start":{"line":121,"column":3},"end":{"line":121,"column":55}},"59":{"start":{"line":122,"column":3},"end":{"line":122,"column":20}},"60":{"start":{"line":125,"column":1},"end":{"line":125,"column":59}},"61":{"start":{"line":129,"column":0},"end":{"line":140,"column":2}},"62":{"start":{"line":130,"column":17},"end":{"line":130,"column":35}},"63":{"start":{"line":133,"column":1},"end":{"line":133,"column":22}},"64":{"start":{"line":134,"column":1},"end":{"line":139,"column":4}},"65":{"start":{"line":135,"column":2},"end":{"line":135,"column":28}},"66":{"start":{"line":135,"column":11},"end":{"line":135,"column":28}},"67":{"start":{"line":136,"column":2},"end":{"line":136,"column":64}},"68":{"start":{"line":138,"column":2},"end":{"line":138,"column":61}},"69":{"start":{"line":144,"column":0},"end":{"line":167,"column":2}},"70":{"start":{"line":145,"column":17},"end":{"line":145,"column":35}},"71":{"start":{"line":146,"column":1},"end":{"line":164,"column":4}},"72":{"start":{"line":147,"column":2},"end":{"line":147,"column":28}},"73":{"start":{"line":147,"column":11},"end":{"line":147,"column":28}},"74":{"start":{"line":149,"column":2},"end":{"line":152,"column":5}},"75":{"start":{"line":150,"column":3},"end":{"line":150,"column":29}},"76":{"start":{"line":150,"column":12},"end":{"line":150,"column":29}},"77":{"start":{"line":151,"column":3},"end":{"line":151,"column":69}},"78":{"start":{"line":155,"column":2},"end":{"line":160,"column":3}},"79":{"start":{"line":156,"column":3},"end":{"line":159,"column":6}},"80":{"start":{"line":157,"column":4},"end":{"line":157,"column":30}},"81":{"start":{"line":157,"column":13},"end":{"line":157,"column":30}},"82":{"start":{"line":158,"column":4},"end":{"line":158,"column":70}},"83":{"start":{"line":163,"column":2},"end":{"line":163,"column":61}}},"fnMap":{"0":{"name":"(anonymous_0)","decl":{"start":{"line":13,"column":28},"end":{"line":13,"column":29}},"loc":{"start":{"line":13,"column":48},"end":{"line":126,"column":1}},"line":13},"1":{"name":"(anonymous_1)","decl":{"start":{"line":19,"column":19},"end":{"line":19,"column":20}},"loc":{"start":{"line":19,"column":27},"end":{"line":124,"column":2}},"line":19},"2":{"name":"(anonymous_2)","decl":{"start":{"line":23,"column":8},"end":{"line":23,"column":9}},"loc":{"start":{"line":23,"column":20},"end":{"line":119,"column":3}},"line":23},"3":{"name":"(anonymous_3)","decl":{"start":{"line":29,"column":9},"end":{"line":29,"column":10}},"loc":{"start":{"line":29,"column":25},"end":{"line":118,"column":4}},"line":29},"4":{"name":"(anonymous_4)","decl":{"start":{"line":40,"column":11},"end":{"line":40,"column":12}},"loc":{"start":{"line":40,"column":21},"end":{"line":99,"column":6}},"line":40},"5":{"name":"(anonymous_5)","decl":{"start":{"line":60,"column":20},"end":{"line":60,"column":21}},"loc":{"start":{"line":60,"column":41},"end":{"line":98,"column":7}},"line":60},"6":{"name":"(anonymous_6)","decl":{"start":{"line":68,"column":13},"end":{"line":68,"column":14}},"loc":{"start":{"line":68,"column":23},"end":{"line":75,"column":8}},"line":68},"7":{"name":"(anonymous_7)","decl":{"start":{"line":71,"column":14},"end":{"line":71,"column":15}},"loc":{"start":{"line":71,"column":24},"end":{"line":73,"column":9}},"line":71},"8":{"name":"(anonymous_8)","decl":{"start":{"line":74,"column":15},"end":{"line":74,"column":16}},"loc":{"start":{"line":74,"column":22},"end":{"line":74,"column":31}},"line":74},"9":{"name":"(anonymous_9)","decl":{"start":{"line":76,"column":14},"end":{"line":76,"column":15}},"loc":{"start":{"line":76,"column":21},"end":{"line":76,"column":30}},"line":76},"10":{"name":"(anonymous_10)","decl":{"start":{"line":79,"column":75},"end":{"line":79,"column":76}},"loc":{"start":{"line":79,"column":91},"end":{"line":93,"column":8}},"line":79},"11":{"name":"(anonymous_11)","decl":{"start":{"line":86,"column":46},"end":{"line":86,"column":47}},"loc":{"start":{"line":86,"column":62},"end":{"line":91,"column":10}},"line":86},"12":{"name":"(anonymous_12)","decl":{"start":{"line":100,"column":12},"end":{"line":100,"column":13}},"loc":{"start":{"line":100,"column":19},"end":{"line":103,"column":6}},"line":100},"13":{"name":"(anonymous_13)","decl":{"start":{"line":112,"column":25},"end":{"line":112,"column":26}},"loc":{"start":{"line":112,"column":34},"end":{"line":115,"column":5}},"line":112},"14":{"name":"(anonymous_14)","decl":{"start":{"line":120,"column":9},"end":{"line":120,"column":10}},"loc":{"start":{"line":120,"column":16},"end":{"line":123,"column":3}},"line":120},"15":{"name":"(anonymous_15)","decl":{"start":{"line":129,"column":27},"end":{"line":129,"column":28}},"loc":{"start":{"line":129,"column":47},"end":{"line":140,"column":1}},"line":129},"16":{"name":"(anonymous_16)","decl":{"start":{"line":134,"column":58},"end":{"line":134,"column":59}},"loc":{"start":{"line":134,"column":81},"end":{"line":139,"column":2}},"line":134},"17":{"name":"(anonymous_17)","decl":{"start":{"line":144,"column":29},"end":{"line":144,"column":30}},"loc":{"start":{"line":144,"column":49},"end":{"line":167,"column":1}},"line":144},"18":{"name":"(anonymous_18)","decl":{"start":{"line":146,"column":34},"end":{"line":146,"column":35}},"loc":{"start":{"line":146,"column":57},"end":{"line":164,"column":2}},"line":146},"19":{"name":"(anonymous_19)","decl":{"start":{"line":149,"column":36},"end":{"line":149,"column":37}},"loc":{"start":{"line":149,"column":45},"end":{"line":152,"column":3}},"line":149},"20":{"name":"(anonymous_20)","decl":{"start":{"line":156,"column":37},"end":{"line":156,"column":38}},"loc":{"start":{"line":156,"column":46},"end":{"line":159,"column":4}},"line":156}},"branchMap":{"0":{"loc":{"start":{"line":21,"column":2},"end":{"line":21,"column":78}},"type":"if","locations":[{"start":{"line":21,"column":2},"end":{"line":21,"column":78}},{"start":{"line":21,"column":2},"end":{"line":21,"column":78}}],"line":21},"1":{"loc":{"start":{"line":30,"column":4},"end":{"line":30,"column":30}},"type":"if","locations":[{"start":{"line":30,"column":4},"end":{"line":30,"column":30}},{"start":{"line":30,"column":4},"end":{"line":30,"column":30}}],"line":30},"2":{"loc":{"start":{"line":32,"column":4},"end":{"line":104,"column":5}},"type":"if","locations":[{"start":{"line":32,"column":4},"end":{"line":104,"column":5}},{"start":{"line":32,"column":4},"end":{"line":104,"column":5}}],"line":32},"3":{"loc":{"start":{"line":61,"column":7},"end":{"line":61,"column":33}},"type":"if","locations":[{"start":{"line":61,"column":7},"end":{"line":61,"column":33}},{"start":{"line":61,"column":7},"end":{"line":61,"column":33}}],"line":61},"4":{"loc":{"start":{"line":69,"column":8},"end":{"line":69,"column":100}},"type":"if","locations":[{"start":{"line":69,"column":8},"end":{"line":69,"column":100}},{"start":{"line":69,"column":8},"end":{"line":69,"column":100}}],"line":69},"5":{"loc":{"start":{"line":80,"column":8},"end":{"line":80,"column":34}},"type":"if","locations":[{"start":{"line":80,"column":8},"end":{"line":80,"column":34}},{"start":{"line":80,"column":8},"end":{"line":80,"column":34}}],"line":80},"6":{"loc":{"start":{"line":82,"column":8},"end":{"line":92,"column":9}},"type":"if","locations":[{"start":{"line":82,"column":8},"end":{"line":92,"column":9}},{"start":{"line":82,"column":8},"end":{"line":92,"column":9}}],"line":82},"7":{"loc":{"start":{"line":87,"column":10},"end":{"line":87,"column":36}},"type":"if","locations":[{"start":{"line":87,"column":10},"end":{"line":87,"column":36}},{"start":{"line":87,"column":10},"end":{"line":87,"column":36}}],"line":87},"8":{"loc":{"start":{"line":113,"column":5},"end":{"line":113,"column":31}},"type":"if","locations":[{"start":{"line":113,"column":5},"end":{"line":113,"column":31}},{"start":{"line":113,"column":5},"end":{"line":113,"column":31}}],"line":113},"9":{"loc":{"start":{"line":135,"column":2},"end":{"line":135,"column":28}},"type":"if","locations":[{"start":{"line":135,"column":2},"end":{"line":135,"column":28}},{"start":{"line":135,"column":2},"end":{"line":135,"column":28}}],"line":135},"10":{"loc":{"start":{"line":147,"column":2},"end":{"line":147,"column":28}},"type":"if","locations":[{"start":{"line":147,"column":2},"end":{"line":147,"column":28}},{"start":{"line":147,"column":2},"end":{"line":147,"column":28}}],"line":147},"11":{"loc":{"start":{"line":150,"column":3},"end":{"line":150,"column":29}},"type":"if","locations":[{"start":{"line":150,"column":3},"end":{"line":150,"column":29}},{"start":{"line":150,"column":3},"end":{"line":150,"column":29}}],"line":150},"12":{"loc":{"start":{"line":155,"column":2},"end":{"line":160,"column":3}},"type":"if","locations":[{"start":{"line":155,"column":2},"end":{"line":160,"column":3}},{"start":{"line":155,"column":2},"end":{"line":160,"column":3}}],"line":155},"13":{"loc":{"start":{"line":155,"column":6},"end":{"line":155,"column":73}},"type":"binary-expr","locations":[{"start":{"line":155,"column":6},"end":{"line":155,"column":28}},{"start":{"line":155,"column":32},"end":{"line":155,"column":73}}],"line":155},"14":{"loc":{"start":{"line":157,"column":4},"end":{"line":157,"column":30}},"type":"if","locations":[{"start":{"line":157,"column":4},"end":{"line":157,"column":30}},{"start":{"line":157,"column":4},"end":{"line":157,"column":30}}],"line":157}},"s":{"0":1,"1":1,"2":1,"3":1,"4":1,"5":1,"6":1,"7":1,"8":1,"9":1,"10":0,"11":0,"12":0,"13":0,"14":0,"15":0,"16":0,"17":0,"18":0,"19":0,"20":0,"21":0,"22":0,"23":0,"24":0,"25":0,"26":0,"27":0,"28":0,"29":0,"30":0,"31":0,"32":0,"33":0,"34":0,"35":0,"36":0,"37":0,"38":0,"39":0,"40":0,"41":0,"42":0,"43":0,"44":0,"45":0,"46":0,"47":0,"48":0,"49":0,"50":0,"51":0,"52":0,"53":0,"54":0,"55":0,"56":0,"57":0,"58":0,"59":0,"60":0,"61":1,"62":0,"63":0,"64":0,"65":0,"66":0,"67":0,"68":0,"69":1,"70":0,"71":0,"72":0,"73":0,"74":0,"75":0,"76":0,"77":0,"78":0,"79":0,"80":0,"81":0,"82":0,"83":0},"f":{"0":0,"1":0,"2":0,"3":0,"4":0,"5":0,"6":0,"7":0,"8":0,"9":0,"10":0,"11":0,"12":0,"13":0,"14":0,"15":0,"16":0,"17":0,"18":0,"19":0,"20":0},"b":{"0":[0,0],"1":[0,0],"2":[0,0],"3":[0,0],"4":[0,0],"5":[0,0],"6":[0,0],"7":[0,0],"8":[0,0],"9":[0,0],"10":[0,0],"11":[0,0],"12":[0,0],"13":[0,0],"14":[0,0]},"_coverageSchema":"332fd63041d2c1bcb487cc26dd0d5f7d97098a6c","hash":"1b8ec4ebff9d452fb0f57c0b387d80d754bbe45c"}
,"/Users/christopherclemons/Projects/JukeBox/server/app/controllers/utils.js": {"path":"/Users/christopherclemons/Projects/JukeBox/server/app/controllers/utils.js","statementMap":{"0":{"start":{"line":1,"column":11},"end":{"line":1,"column":24}},"1":{"start":{"line":2,"column":15},"end":{"line":2,"column":33}},"2":{"start":{"line":6,"column":18},"end":{"line":20,"column":2}},"3":{"start":{"line":6,"column":29},"end":{"line":20,"column":2}},"4":{"start":{"line":7,"column":1},"end":{"line":9,"column":2}},"5":{"start":{"line":8,"column":2},"end":{"line":8,"column":50}},"6":{"start":{"line":11,"column":17},"end":{"line":11,"column":73}},"7":{"start":{"line":13,"column":1},"end":{"line":19,"column":4}},"8":{"start":{"line":14,"column":2},"end":{"line":17,"column":3}},"9":{"start":{"line":15,"column":3},"end":{"line":15,"column":42}},"10":{"start":{"line":16,"column":3},"end":{"line":16,"column":15}},"11":{"start":{"line":18,"column":2},"end":{"line":18,"column":52}},"12":{"start":{"line":22,"column":25},"end":{"line":27,"column":2}},"13":{"start":{"line":22,"column":49},"end":{"line":27,"column":2}},"14":{"start":{"line":23,"column":1},"end":{"line":26,"column":4}},"15":{"start":{"line":24,"column":2},"end":{"line":24,"column":23}},"16":{"start":{"line":24,"column":11},"end":{"line":24,"column":23}},"17":{"start":{"line":25,"column":2},"end":{"line":25,"column":18}},"18":{"start":{"line":30,"column":0},"end":{"line":36,"column":3}},"19":{"start":{"line":30,"column":63},"end":{"line":36,"column":2}},"20":{"start":{"line":31,"column":1},"end":{"line":35,"column":28}},"21":{"start":{"line":33,"column":2},"end":{"line":33,"column":17}},"22":{"start":{"line":35,"column":15},"end":{"line":35,"column":26}},"23":{"start":{"line":39,"column":0},"end":{"line":59,"column":2}},"24":{"start":{"line":40,"column":1},"end":{"line":40,"column":72}},"25":{"start":{"line":41,"column":1},"end":{"line":58,"column":4}},"26":{"start":{"line":45,"column":2},"end":{"line":52,"column":3}},"27":{"start":{"line":46,"column":3},"end":{"line":46,"column":73}},"28":{"start":{"line":47,"column":3},"end":{"line":51,"column":11}},"29":{"start":{"line":53,"column":2},"end":{"line":53,"column":42}},"30":{"start":{"line":54,"column":2},"end":{"line":54,"column":16}},"31":{"start":{"line":57,"column":2},"end":{"line":57,"column":28}},"32":{"start":{"line":62,"column":0},"end":{"line":117,"column":3}},"33":{"start":{"line":62,"column":57},"end":{"line":117,"column":2}},"34":{"start":{"line":63,"column":1},"end":{"line":63,"column":71}},"35":{"start":{"line":64,"column":1},"end":{"line":116,"column":4}},"36":{"start":{"line":67,"column":2},"end":{"line":112,"column":3}},"37":{"start":{"line":68,"column":3},"end":{"line":68,"column":72}},"38":{"start":{"line":71,"column":3},"end":{"line":89,"column":6}},"39":{"start":{"line":73,"column":4},"end":{"line":73,"column":54}},"40":{"start":{"line":74,"column":21},"end":{"line":79,"column":6}},"41":{"start":{"line":81,"column":4},"end":{"line":85,"column":7}},"42":{"start":{"line":82,"column":5},"end":{"line":82,"column":75}},"43":{"start":{"line":82,"column":14},"end":{"line":82,"column":75}},"44":{"start":{"line":83,"column":5},"end":{"line":83,"column":67}},"45":{"start":{"line":84,"column":5},"end":{"line":84,"column":25}},"46":{"start":{"line":88,"column":4},"end":{"line":88,"column":54}},"47":{"start":{"line":91,"column":3},"end":{"line":91,"column":70}},"48":{"start":{"line":96,"column":3},"end":{"line":110,"column":4}},"49":{"start":{"line":97,"column":4},"end":{"line":97,"column":48}},"50":{"start":{"line":98,"column":4},"end":{"line":109,"column":7}},"51":{"start":{"line":100,"column":5},"end":{"line":100,"column":34}},"52":{"start":{"line":101,"column":5},"end":{"line":105,"column":8}},"53":{"start":{"line":102,"column":6},"end":{"line":102,"column":76}},"54":{"start":{"line":102,"column":15},"end":{"line":102,"column":76}},"55":{"start":{"line":103,"column":6},"end":{"line":103,"column":60}},"56":{"start":{"line":104,"column":6},"end":{"line":104,"column":26}},"57":{"start":{"line":108,"column":5},"end":{"line":108,"column":55}},"58":{"start":{"line":111,"column":3},"end":{"line":111,"column":18}},"59":{"start":{"line":115,"column":2},"end":{"line":115,"column":14}},"60":{"start":{"line":119,"column":0},"end":{"line":129,"column":3}},"61":{"start":{"line":119,"column":47},"end":{"line":129,"column":2}},"62":{"start":{"line":120,"column":1},"end":{"line":128,"column":4}},"63":{"start":{"line":126,"column":2},"end":{"line":126,"column":23}},"64":{"start":{"line":126,"column":11},"end":{"line":126,"column":23}},"65":{"start":{"line":127,"column":2},"end":{"line":127,"column":18}},"66":{"start":{"line":131,"column":0},"end":{"line":140,"column":3}},"67":{"start":{"line":131,"column":49},"end":{"line":140,"column":2}},"68":{"start":{"line":132,"column":1},"end":{"line":139,"column":4}},"69":{"start":{"line":135,"column":2},"end":{"line":135,"column":19}},"70":{"start":{"line":138,"column":2},"end":{"line":138,"column":14}},"71":{"start":{"line":142,"column":0},"end":{"line":151,"column":3}},"72":{"start":{"line":142,"column":48},"end":{"line":151,"column":2}},"73":{"start":{"line":143,"column":1},"end":{"line":150,"column":4}},"74":{"start":{"line":146,"column":2},"end":{"line":146,"column":18}},"75":{"start":{"line":149,"column":2},"end":{"line":149,"column":14}}},"fnMap":{"0":{"name":"(anonymous_0)","decl":{"start":{"line":6,"column":18},"end":{"line":6,"column":19}},"loc":{"start":{"line":6,"column":29},"end":{"line":20,"column":2}},"line":6},"1":{"name":"(anonymous_1)","decl":{"start":{"line":6,"column":41},"end":{"line":6,"column":42}},"loc":{"start":{"line":6,"column":62},"end":{"line":20,"column":1}},"line":6},"2":{"name":"(anonymous_2)","decl":{"start":{"line":13,"column":38},"end":{"line":13,"column":39}},"loc":{"start":{"line":13,"column":47},"end":{"line":19,"column":2}},"line":13},"3":{"name":"(anonymous_3)","decl":{"start":{"line":22,"column":25},"end":{"line":22,"column":26}},"loc":{"start":{"line":22,"column":49},"end":{"line":27,"column":2}},"line":22},"4":{"name":"(anonymous_4)","decl":{"start":{"line":22,"column":61},"end":{"line":22,"column":62}},"loc":{"start":{"line":22,"column":82},"end":{"line":27,"column":1}},"line":22},"5":{"name":"(anonymous_5)","decl":{"start":{"line":23,"column":38},"end":{"line":23,"column":39}},"loc":{"start":{"line":23,"column":55},"end":{"line":26,"column":2}},"line":23},"6":{"name":"(anonymous_6)","decl":{"start":{"line":30,"column":28},"end":{"line":30,"column":29}},"loc":{"start":{"line":30,"column":63},"end":{"line":36,"column":2}},"line":30},"7":{"name":"(anonymous_7)","decl":{"start":{"line":30,"column":75},"end":{"line":30,"column":76}},"loc":{"start":{"line":30,"column":96},"end":{"line":36,"column":1}},"line":30},"8":{"name":"(anonymous_8)","decl":{"start":{"line":32,"column":7},"end":{"line":32,"column":8}},"loc":{"start":{"line":32,"column":16},"end":{"line":34,"column":2}},"line":32},"9":{"name":"(anonymous_9)","decl":{"start":{"line":35,"column":8},"end":{"line":35,"column":9}},"loc":{"start":{"line":35,"column":15},"end":{"line":35,"column":26}},"line":35},"10":{"name":"(anonymous_10)","decl":{"start":{"line":39,"column":29},"end":{"line":39,"column":30}},"loc":{"start":{"line":39,"column":59},"end":{"line":59,"column":1}},"line":39},"11":{"name":"(anonymous_11)","decl":{"start":{"line":42,"column":7},"end":{"line":42,"column":8}},"loc":{"start":{"line":42,"column":17},"end":{"line":55,"column":2}},"line":42},"12":{"name":"(anonymous_12)","decl":{"start":{"line":56,"column":8},"end":{"line":56,"column":9}},"loc":{"start":{"line":56,"column":14},"end":{"line":58,"column":2}},"line":56},"13":{"name":"(anonymous_13)","decl":{"start":{"line":62,"column":28},"end":{"line":62,"column":29}},"loc":{"start":{"line":62,"column":57},"end":{"line":117,"column":2}},"line":62},"14":{"name":"(anonymous_14)","decl":{"start":{"line":62,"column":69},"end":{"line":62,"column":70}},"loc":{"start":{"line":62,"column":90},"end":{"line":117,"column":1}},"line":62},"15":{"name":"(anonymous_15)","decl":{"start":{"line":65,"column":7},"end":{"line":65,"column":8}},"loc":{"start":{"line":65,"column":16},"end":{"line":113,"column":2}},"line":65},"16":{"name":"(anonymous_16)","decl":{"start":{"line":72,"column":9},"end":{"line":72,"column":10}},"loc":{"start":{"line":72,"column":18},"end":{"line":86,"column":4}},"line":72},"17":{"name":"(anonymous_17)","decl":{"start":{"line":81,"column":18},"end":{"line":81,"column":19}},"loc":{"start":{"line":81,"column":39},"end":{"line":85,"column":5}},"line":81},"18":{"name":"(anonymous_18)","decl":{"start":{"line":87,"column":10},"end":{"line":87,"column":11}},"loc":{"start":{"line":87,"column":17},"end":{"line":89,"column":4}},"line":87},"19":{"name":"(anonymous_19)","decl":{"start":{"line":99,"column":10},"end":{"line":99,"column":11}},"loc":{"start":{"line":99,"column":19},"end":{"line":106,"column":5}},"line":99},"20":{"name":"(anonymous_20)","decl":{"start":{"line":101,"column":16},"end":{"line":101,"column":17}},"loc":{"start":{"line":101,"column":37},"end":{"line":105,"column":6}},"line":101},"21":{"name":"(anonymous_21)","decl":{"start":{"line":107,"column":11},"end":{"line":107,"column":12}},"loc":{"start":{"line":107,"column":18},"end":{"line":109,"column":5}},"line":107},"22":{"name":"(anonymous_22)","decl":{"start":{"line":114,"column":8},"end":{"line":114,"column":9}},"loc":{"start":{"line":114,"column":15},"end":{"line":116,"column":2}},"line":114},"23":{"name":"(anonymous_23)","decl":{"start":{"line":119,"column":28},"end":{"line":119,"column":29}},"loc":{"start":{"line":119,"column":47},"end":{"line":129,"column":2}},"line":119},"24":{"name":"(anonymous_24)","decl":{"start":{"line":119,"column":59},"end":{"line":119,"column":60}},"loc":{"start":{"line":119,"column":80},"end":{"line":129,"column":1}},"line":119},"25":{"name":"(anonymous_25)","decl":{"start":{"line":125,"column":7},"end":{"line":125,"column":8}},"loc":{"start":{"line":125,"column":24},"end":{"line":128,"column":2}},"line":125},"26":{"name":"(anonymous_26)","decl":{"start":{"line":131,"column":29},"end":{"line":131,"column":30}},"loc":{"start":{"line":131,"column":49},"end":{"line":140,"column":2}},"line":131},"27":{"name":"(anonymous_27)","decl":{"start":{"line":131,"column":61},"end":{"line":131,"column":62}},"loc":{"start":{"line":131,"column":82},"end":{"line":140,"column":1}},"line":131},"28":{"name":"(anonymous_28)","decl":{"start":{"line":134,"column":7},"end":{"line":134,"column":8}},"loc":{"start":{"line":134,"column":20},"end":{"line":136,"column":2}},"line":134},"29":{"name":"(anonymous_29)","decl":{"start":{"line":137,"column":8},"end":{"line":137,"column":9}},"loc":{"start":{"line":137,"column":15},"end":{"line":139,"column":2}},"line":137},"30":{"name":"(anonymous_30)","decl":{"start":{"line":142,"column":28},"end":{"line":142,"column":29}},"loc":{"start":{"line":142,"column":48},"end":{"line":151,"column":2}},"line":142},"31":{"name":"(anonymous_31)","decl":{"start":{"line":142,"column":60},"end":{"line":142,"column":61}},"loc":{"start":{"line":142,"column":81},"end":{"line":151,"column":1}},"line":142},"32":{"name":"(anonymous_32)","decl":{"start":{"line":145,"column":7},"end":{"line":145,"column":8}},"loc":{"start":{"line":145,"column":19},"end":{"line":147,"column":2}},"line":145},"33":{"name":"(anonymous_33)","decl":{"start":{"line":148,"column":8},"end":{"line":148,"column":9}},"loc":{"start":{"line":148,"column":15},"end":{"line":150,"column":2}},"line":148}},"branchMap":{"0":{"loc":{"start":{"line":7,"column":1},"end":{"line":9,"column":2}},"type":"if","locations":[{"start":{"line":7,"column":1},"end":{"line":9,"column":2}},{"start":{"line":7,"column":1},"end":{"line":9,"column":2}}],"line":7},"1":{"loc":{"start":{"line":14,"column":2},"end":{"line":17,"column":3}},"type":"if","locations":[{"start":{"line":14,"column":2},"end":{"line":17,"column":3}},{"start":{"line":14,"column":2},"end":{"line":17,"column":3}}],"line":14},"2":{"loc":{"start":{"line":24,"column":2},"end":{"line":24,"column":23}},"type":"if","locations":[{"start":{"line":24,"column":2},"end":{"line":24,"column":23}},{"start":{"line":24,"column":2},"end":{"line":24,"column":23}}],"line":24},"3":{"loc":{"start":{"line":45,"column":2},"end":{"line":52,"column":3}},"type":"if","locations":[{"start":{"line":45,"column":2},"end":{"line":52,"column":3}},{"start":{"line":45,"column":2},"end":{"line":52,"column":3}}],"line":45},"4":{"loc":{"start":{"line":67,"column":2},"end":{"line":112,"column":3}},"type":"if","locations":[{"start":{"line":67,"column":2},"end":{"line":112,"column":3}},{"start":{"line":67,"column":2},"end":{"line":112,"column":3}}],"line":67},"5":{"loc":{"start":{"line":82,"column":5},"end":{"line":82,"column":75}},"type":"if","locations":[{"start":{"line":82,"column":5},"end":{"line":82,"column":75}},{"start":{"line":82,"column":5},"end":{"line":82,"column":75}}],"line":82},"6":{"loc":{"start":{"line":96,"column":3},"end":{"line":110,"column":4}},"type":"if","locations":[{"start":{"line":96,"column":3},"end":{"line":110,"column":4}},{"start":{"line":96,"column":3},"end":{"line":110,"column":4}}],"line":96},"7":{"loc":{"start":{"line":96,"column":7},"end":{"line":96,"column":103}},"type":"binary-expr","locations":[{"start":{"line":96,"column":7},"end":{"line":96,"column":30}},{"start":{"line":96,"column":35},"end":{"line":96,"column":59}},{"start":{"line":96,"column":63},"end":{"line":96,"column":102}}],"line":96},"8":{"loc":{"start":{"line":102,"column":6},"end":{"line":102,"column":76}},"type":"if","locations":[{"start":{"line":102,"column":6},"end":{"line":102,"column":76}},{"start":{"line":102,"column":6},"end":{"line":102,"column":76}}],"line":102},"9":{"loc":{"start":{"line":126,"column":2},"end":{"line":126,"column":23}},"type":"if","locations":[{"start":{"line":126,"column":2},"end":{"line":126,"column":23}},{"start":{"line":126,"column":2},"end":{"line":126,"column":23}}],"line":126}},"s":{"0":1,"1":1,"2":1,"3":0,"4":0,"5":0,"6":0,"7":0,"8":0,"9":0,"10":0,"11":0,"12":1,"13":0,"14":0,"15":0,"16":0,"17":0,"18":1,"19":0,"20":0,"21":0,"22":0,"23":1,"24":0,"25":0,"26":0,"27":0,"28":0,"29":0,"30":0,"31":0,"32":1,"33":0,"34":0,"35":0,"36":0,"37":0,"38":0,"39":0,"40":0,"41":0,"42":0,"43":0,"44":0,"45":0,"46":0,"47":0,"48":0,"49":0,"50":0,"51":0,"52":0,"53":0,"54":0,"55":0,"56":0,"57":0,"58":0,"59":0,"60":1,"61":0,"62":0,"63":0,"64":0,"65":0,"66":1,"67":0,"68":0,"69":0,"70":0,"71":1,"72":0,"73":0,"74":0,"75":0},"f":{"0":0,"1":0,"2":0,"3":0,"4":0,"5":0,"6":0,"7":0,"8":0,"9":0,"10":0,"11":0,"12":0,"13":0,"14":0,"15":0,"16":0,"17":0,"18":0,"19":0,"20":0,"21":0,"22":0,"23":0,"24":0,"25":0,"26":0,"27":0,"28":0,"29":0,"30":0,"31":0,"32":0,"33":0},"b":{"0":[0,0],"1":[0,0],"2":[0,0],"3":[0,0],"4":[0,0],"5":[0,0],"6":[0,0],"7":[0,0,0],"8":[0,0],"9":[0,0]},"_coverageSchema":"332fd63041d2c1bcb487cc26dd0d5f7d97098a6c","hash":"fb5b4d0ac635d14acca4ada12c983b99143f55cd"}
,"/Users/christopherclemons/Projects/JukeBox/server/app/models/album.model.js": {"path":"/Users/christopherclemons/Projects/JukeBox/server/app/models/album.model.js","statementMap":{"0":{"start":{"line":2,"column":17},"end":{"line":2,"column":36}},"1":{"start":{"line":3,"column":15},"end":{"line":3,"column":30}},"2":{"start":{"line":6,"column":16},"end":{"line":9,"column":1}},"3":{"start":{"line":11,"column":20},"end":{"line":20,"column":2}},"4":{"start":{"line":22,"column":0},"end":{"line":25,"column":2}}},"fnMap":{},"branchMap":{},"s":{"0":3,"1":3,"2":3,"3":3,"4":3},"f":{},"b":{},"_coverageSchema":"332fd63041d2c1bcb487cc26dd0d5f7d97098a6c","hash":"6597ed8d24f57aae0df3a2c4f091edd33c007620"}
,"/Users/christopherclemons/Projects/JukeBox/server/app/models/artist.model.js": {"path":"/Users/christopherclemons/Projects/JukeBox/server/app/models/artist.model.js","statementMap":{"0":{"start":{"line":2,"column":17},"end":{"line":2,"column":36}},"1":{"start":{"line":3,"column":15},"end":{"line":3,"column":30}},"2":{"start":{"line":6,"column":16},"end":{"line":9,"column":1}},"3":{"start":{"line":11,"column":21},"end":{"line":16,"column":2}},"4":{"start":{"line":18,"column":0},"end":{"line":20,"column":2}},"5":{"start":{"line":19,"column":1},"end":{"line":19,"column":49}},"6":{"start":{"line":23,"column":0},"end":{"line":30,"column":2}},"7":{"start":{"line":24,"column":1},"end":{"line":24,"column":27}},"8":{"start":{"line":25,"column":1},"end":{"line":29,"column":4}},"9":{"start":{"line":26,"column":2},"end":{"line":26,"column":73}},"10":{"start":{"line":28,"column":2},"end":{"line":28,"column":71}},"11":{"start":{"line":32,"column":0},"end":{"line":35,"column":2}}},"fnMap":{"0":{"name":"(anonymous_0)","decl":{"start":{"line":18,"column":42},"end":{"line":18,"column":43}},"loc":{"start":{"line":18,"column":60},"end":{"line":20,"column":1}},"line":18},"1":{"name":"(anonymous_1)","decl":{"start":{"line":23,"column":46},"end":{"line":23,"column":47}},"loc":{"start":{"line":23,"column":64},"end":{"line":30,"column":1}},"line":23},"2":{"name":"(anonymous_2)","decl":{"start":{"line":25,"column":18},"end":{"line":25,"column":19}},"loc":{"start":{"line":25,"column":28},"end":{"line":27,"column":2}},"line":25},"3":{"name":"(anonymous_3)","decl":{"start":{"line":27,"column":10},"end":{"line":27,"column":11}},"loc":{"start":{"line":27,"column":17},"end":{"line":29,"column":2}},"line":27}},"branchMap":{},"s":{"0":3,"1":3,"2":3,"3":3,"4":3,"5":0,"6":3,"7":0,"8":0,"9":0,"10":0,"11":3},"f":{"0":0,"1":0,"2":0,"3":0},"b":{},"_coverageSchema":"332fd63041d2c1bcb487cc26dd0d5f7d97098a6c","hash":"1ad84a87b6af5fec6c7335104340e7d10b9c8a4f"}
,"/Users/christopherclemons/Projects/JukeBox/server/app/models/track.model.js": {"path":"/Users/christopherclemons/Projects/JukeBox/server/app/models/track.model.js","statementMap":{"0":{"start":{"line":1,"column":17},"end":{"line":1,"column":36}},"1":{"start":{"line":2,"column":15},"end":{"line":2,"column":30}},"2":{"start":{"line":3,"column":15},"end":{"line":3,"column":40}},"3":{"start":{"line":4,"column":14},"end":{"line":4,"column":38}},"4":{"start":{"line":6,"column":20},"end":{"line":27,"column":2}},"5":{"start":{"line":29,"column":0},"end":{"line":35,"column":2}},"6":{"start":{"line":30,"column":1},"end":{"line":34,"column":4}},"7":{"start":{"line":32,"column":2},"end":{"line":32,"column":33}},"8":{"start":{"line":32,"column":11},"end":{"line":32,"column":33}},"9":{"start":{"line":33,"column":2},"end":{"line":33,"column":15}},"10":{"start":{"line":37,"column":0},"end":{"line":40,"column":2}}},"fnMap":{"0":{"name":"(anonymous_0)","decl":{"start":{"line":29,"column":34},"end":{"line":29,"column":35}},"loc":{"start":{"line":29,"column":50},"end":{"line":35,"column":1}},"line":29},"1":{"name":"(anonymous_1)","decl":{"start":{"line":31,"column":7},"end":{"line":31,"column":8}},"loc":{"start":{"line":31,"column":23},"end":{"line":34,"column":2}},"line":31}},"branchMap":{"0":{"loc":{"start":{"line":32,"column":2},"end":{"line":32,"column":33}},"type":"if","locations":[{"start":{"line":32,"column":2},"end":{"line":32,"column":33}},{"start":{"line":32,"column":2},"end":{"line":32,"column":33}}],"line":32}},"s":{"0":2,"1":2,"2":2,"3":2,"4":2,"5":2,"6":0,"7":0,"8":0,"9":0,"10":2},"f":{"0":0,"1":0},"b":{"0":[0,0]},"_coverageSchema":"332fd63041d2c1bcb487cc26dd0d5f7d97098a6c","hash":"25fccf8c300efda2d8195734d1199bf0fe54e9c6"}
,"/Users/christopherclemons/Projects/JukeBox/server/app/models/user.model.js": {"path":"/Users/christopherclemons/Projects/JukeBox/server/app/models/user.model.js","statementMap":{"0":{"start":{"line":1,"column":17},"end":{"line":1,"column":36}},"1":{"start":{"line":2,"column":15},"end":{"line":2,"column":30}},"2":{"start":{"line":3,"column":15},"end":{"line":3,"column":39}},"3":{"start":{"line":4,"column":19},"end":{"line":4,"column":66}},"4":{"start":{"line":6,"column":16},"end":{"line":8,"column":1}},"5":{"start":{"line":11,"column":19},"end":{"line":25,"column":2}},"6":{"start":{"line":19,"column":14},"end":{"line":19,"column":36}},"7":{"start":{"line":28,"column":0},"end":{"line":43,"column":3}},"8":{"start":{"line":29,"column":12},"end":{"line":29,"column":16}},"9":{"start":{"line":30,"column":1},"end":{"line":30,"column":17}},"10":{"start":{"line":32,"column":1},"end":{"line":32,"column":48}},"11":{"start":{"line":32,"column":34},"end":{"line":32,"column":48}},"12":{"start":{"line":34,"column":1},"end":{"line":42,"column":4}},"13":{"start":{"line":35,"column":2},"end":{"line":35,"column":28}},"14":{"start":{"line":35,"column":11},"end":{"line":35,"column":28}},"15":{"start":{"line":37,"column":2},"end":{"line":41,"column":5}},"16":{"start":{"line":38,"column":3},"end":{"line":38,"column":29}},"17":{"start":{"line":38,"column":12},"end":{"line":38,"column":29}},"18":{"start":{"line":39,"column":3},"end":{"line":39,"column":24}},"19":{"start":{"line":40,"column":3},"end":{"line":40,"column":10}},"20":{"start":{"line":45,"column":0},"end":{"line":53,"column":2}},"21":{"start":{"line":46,"column":1},"end":{"line":52,"column":4}},"22":{"start":{"line":47,"column":2},"end":{"line":50,"column":3}},"23":{"start":{"line":48,"column":3},"end":{"line":48,"column":47}},"24":{"start":{"line":49,"column":3},"end":{"line":49,"column":18}},"25":{"start":{"line":51,"column":2},"end":{"line":51,"column":20}},"26":{"start":{"line":55,"column":0},"end":{"line":58,"column":2}}},"fnMap":{"0":{"name":"(anonymous_0)","decl":{"start":{"line":19,"column":3},"end":{"line":19,"column":4}},"loc":{"start":{"line":19,"column":14},"end":{"line":19,"column":36}},"line":19},"1":{"name":"(anonymous_1)","decl":{"start":{"line":28,"column":23},"end":{"line":28,"column":24}},"loc":{"start":{"line":28,"column":38},"end":{"line":43,"column":1}},"line":28},"2":{"name":"(anonymous_2)","decl":{"start":{"line":34,"column":29},"end":{"line":34,"column":30}},"loc":{"start":{"line":34,"column":44},"end":{"line":42,"column":2}},"line":34},"3":{"name":"(anonymous_3)","decl":{"start":{"line":37,"column":41},"end":{"line":37,"column":42}},"loc":{"start":{"line":37,"column":56},"end":{"line":41,"column":3}},"line":37},"4":{"name":"(anonymous_4)","decl":{"start":{"line":45,"column":37},"end":{"line":45,"column":38}},"loc":{"start":{"line":45,"column":69},"end":{"line":53,"column":1}},"line":45},"5":{"name":"(anonymous_5)","decl":{"start":{"line":46,"column":50},"end":{"line":46,"column":51}},"loc":{"start":{"line":46,"column":68},"end":{"line":52,"column":2}},"line":46}},"branchMap":{"0":{"loc":{"start":{"line":32,"column":1},"end":{"line":32,"column":48}},"type":"if","locations":[{"start":{"line":32,"column":1},"end":{"line":32,"column":48}},{"start":{"line":32,"column":1},"end":{"line":32,"column":48}}],"line":32},"1":{"loc":{"start":{"line":35,"column":2},"end":{"line":35,"column":28}},"type":"if","locations":[{"start":{"line":35,"column":2},"end":{"line":35,"column":28}},{"start":{"line":35,"column":2},"end":{"line":35,"column":28}}],"line":35},"2":{"loc":{"start":{"line":38,"column":3},"end":{"line":38,"column":29}},"type":"if","locations":[{"start":{"line":38,"column":3},"end":{"line":38,"column":29}},{"start":{"line":38,"column":3},"end":{"line":38,"column":29}}],"line":38},"3":{"loc":{"start":{"line":47,"column":2},"end":{"line":50,"column":3}},"type":"if","locations":[{"start":{"line":47,"column":2},"end":{"line":50,"column":3}},{"start":{"line":47,"column":2},"end":{"line":50,"column":3}}],"line":47}},"s":{"0":2,"1":2,"2":2,"3":2,"4":2,"5":2,"6":0,"7":2,"8":0,"9":0,"10":0,"11":0,"12":0,"13":0,"14":0,"15":0,"16":0,"17":0,"18":0,"19":0,"20":2,"21":0,"22":0,"23":0,"24":0,"25":0,"26":2},"f":{"0":0,"1":0,"2":0,"3":0,"4":0,"5":0},"b":{"0":[0,0],"1":[0,0],"2":[0,0],"3":[0,0]},"_coverageSchema":"332fd63041d2c1bcb487cc26dd0d5f7d97098a6c","hash":"22b7cf9e141182b47a6d14420f87ef3a9e932886"}
,"/Users/christopherclemons/Projects/JukeBox/server/app/routes/auth.routes.js": {"path":"/Users/christopherclemons/Projects/JukeBox/server/app/routes/auth.routes.js","statementMap":{"0":{"start":{"line":1,"column":15},"end":{"line":1,"column":42}},"1":{"start":{"line":2,"column":24},"end":{"line":2,"column":63}},"2":{"start":{"line":3,"column":17},"end":{"line":3,"column":36}},"3":{"start":{"line":4,"column":23},"end":{"line":4,"column":64}},"4":{"start":{"line":6,"column":21},"end":{"line":6,"column":71}},"5":{"start":{"line":7,"column":20},"end":{"line":7,"column":68}},"6":{"start":{"line":20,"column":0},"end":{"line":20,"column":57}},"7":{"start":{"line":21,"column":0},"end":{"line":21,"column":58}},"8":{"start":{"line":22,"column":0},"end":{"line":22,"column":61}},"9":{"start":{"line":26,"column":0},"end":{"line":26,"column":24}}},"fnMap":{},"branchMap":{},"s":{"0":1,"1":1,"2":1,"3":1,"4":1,"5":1,"6":1,"7":1,"8":1,"9":1},"f":{},"b":{},"_coverageSchema":"332fd63041d2c1bcb487cc26dd0d5f7d97098a6c","hash":"5c52ed85fd19f698be8d1c5f8065da21361025d6"}
,"/Users/christopherclemons/Projects/JukeBox/server/app/routes/library.routes.js": {"path":"/Users/christopherclemons/Projects/JukeBox/server/app/routes/library.routes.js","statementMap":{"0":{"start":{"line":1,"column":15},"end":{"line":1,"column":42}},"1":{"start":{"line":2,"column":17},"end":{"line":2,"column":36}},"2":{"start":{"line":3,"column":26},"end":{"line":3,"column":70}},"3":{"start":{"line":4,"column":15},"end":{"line":4,"column":53}},"4":{"start":{"line":6,"column":20},"end":{"line":6,"column":68}},"5":{"start":{"line":8,"column":0},"end":{"line":8,"column":60}},"6":{"start":{"line":9,"column":0},"end":{"line":9,"column":75}},"7":{"start":{"line":10,"column":0},"end":{"line":10,"column":72}},"8":{"start":{"line":12,"column":0},"end":{"line":12,"column":24}}},"fnMap":{},"branchMap":{},"s":{"0":1,"1":1,"2":1,"3":1,"4":1,"5":1,"6":1,"7":1,"8":1},"f":{},"b":{},"_coverageSchema":"332fd63041d2c1bcb487cc26dd0d5f7d97098a6c","hash":"71a70c8b86d60d3f373be80aafb082731cab3395"}
,"/Users/christopherclemons/Projects/JukeBox/server/app/routes/track.routes.js": {"path":"/Users/christopherclemons/Projects/JukeBox/server/app/routes/track.routes.js","statementMap":{"0":{"start":{"line":1,"column":15},"end":{"line":1,"column":42}},"1":{"start":{"line":2,"column":17},"end":{"line":2,"column":36}},"2":{"start":{"line":3,"column":24},"end":{"line":3,"column":66}},"3":{"start":{"line":4,"column":15},"end":{"line":4,"column":53}},"4":{"start":{"line":6,"column":20},"end":{"line":6,"column":68}},"5":{"start":{"line":8,"column":0},"end":{"line":8,"column":86}},"6":{"start":{"line":9,"column":0},"end":{"line":9,"column":64}},"7":{"start":{"line":10,"column":0},"end":{"line":10,"column":69}},"8":{"start":{"line":12,"column":0},"end":{"line":12,"column":24}}},"fnMap":{},"branchMap":{},"s":{"0":1,"1":1,"2":1,"3":1,"4":1,"5":1,"6":1,"7":1,"8":1},"f":{},"b":{},"_coverageSchema":"332fd63041d2c1bcb487cc26dd0d5f7d97098a6c","hash":"24206083296d7272a67e12e54bb86dcffe0bdeec"}
,"/Users/christopherclemons/Projects/JukeBox/server/config/passport_config.js": {"path":"/Users/christopherclemons/Projects/JukeBox/server/config/passport_config.js","statementMap":{"0":{"start":{"line":1,"column":17},"end":{"line":1,"column":36}},"1":{"start":{"line":2,"column":22},"end":{"line":2,"column":47}},"2":{"start":{"line":3,"column":20},"end":{"line":3,"column":52}},"3":{"start":{"line":4,"column":19},"end":{"line":4,"column":53}},"4":{"start":{"line":5,"column":13},"end":{"line":5,"column":48}},"5":{"start":{"line":7,"column":21},"end":{"line":7,"column":47}},"6":{"start":{"line":8,"column":19},"end":{"line":11,"column":1}},"7":{"start":{"line":13,"column":19},"end":{"line":27,"column":1}},"8":{"start":{"line":16,"column":2},"end":{"line":25,"column":5}},"9":{"start":{"line":17,"column":3},"end":{"line":17,"column":29}},"10":{"start":{"line":17,"column":12},"end":{"line":17,"column":29}},"11":{"start":{"line":18,"column":3},"end":{"line":18,"column":113}},"12":{"start":{"line":18,"column":14},"end":{"line":18,"column":113}},"13":{"start":{"line":20,"column":3},"end":{"line":24,"column":6}},"14":{"start":{"line":21,"column":4},"end":{"line":21,"column":30}},"15":{"start":{"line":21,"column":13},"end":{"line":21,"column":30}},"16":{"start":{"line":22,"column":4},"end":{"line":22,"column":116}},"17":{"start":{"line":22,"column":18},"end":{"line":22,"column":116}},"18":{"start":{"line":23,"column":4},"end":{"line":23,"column":28}},"19":{"start":{"line":29,"column":17},"end":{"line":44,"column":2}},"20":{"start":{"line":30,"column":1},"end":{"line":30,"column":46}},"21":{"start":{"line":31,"column":1},"end":{"line":43,"column":4}},"22":{"start":{"line":32,"column":2},"end":{"line":35,"column":3}},"23":{"start":{"line":33,"column":3},"end":{"line":33,"column":46}},"24":{"start":{"line":34,"column":3},"end":{"line":34,"column":27}},"25":{"start":{"line":37,"column":2},"end":{"line":42,"column":3}},"26":{"start":{"line":38,"column":3},"end":{"line":38,"column":20}},"27":{"start":{"line":40,"column":3},"end":{"line":40,"column":29}},"28":{"start":{"line":41,"column":3},"end":{"line":41,"column":21}},"29":{"start":{"line":46,"column":0},"end":{"line":46,"column":25}},"30":{"start":{"line":47,"column":0},"end":{"line":47,"column":23}}},"fnMap":{"0":{"name":"(anonymous_0)","decl":{"start":{"line":15,"column":1},"end":{"line":15,"column":2}},"loc":{"start":{"line":15,"column":28},"end":{"line":26,"column":2}},"line":15},"1":{"name":"(anonymous_1)","decl":{"start":{"line":16,"column":26},"end":{"line":16,"column":27}},"loc":{"start":{"line":16,"column":41},"end":{"line":25,"column":3}},"line":16},"2":{"name":"(anonymous_2)","decl":{"start":{"line":20,"column":34},"end":{"line":20,"column":35}},"loc":{"start":{"line":20,"column":52},"end":{"line":24,"column":4}},"line":20},"3":{"name":"(anonymous_3)","decl":{"start":{"line":29,"column":45},"end":{"line":29,"column":46}},"loc":{"start":{"line":29,"column":69},"end":{"line":44,"column":1}},"line":29},"4":{"name":"(anonymous_4)","decl":{"start":{"line":31,"column":28},"end":{"line":31,"column":29}},"loc":{"start":{"line":31,"column":48},"end":{"line":43,"column":2}},"line":31}},"branchMap":{"0":{"loc":{"start":{"line":17,"column":3},"end":{"line":17,"column":29}},"type":"if","locations":[{"start":{"line":17,"column":3},"end":{"line":17,"column":29}},{"start":{"line":17,"column":3},"end":{"line":17,"column":29}}],"line":17},"1":{"loc":{"start":{"line":18,"column":3},"end":{"line":18,"column":113}},"type":"if","locations":[{"start":{"line":18,"column":3},"end":{"line":18,"column":113}},{"start":{"line":18,"column":3},"end":{"line":18,"column":113}}],"line":18},"2":{"loc":{"start":{"line":21,"column":4},"end":{"line":21,"column":30}},"type":"if","locations":[{"start":{"line":21,"column":4},"end":{"line":21,"column":30}},{"start":{"line":21,"column":4},"end":{"line":21,"column":30}}],"line":21},"3":{"loc":{"start":{"line":22,"column":4},"end":{"line":22,"column":116}},"type":"if","locations":[{"start":{"line":22,"column":4},"end":{"line":22,"column":116}},{"start":{"line":22,"column":4},"end":{"line":22,"column":116}}],"line":22},"4":{"loc":{"start":{"line":32,"column":2},"end":{"line":35,"column":3}},"type":"if","locations":[{"start":{"line":32,"column":2},"end":{"line":35,"column":3}},{"start":{"line":32,"column":2},"end":{"line":35,"column":3}}],"line":32},"5":{"loc":{"start":{"line":37,"column":2},"end":{"line":42,"column":3}},"type":"if","locations":[{"start":{"line":37,"column":2},"end":{"line":42,"column":3}},{"start":{"line":37,"column":2},"end":{"line":42,"column":3}}],"line":37}},"s":{"0":1,"1":1,"2":1,"3":1,"4":1,"5":1,"6":1,"7":1,"8":0,"9":0,"10":0,"11":0,"12":0,"13":0,"14":0,"15":0,"16":0,"17":0,"18":0,"19":1,"20":0,"21":0,"22":0,"23":0,"24":0,"25":0,"26":0,"27":0,"28":0,"29":1,"30":1},"f":{"0":0,"1":0,"2":0,"3":0,"4":0},"b":{"0":[0,0],"1":[0,0],"2":[0,0],"3":[0,0],"4":[0,0],"5":[0,0]},"_coverageSchema":"332fd63041d2c1bcb487cc26dd0d5f7d97098a6c","hash":"a737c27b3dc803308f1c283fc68055a4b708b4e3"}
,"/Users/christopherclemons/Projects/JukeBox/server/config/storage_config.js": {"path":"/Users/christopherclemons/Projects/JukeBox/server/config/storage_config.js","statementMap":{"0":{"start":{"line":1,"column":13},"end":{"line":1,"column":28}},"1":{"start":{"line":2,"column":15},"end":{"line":2,"column":32}},"2":{"start":{"line":3,"column":15},"end":{"line":3,"column":33}},"3":{"start":{"line":5,"column":16},"end":{"line":14,"column":2}},"4":{"start":{"line":7,"column":2},"end":{"line":7,"column":33}},"5":{"start":{"line":11,"column":2},"end":{"line":11,"column":60}},"6":{"start":{"line":12,"column":2},"end":{"line":12,"column":20}},"7":{"start":{"line":16,"column":0},"end":{"line":16,"column":37}}},"fnMap":{"0":{"name":"(anonymous_0)","decl":{"start":{"line":6,"column":14},"end":{"line":6,"column":15}},"loc":{"start":{"line":6,"column":33},"end":{"line":8,"column":2}},"line":6},"1":{"name":"(anonymous_1)","decl":{"start":{"line":9,"column":11},"end":{"line":9,"column":12}},"loc":{"start":{"line":9,"column":30},"end":{"line":13,"column":2}},"line":9}},"branchMap":{},"s":{"0":1,"1":1,"2":1,"3":1,"4":0,"5":0,"6":0,"7":1},"f":{"0":0,"1":0},"b":{},"_coverageSchema":"332fd63041d2c1bcb487cc26dd0d5f7d97098a6c","hash":"b774679c5700cd5ba766e6ca9d876b6120c6928b"}
}
