{"/Users/christopherclemons/Projects/JukeBox/client/src/App.js": {"path":"/Users/christopherclemons/Projects/JukeBox/client/src/App.js","statementMap":{"0":{"start":{"line":11,"column":4},"end":{"line":19,"column":6}}},"fnMap":{"0":{"name":"(anonymous_0)","decl":{"start":{"line":10,"column":2},"end":{"line":10,"column":3}},"loc":{"start":{"line":10,"column":11},"end":{"line":20,"column":3}},"line":10}},"branchMap":{},"s":{"0":1},"f":{"0":1},"b":{},"_coverageSchema":"332fd63041d2c1bcb487cc26dd0d5f7d97098a6c","hash":"e2430cd39124f44c0fa89a68389d33da28311731"}
,"/Users/christopherclemons/Projects/JukeBox/client/src/Prototype.js": {"path":"/Users/christopherclemons/Projects/JukeBox/client/src/Prototype.js","statementMap":{"0":{"start":{"line":1,"column":13},"end":{"line":1,"column":75}},"1":{"start":{"line":1,"column":94},"end":{"line":1,"column":162}},"2":{"start":{"line":1,"column":176},"end":{"line":1,"column":192}},"3":{"start":{"line":1,"column":207},"end":{"line":1,"column":237}},"4":{"start":{"line":2,"column":13},"end":{"line":2,"column":29}},"5":{"start":{"line":2,"column":44},"end":{"line":2,"column":74}},"6":{"start":{"line":2,"column":113},"end":{"line":2,"column":167}},"7":{"start":{"line":4,"column":18},"end":{"line":11,"column":1}},"8":{"start":{"line":5,"column":1},"end":{"line":10,"column":54}},"9":{"start":{"line":7,"column":2},"end":{"line":7,"column":53}},"10":{"start":{"line":8,"column":2},"end":{"line":8,"column":28}},"11":{"start":{"line":10,"column":14},"end":{"line":10,"column":52}},"12":{"start":{"line":15,"column":2},"end":{"line":15,"column":15}},"13":{"start":{"line":26,"column":2},"end":{"line":26,"column":36}},"14":{"start":{"line":27,"column":2},"end":{"line":41,"column":152}},"15":{"start":{"line":45,"column":3},"end":{"line":48,"column":10}}},"fnMap":{"0":{"name":"_interopRequireDefault","decl":{"start":{"line":2,"column":84},"end":{"line":2,"column":106}},"loc":{"start":{"line":2,"column":112},"end":{"line":2,"column":168}},"line":2},"1":{"name":"(anonymous_1)","decl":{"start":{"line":4,"column":18},"end":{"line":4,"column":19}},"loc":{"start":{"line":4,"column":24},"end":{"line":11,"column":1}},"line":4},"2":{"name":"(anonymous_2)","decl":{"start":{"line":6,"column":6},"end":{"line":6,"column":7}},"loc":{"start":{"line":6,"column":18},"end":{"line":9,"column":2}},"line":6},"3":{"name":"(anonymous_3)","decl":{"start":{"line":10,"column":7},"end":{"line":10,"column":8}},"loc":{"start":{"line":10,"column":14},"end":{"line":10,"column":52}},"line":10},"4":{"name":"(anonymous_4)","decl":{"start":{"line":14,"column":1},"end":{"line":14,"column":2}},"loc":{"start":{"line":14,"column":20},"end":{"line":22,"column":2}},"line":14},"5":{"name":"(anonymous_5)","decl":{"start":{"line":25,"column":1},"end":{"line":25,"column":2}},"loc":{"start":{"line":25,"column":10},"end":{"line":45,"column":2}},"line":25}},"branchMap":{"0":{"loc":{"start":{"line":2,"column":120},"end":{"line":2,"column":166}},"type":"cond-expr","locations":[{"start":{"line":2,"column":144},"end":{"line":2,"column":147}},{"start":{"line":2,"column":150},"end":{"line":2,"column":166}}],"line":2},"1":{"loc":{"start":{"line":2,"column":120},"end":{"line":2,"column":141}},"type":"binary-expr","locations":[{"start":{"line":2,"column":120},"end":{"line":2,"column":123}},{"start":{"line":2,"column":127},"end":{"line":2,"column":141}}],"line":2}},"s":{"0":0,"1":0,"2":0,"3":0,"4":0,"5":0,"6":0,"7":0,"8":0,"9":0,"10":0,"11":0,"12":0,"13":0,"14":0,"15":0},"f":{"0":0,"1":0,"2":0,"3":0,"4":0,"5":0},"b":{"0":[0,0],"1":[0,0]}}
,"/Users/christopherclemons/Projects/JukeBox/client/src/index.js": {"path":"/Users/christopherclemons/Projects/JukeBox/client/src/index.js","statementMap":{"0":{"start":{"line":1,"column":32},"end":{"line":1,"column":96}},"1":{"start":{"line":1,"column":110},"end":{"line":1,"column":126}},"2":{"start":{"line":1,"column":141},"end":{"line":1,"column":171}},"3":{"start":{"line":2,"column":16},"end":{"line":2,"column":36}},"4":{"start":{"line":2,"column":54},"end":{"line":2,"column":87}},"5":{"start":{"line":3,"column":13},"end":{"line":3,"column":29}},"6":{"start":{"line":4,"column":18},"end":{"line":4,"column":40}},"7":{"start":{"line":5,"column":18},"end":{"line":5,"column":40}},"8":{"start":{"line":5,"column":60},"end":{"line":5,"column":95}},"9":{"start":{"line":6,"column":13},"end":{"line":6,"column":40}},"10":{"start":{"line":6,"column":55},"end":{"line":6,"column":85}},"11":{"start":{"line":7,"column":0},"end":{"line":7,"column":23}},"12":{"start":{"line":8,"column":11},"end":{"line":8,"column":27}},"13":{"start":{"line":8,"column":40},"end":{"line":8,"column":68}},"14":{"start":{"line":9,"column":14},"end":{"line":9,"column":43}},"15":{"start":{"line":10,"column":29},"end":{"line":10,"column":63}},"16":{"start":{"line":10,"column":94},"end":{"line":10,"column":140}},"17":{"start":{"line":10,"column":179},"end":{"line":10,"column":233}},"18":{"start":{"line":12,"column":14},"end":{"line":15,"column":50}},"19":{"start":{"line":18,"column":14},"end":{"line":51,"column":25}},"20":{"start":{"line":56,"column":0},"end":{"line":61,"column":33}},"21":{"start":{"line":62,"column":0},"end":{"line":62,"column":39}}},"fnMap":{"0":{"name":"_interopRequireDefault","decl":{"start":{"line":10,"column":150},"end":{"line":10,"column":172}},"loc":{"start":{"line":10,"column":178},"end":{"line":10,"column":234}},"line":10}},"branchMap":{"0":{"loc":{"start":{"line":10,"column":186},"end":{"line":10,"column":232}},"type":"cond-expr","locations":[{"start":{"line":10,"column":210},"end":{"line":10,"column":213}},{"start":{"line":10,"column":216},"end":{"line":10,"column":232}}],"line":10},"1":{"loc":{"start":{"line":10,"column":186},"end":{"line":10,"column":207}},"type":"binary-expr","locations":[{"start":{"line":10,"column":186},"end":{"line":10,"column":189}},{"start":{"line":10,"column":193},"end":{"line":10,"column":207}}],"line":10},"2":{"loc":{"start":{"line":14,"column":0},"end":{"line":14,"column":83}},"type":"binary-expr","locations":[{"start":{"line":14,"column":0},"end":{"line":14,"column":42}},{"start":{"line":14,"column":46},"end":{"line":14,"column":83}}],"line":14}},"s":{"0":0,"1":0,"2":0,"3":0,"4":0,"5":0,"6":0,"7":0,"8":0,"9":0,"10":0,"11":0,"12":0,"13":0,"14":0,"15":0,"16":0,"17":0,"18":0,"19":0,"20":0,"21":0},"f":{"0":0},"b":{"0":[0,0],"1":[0,0],"2":[0,0]}}
,"/Users/christopherclemons/Projects/JukeBox/client/src/registerServiceWorker.js": {"path":"/Users/christopherclemons/Projects/JukeBox/client/src/registerServiceWorker.js","statementMap":{"0":{"start":{"line":1,"column":13},"end":{"line":1,"column":75}},"1":{"start":{"line":1,"column":75},"end":{"line":21,"column":9}},"2":{"start":{"line":21,"column":9},"end":{"line":111,"column":24}},"3":{"start":{"line":118,"column":20},"end":{"line":120,"column":89}},"4":{"start":{"line":120,"column":111},"end":{"line":128,"column":36}},"5":{"start":{"line":121,"column":22},"end":{"line":121,"column":70}},"6":{"start":{"line":121,"column":71},"end":{"line":124,"column":14}},"7":{"start":{"line":124,"column":6},"end":{"line":124,"column":13}},"8":{"start":{"line":124,"column":14},"end":{"line":128,"column":35}},"9":{"start":{"line":124,"column":67},"end":{"line":124,"column":112}},"10":{"start":{"line":124,"column":113},"end":{"line":128,"column":32}},"11":{"start":{"line":125,"column":8},"end":{"line":125,"column":39}},"12":{"start":{"line":127,"column":8},"end":{"line":127,"column":178}},"13":{"start":{"line":127,"column":50},"end":{"line":127,"column":175}},"14":{"start":{"line":128,"column":8},"end":{"line":128,"column":31}},"15":{"start":{"line":128,"column":70},"end":{"line":135,"column":156}},"16":{"start":{"line":128,"column":132},"end":{"line":135,"column":68}},"17":{"start":{"line":128,"column":193},"end":{"line":128,"column":216}},"18":{"start":{"line":128,"column":217},"end":{"line":135,"column":66}},"19":{"start":{"line":128,"column":257},"end":{"line":135,"column":64}},"20":{"start":{"line":128,"column":302},"end":{"line":135,"column":63}},"21":{"start":{"line":132,"column":12},"end":{"line":132,"column":69}},"22":{"start":{"line":135,"column":12},"end":{"line":135,"column":62}},"23":{"start":{"line":135,"column":87},"end":{"line":135,"column":153}},"24":{"start":{"line":136,"column":2},"end":{"line":139,"column":126}},"25":{"start":{"line":137,"column":4},"end":{"line":139,"column":30}},"26":{"start":{"line":138,"column":6},"end":{"line":138,"column":127}},"27":{"start":{"line":138,"column":58},"end":{"line":138,"column":124}},"28":{"start":{"line":138,"column":96},"end":{"line":138,"column":121}},"29":{"start":{"line":139,"column":6},"end":{"line":139,"column":29}},"30":{"start":{"line":139,"column":46},"end":{"line":139,"column":123}},"31":{"start":{"line":139,"column":150},"end":{"line":139,"column":267}},"32":{"start":{"line":139,"column":185},"end":{"line":139,"column":266}},"33":{"start":{"line":139,"column":237},"end":{"line":139,"column":263}}},"fnMap":{"0":{"name":"register","decl":{"start":{"line":120,"column":99},"end":{"line":120,"column":107}},"loc":{"start":{"line":120,"column":110},"end":{"line":128,"column":37}},"line":120},"1":{"name":"(anonymous_1)","decl":{"start":{"line":124,"column":46},"end":{"line":124,"column":47}},"loc":{"start":{"line":124,"column":52},"end":{"line":128,"column":33}},"line":124},"2":{"name":"(anonymous_2)","decl":{"start":{"line":127,"column":43},"end":{"line":127,"column":44}},"loc":{"start":{"line":127,"column":49},"end":{"line":127,"column":176}},"line":127},"3":{"name":"registerValidSW","decl":{"start":{"line":128,"column":46},"end":{"line":128,"column":61}},"loc":{"start":{"line":128,"column":69},"end":{"line":135,"column":157}},"line":128},"4":{"name":"(anonymous_4)","decl":{"start":{"line":128,"column":115},"end":{"line":128,"column":116}},"loc":{"start":{"line":128,"column":131},"end":{"line":135,"column":69}},"line":128},"5":{"name":"(anonymous_5)","decl":{"start":{"line":128,"column":161},"end":{"line":128,"column":162}},"loc":{"start":{"line":128,"column":167},"end":{"line":135,"column":67}},"line":128},"6":{"name":"(anonymous_6)","decl":{"start":{"line":128,"column":250},"end":{"line":128,"column":251}},"loc":{"start":{"line":128,"column":256},"end":{"line":135,"column":65}},"line":128},"7":{"name":"(anonymous_7)","decl":{"start":{"line":135,"column":77},"end":{"line":135,"column":78}},"loc":{"start":{"line":135,"column":86},"end":{"line":135,"column":154}},"line":135},"8":{"name":"checkValidServiceWorker","decl":{"start":{"line":135,"column":166},"end":{"line":135,"column":189}},"loc":{"start":{"line":135,"column":197},"end":{"line":139,"column":127}},"line":135},"9":{"name":"(anonymous_9)","decl":{"start":{"line":136,"column":20},"end":{"line":136,"column":21}},"loc":{"start":{"line":136,"column":32},"end":{"line":139,"column":31}},"line":136},"10":{"name":"(anonymous_10)","decl":{"start":{"line":138,"column":41},"end":{"line":138,"column":42}},"loc":{"start":{"line":138,"column":57},"end":{"line":138,"column":125}},"line":138},"11":{"name":"(anonymous_11)","decl":{"start":{"line":138,"column":89},"end":{"line":138,"column":90}},"loc":{"start":{"line":138,"column":95},"end":{"line":138,"column":122}},"line":138},"12":{"name":"(anonymous_12)","decl":{"start":{"line":139,"column":39},"end":{"line":139,"column":40}},"loc":{"start":{"line":139,"column":45},"end":{"line":139,"column":124}},"line":139},"13":{"name":"unregister","decl":{"start":{"line":139,"column":136},"end":{"line":139,"column":146}},"loc":{"start":{"line":139,"column":149},"end":{"line":139,"column":268}},"line":139},"14":{"name":"(anonymous_14)","decl":{"start":{"line":139,"column":220},"end":{"line":139,"column":221}},"loc":{"start":{"line":139,"column":236},"end":{"line":139,"column":264}},"line":139}},"branchMap":{"0":{"loc":{"start":{"line":118,"column":28},"end":{"line":120,"column":88}},"type":"binary-expr","locations":[{"start":{"line":118,"column":28},"end":{"line":118,"column":68}},{"start":{"line":119,"column":0},"end":{"line":119,"column":36}},{"start":{"line":120,"column":0},"end":{"line":120,"column":88}}],"line":118},"1":{"loc":{"start":{"line":120,"column":111},"end":{"line":128,"column":36}},"type":"if","locations":[{"start":{"line":120,"column":111},"end":{"line":128,"column":36}},{"start":{"line":120,"column":111},"end":{"line":128,"column":36}}],"line":120},"2":{"loc":{"start":{"line":120,"column":115},"end":{"line":120,"column":184}},"type":"binary-expr","locations":[{"start":{"line":120,"column":115},"end":{"line":120,"column":152}},{"start":{"line":120,"column":156},"end":{"line":120,"column":184}}],"line":120},"3":{"loc":{"start":{"line":121,"column":71},"end":{"line":124,"column":14}},"type":"if","locations":[{"start":{"line":121,"column":71},"end":{"line":124,"column":14}},{"start":{"line":121,"column":71},"end":{"line":124,"column":14}}],"line":121},"4":{"loc":{"start":{"line":124,"column":113},"end":{"line":128,"column":32}},"type":"if","locations":[{"start":{"line":124,"column":113},"end":{"line":128,"column":32}},{"start":{"line":124,"column":113},"end":{"line":128,"column":32}}],"line":124},"5":{"loc":{"start":{"line":128,"column":257},"end":{"line":135,"column":64}},"type":"if","locations":[{"start":{"line":128,"column":257},"end":{"line":135,"column":64}},{"start":{"line":128,"column":257},"end":{"line":135,"column":64}}],"line":128},"6":{"loc":{"start":{"line":128,"column":302},"end":{"line":135,"column":63}},"type":"if","locations":[{"start":{"line":128,"column":302},"end":{"line":135,"column":63}},{"start":{"line":128,"column":302},"end":{"line":135,"column":63}}],"line":128},"7":{"loc":{"start":{"line":137,"column":4},"end":{"line":139,"column":30}},"type":"if","locations":[{"start":{"line":137,"column":4},"end":{"line":139,"column":30}},{"start":{"line":137,"column":4},"end":{"line":139,"column":30}}],"line":137},"8":{"loc":{"start":{"line":137,"column":8},"end":{"line":137,"column":100}},"type":"binary-expr","locations":[{"start":{"line":137,"column":8},"end":{"line":137,"column":31}},{"start":{"line":137,"column":35},"end":{"line":137,"column":100}}],"line":137},"9":{"loc":{"start":{"line":139,"column":150},"end":{"line":139,"column":267}},"type":"if","locations":[{"start":{"line":139,"column":150},"end":{"line":139,"column":267}},{"start":{"line":139,"column":150},"end":{"line":139,"column":267}}],"line":139}},"s":{"0":0,"1":0,"2":0,"3":0,"4":0,"5":0,"6":0,"7":0,"8":0,"9":0,"10":0,"11":0,"12":0,"13":0,"14":0,"15":0,"16":0,"17":0,"18":0,"19":0,"20":0,"21":0,"22":0,"23":0,"24":0,"25":0,"26":0,"27":0,"28":0,"29":0,"30":0,"31":0,"32":0,"33":0},"f":{"0":0,"1":0,"2":0,"3":0,"4":0,"5":0,"6":0,"7":0,"8":0,"9":0,"10":0,"11":0,"12":0,"13":0,"14":0},"b":{"0":[0,0,0],"1":[0,0],"2":[0,0],"3":[0,0],"4":[0,0],"5":[0,0],"6":[0,0],"7":[0,0],"8":[0,0],"9":[0,0]}}
,"/Users/christopherclemons/Projects/JukeBox/client/src/setupTests.js": {"path":"/Users/christopherclemons/Projects/JukeBox/client/src/setupTests.js","statementMap":{"0":{"start":{"line":4,"column":0},"end":{"line":4,"column":45}}},"fnMap":{},"branchMap":{},"s":{"0":8},"f":{},"b":{},"_coverageSchema":"332fd63041d2c1bcb487cc26dd0d5f7d97098a6c","hash":"afe33870efe89f3e1a1456f47b23f3c04f603a38"}
,"/Users/christopherclemons/Projects/JukeBox/client/src/actions/index.js": {"path":"/Users/christopherclemons/Projects/JukeBox/client/src/actions/index.js","statementMap":{},"fnMap":{},"branchMap":{},"s":{},"f":{},"b":{},"_coverageSchema":"332fd63041d2c1bcb487cc26dd0d5f7d97098a6c","hash":"4bc592747a2074d174e7108ede8f4a1e0eba12ce"}
,"/Users/christopherclemons/Projects/JukeBox/client/src/actions/messageActions.js": {"path":"/Users/christopherclemons/Projects/JukeBox/client/src/actions/messageActions.js","statementMap":{"0":{"start":{"line":3,"column":28},"end":{"line":9,"column":1}},"1":{"start":{"line":4,"column":1},"end":{"line":8,"column":3}},"2":{"start":{"line":5,"column":2},"end":{"line":7,"column":5}}},"fnMap":{"0":{"name":"(anonymous_0)","decl":{"start":{"line":3,"column":28},"end":{"line":3,"column":29}},"loc":{"start":{"line":3,"column":34},"end":{"line":9,"column":1}},"line":3},"1":{"name":"(anonymous_1)","decl":{"start":{"line":4,"column":8},"end":{"line":4,"column":9}},"loc":{"start":{"line":4,"column":20},"end":{"line":8,"column":2}},"line":4}},"branchMap":{},"s":{"0":3,"1":0,"2":0},"f":{"0":0,"1":0},"b":{},"_coverageSchema":"332fd63041d2c1bcb487cc26dd0d5f7d97098a6c","hash":"590c2287c3746753820701d2cd85c0397277479c"}
,"/Users/christopherclemons/Projects/JukeBox/client/src/actions/player.js": {"path":"/Users/christopherclemons/Projects/JukeBox/client/src/actions/player.js","statementMap":{"0":{"start":{"line":10,"column":25},"end":{"line":17,"column":1}},"1":{"start":{"line":11,"column":1},"end":{"line":11,"column":31}},"2":{"start":{"line":12,"column":1},"end":{"line":16,"column":3}},"3":{"start":{"line":13,"column":2},"end":{"line":15,"column":5}},"4":{"start":{"line":19,"column":26},"end":{"line":26,"column":1}},"5":{"start":{"line":20,"column":1},"end":{"line":20,"column":32}},"6":{"start":{"line":21,"column":1},"end":{"line":25,"column":3}},"7":{"start":{"line":22,"column":2},"end":{"line":24,"column":5}},"8":{"start":{"line":28,"column":25},"end":{"line":35,"column":1}},"9":{"start":{"line":29,"column":1},"end":{"line":29,"column":31}},"10":{"start":{"line":30,"column":1},"end":{"line":34,"column":3}},"11":{"start":{"line":31,"column":2},"end":{"line":33,"column":5}},"12":{"start":{"line":37,"column":24},"end":{"line":46,"column":1}},"13":{"start":{"line":38,"column":1},"end":{"line":38,"column":52}},"14":{"start":{"line":39,"column":1},"end":{"line":39,"column":31}},"15":{"start":{"line":40,"column":1},"end":{"line":40,"column":33}},"16":{"start":{"line":41,"column":1},"end":{"line":45,"column":3}},"17":{"start":{"line":42,"column":2},"end":{"line":44,"column":5}},"18":{"start":{"line":48,"column":24},"end":{"line":57,"column":1}},"19":{"start":{"line":49,"column":1},"end":{"line":49,"column":52}},"20":{"start":{"line":50,"column":1},"end":{"line":50,"column":31}},"21":{"start":{"line":51,"column":1},"end":{"line":51,"column":33}},"22":{"start":{"line":52,"column":1},"end":{"line":56,"column":3}},"23":{"start":{"line":53,"column":2},"end":{"line":55,"column":5}},"24":{"start":{"line":59,"column":27},"end":{"line":66,"column":1}},"25":{"start":{"line":60,"column":1},"end":{"line":60,"column":22}},"26":{"start":{"line":61,"column":1},"end":{"line":65,"column":3}},"27":{"start":{"line":62,"column":2},"end":{"line":64,"column":5}}},"fnMap":{"0":{"name":"(anonymous_0)","decl":{"start":{"line":10,"column":25},"end":{"line":10,"column":26}},"loc":{"start":{"line":10,"column":48},"end":{"line":17,"column":1}},"line":10},"1":{"name":"(anonymous_1)","decl":{"start":{"line":12,"column":8},"end":{"line":12,"column":9}},"loc":{"start":{"line":12,"column":20},"end":{"line":16,"column":2}},"line":12},"2":{"name":"(anonymous_2)","decl":{"start":{"line":19,"column":26},"end":{"line":19,"column":27}},"loc":{"start":{"line":19,"column":49},"end":{"line":26,"column":1}},"line":19},"3":{"name":"(anonymous_3)","decl":{"start":{"line":21,"column":8},"end":{"line":21,"column":9}},"loc":{"start":{"line":21,"column":20},"end":{"line":25,"column":2}},"line":21},"4":{"name":"(anonymous_4)","decl":{"start":{"line":28,"column":25},"end":{"line":28,"column":26}},"loc":{"start":{"line":28,"column":48},"end":{"line":35,"column":1}},"line":28},"5":{"name":"(anonymous_5)","decl":{"start":{"line":30,"column":8},"end":{"line":30,"column":9}},"loc":{"start":{"line":30,"column":20},"end":{"line":34,"column":2}},"line":30},"6":{"name":"(anonymous_6)","decl":{"start":{"line":37,"column":24},"end":{"line":37,"column":25}},"loc":{"start":{"line":37,"column":47},"end":{"line":46,"column":1}},"line":37},"7":{"name":"(anonymous_7)","decl":{"start":{"line":41,"column":8},"end":{"line":41,"column":9}},"loc":{"start":{"line":41,"column":20},"end":{"line":45,"column":2}},"line":41},"8":{"name":"(anonymous_8)","decl":{"start":{"line":48,"column":24},"end":{"line":48,"column":25}},"loc":{"start":{"line":48,"column":47},"end":{"line":57,"column":1}},"line":48},"9":{"name":"(anonymous_9)","decl":{"start":{"line":52,"column":8},"end":{"line":52,"column":9}},"loc":{"start":{"line":52,"column":20},"end":{"line":56,"column":2}},"line":52},"10":{"name":"(anonymous_10)","decl":{"start":{"line":59,"column":27},"end":{"line":59,"column":28}},"loc":{"start":{"line":59,"column":33},"end":{"line":66,"column":1}},"line":59},"11":{"name":"(anonymous_11)","decl":{"start":{"line":61,"column":8},"end":{"line":61,"column":9}},"loc":{"start":{"line":61,"column":20},"end":{"line":65,"column":2}},"line":61}},"branchMap":{},"s":{"0":3,"1":0,"2":0,"3":0,"4":3,"5":0,"6":0,"7":0,"8":3,"9":0,"10":0,"11":0,"12":3,"13":0,"14":0,"15":0,"16":0,"17":0,"18":3,"19":0,"20":0,"21":0,"22":0,"23":0,"24":3,"25":0,"26":0,"27":0},"f":{"0":0,"1":0,"2":0,"3":0,"4":0,"5":0,"6":0,"7":0,"8":0,"9":0,"10":0,"11":0},"b":{},"_coverageSchema":"332fd63041d2c1bcb487cc26dd0d5f7d97098a6c","hash":"66782e708151ed9d3f8698e5c95099e9ffb1e133"}
,"/Users/christopherclemons/Projects/JukeBox/client/src/actions/trackList.js": {"path":"/Users/christopherclemons/Projects/JukeBox/client/src/actions/trackList.js","statementMap":{"0":{"start":{"line":23,"column":19},"end":{"line":23,"column":36}},"1":{"start":{"line":25,"column":25},"end":{"line":54,"column":1}},"2":{"start":{"line":26,"column":1},"end":{"line":53,"column":2}},"3":{"start":{"line":27,"column":2},"end":{"line":29,"column":5}},"4":{"start":{"line":31,"column":2},"end":{"line":52,"column":5}},"5":{"start":{"line":33,"column":3},"end":{"line":33,"column":48}},"6":{"start":{"line":34,"column":19},"end":{"line":34,"column":61}},"7":{"start":{"line":35,"column":3},"end":{"line":39,"column":6}},"8":{"start":{"line":40,"column":3},"end":{"line":43,"column":6}},"9":{"start":{"line":46,"column":3},"end":{"line":46,"column":22}},"10":{"start":{"line":47,"column":3},"end":{"line":51,"column":6}},"11":{"start":{"line":56,"column":27},"end":{"line":63,"column":1}},"12":{"start":{"line":57,"column":1},"end":{"line":62,"column":2}},"13":{"start":{"line":58,"column":2},"end":{"line":61,"column":5}},"14":{"start":{"line":67,"column":29},"end":{"line":87,"column":1}},"15":{"start":{"line":70,"column":1},"end":{"line":70,"column":44}},"16":{"start":{"line":71,"column":1},"end":{"line":71,"column":49}},"17":{"start":{"line":71,"column":21},"end":{"line":71,"column":47}},"18":{"start":{"line":75,"column":17},"end":{"line":75,"column":55}},"19":{"start":{"line":77,"column":1},"end":{"line":86,"column":3}},"20":{"start":{"line":78,"column":2},"end":{"line":85,"column":5}},"21":{"start":{"line":90,"column":26},"end":{"line":112,"column":1}},"22":{"start":{"line":93,"column":17},"end":{"line":93,"column":55}},"23":{"start":{"line":94,"column":17},"end":{"line":94,"column":74}},"24":{"start":{"line":96,"column":1},"end":{"line":111,"column":3}},"25":{"start":{"line":97,"column":2},"end":{"line":105,"column":5}},"26":{"start":{"line":107,"column":2},"end":{"line":110,"column":5}},"27":{"start":{"line":114,"column":29},"end":{"line":136,"column":1}},"28":{"start":{"line":115,"column":1},"end":{"line":135,"column":2}},"29":{"start":{"line":116,"column":2},"end":{"line":118,"column":5}},"30":{"start":{"line":119,"column":2},"end":{"line":134,"column":5}},"31":{"start":{"line":121,"column":3},"end":{"line":121,"column":51}},"32":{"start":{"line":122,"column":3},"end":{"line":126,"column":6}},"33":{"start":{"line":129,"column":3},"end":{"line":129,"column":46}},"34":{"start":{"line":130,"column":3},"end":{"line":133,"column":6}},"35":{"start":{"line":138,"column":27},"end":{"line":144,"column":1}},"36":{"start":{"line":139,"column":1},"end":{"line":143,"column":2}},"37":{"start":{"line":140,"column":2},"end":{"line":142,"column":5}},"38":{"start":{"line":146,"column":34},"end":{"line":169,"column":1}},"39":{"start":{"line":147,"column":1},"end":{"line":168,"column":2}},"40":{"start":{"line":148,"column":2},"end":{"line":150,"column":5}},"41":{"start":{"line":151,"column":2},"end":{"line":167,"column":5}},"42":{"start":{"line":153,"column":3},"end":{"line":153,"column":50}},"43":{"start":{"line":154,"column":3},"end":{"line":158,"column":5}},"44":{"start":{"line":161,"column":3},"end":{"line":161,"column":44}},"45":{"start":{"line":162,"column":3},"end":{"line":166,"column":6}},"46":{"start":{"line":171,"column":33},"end":{"line":177,"column":1}},"47":{"start":{"line":172,"column":1},"end":{"line":176,"column":2}},"48":{"start":{"line":173,"column":2},"end":{"line":175,"column":5}}},"fnMap":{"0":{"name":"(anonymous_0)","decl":{"start":{"line":25,"column":25},"end":{"line":25,"column":26}},"loc":{"start":{"line":25,"column":31},"end":{"line":54,"column":1}},"line":25},"1":{"name":"(anonymous_1)","decl":{"start":{"line":26,"column":8},"end":{"line":26,"column":9}},"loc":{"start":{"line":26,"column":20},"end":{"line":53,"column":2}},"line":26},"2":{"name":"(anonymous_2)","decl":{"start":{"line":32,"column":8},"end":{"line":32,"column":9}},"loc":{"start":{"line":32,"column":20},"end":{"line":44,"column":3}},"line":32},"3":{"name":"(anonymous_3)","decl":{"start":{"line":45,"column":9},"end":{"line":45,"column":10}},"loc":{"start":{"line":45,"column":16},"end":{"line":52,"column":3}},"line":45},"4":{"name":"(anonymous_4)","decl":{"start":{"line":56,"column":27},"end":{"line":56,"column":28}},"loc":{"start":{"line":56,"column":36},"end":{"line":63,"column":1}},"line":56},"5":{"name":"(anonymous_5)","decl":{"start":{"line":57,"column":8},"end":{"line":57,"column":9}},"loc":{"start":{"line":57,"column":20},"end":{"line":62,"column":2}},"line":57},"6":{"name":"(anonymous_6)","decl":{"start":{"line":67,"column":29},"end":{"line":67,"column":30}},"loc":{"start":{"line":67,"column":54},"end":{"line":87,"column":1}},"line":67},"7":{"name":"(anonymous_7)","decl":{"start":{"line":77,"column":8},"end":{"line":77,"column":9}},"loc":{"start":{"line":77,"column":20},"end":{"line":86,"column":2}},"line":77},"8":{"name":"(anonymous_8)","decl":{"start":{"line":90,"column":26},"end":{"line":90,"column":27}},"loc":{"start":{"line":90,"column":35},"end":{"line":112,"column":1}},"line":90},"9":{"name":"(anonymous_9)","decl":{"start":{"line":96,"column":8},"end":{"line":96,"column":9}},"loc":{"start":{"line":96,"column":20},"end":{"line":111,"column":2}},"line":96},"10":{"name":"(anonymous_10)","decl":{"start":{"line":114,"column":29},"end":{"line":114,"column":30}},"loc":{"start":{"line":114,"column":54},"end":{"line":136,"column":1}},"line":114},"11":{"name":"(anonymous_11)","decl":{"start":{"line":115,"column":8},"end":{"line":115,"column":9}},"loc":{"start":{"line":115,"column":20},"end":{"line":135,"column":2}},"line":115},"12":{"name":"(anonymous_12)","decl":{"start":{"line":120,"column":8},"end":{"line":120,"column":9}},"loc":{"start":{"line":120,"column":20},"end":{"line":127,"column":3}},"line":120},"13":{"name":"(anonymous_13)","decl":{"start":{"line":128,"column":9},"end":{"line":128,"column":10}},"loc":{"start":{"line":128,"column":16},"end":{"line":134,"column":3}},"line":128},"14":{"name":"(anonymous_14)","decl":{"start":{"line":138,"column":27},"end":{"line":138,"column":28}},"loc":{"start":{"line":138,"column":33},"end":{"line":144,"column":1}},"line":138},"15":{"name":"(anonymous_15)","decl":{"start":{"line":139,"column":8},"end":{"line":139,"column":9}},"loc":{"start":{"line":139,"column":20},"end":{"line":143,"column":2}},"line":139},"16":{"name":"(anonymous_16)","decl":{"start":{"line":146,"column":34},"end":{"line":146,"column":35}},"loc":{"start":{"line":146,"column":47},"end":{"line":169,"column":1}},"line":146},"17":{"name":"(anonymous_17)","decl":{"start":{"line":147,"column":8},"end":{"line":147,"column":9}},"loc":{"start":{"line":147,"column":20},"end":{"line":168,"column":2}},"line":147},"18":{"name":"(anonymous_18)","decl":{"start":{"line":152,"column":8},"end":{"line":152,"column":9}},"loc":{"start":{"line":152,"column":20},"end":{"line":159,"column":3}},"line":152},"19":{"name":"(anonymous_19)","decl":{"start":{"line":160,"column":9},"end":{"line":160,"column":10}},"loc":{"start":{"line":160,"column":16},"end":{"line":167,"column":3}},"line":160},"20":{"name":"(anonymous_20)","decl":{"start":{"line":171,"column":33},"end":{"line":171,"column":34}},"loc":{"start":{"line":171,"column":39},"end":{"line":177,"column":1}},"line":171},"21":{"name":"(anonymous_21)","decl":{"start":{"line":172,"column":8},"end":{"line":172,"column":9}},"loc":{"start":{"line":172,"column":20},"end":{"line":176,"column":2}},"line":172}},"branchMap":{"0":{"loc":{"start":{"line":71,"column":1},"end":{"line":71,"column":49}},"type":"if","locations":[{"start":{"line":71,"column":1},"end":{"line":71,"column":49}},{"start":{"line":71,"column":1},"end":{"line":71,"column":49}}],"line":71}},"s":{"0":3,"1":3,"2":0,"3":0,"4":0,"5":0,"6":0,"7":0,"8":0,"9":0,"10":0,"11":3,"12":0,"13":0,"14":3,"15":0,"16":0,"17":0,"18":0,"19":0,"20":0,"21":3,"22":0,"23":0,"24":0,"25":0,"26":0,"27":3,"28":0,"29":0,"30":0,"31":0,"32":0,"33":0,"34":0,"35":3,"36":0,"37":0,"38":3,"39":0,"40":0,"41":0,"42":0,"43":0,"44":0,"45":0,"46":3,"47":0,"48":0},"f":{"0":0,"1":0,"2":0,"3":0,"4":0,"5":0,"6":0,"7":0,"8":0,"9":0,"10":0,"11":0,"12":0,"13":0,"14":0,"15":0,"16":0,"17":0,"18":0,"19":0,"20":0,"21":0},"b":{"0":[0,0]},"_coverageSchema":"332fd63041d2c1bcb487cc26dd0d5f7d97098a6c","hash":"64615562e8151176f7711d9ebbeb572571fcb805"}
,"/Users/christopherclemons/Projects/JukeBox/client/src/actions/uploaderActions.js": {"path":"/Users/christopherclemons/Projects/JukeBox/client/src/actions/uploaderActions.js","statementMap":{"0":{"start":{"line":9,"column":19},"end":{"line":9,"column":36}},"1":{"start":{"line":11,"column":27},"end":{"line":33,"column":1}},"2":{"start":{"line":12,"column":1},"end":{"line":12,"column":50}},"3":{"start":{"line":13,"column":1},"end":{"line":32,"column":2}},"4":{"start":{"line":14,"column":2},"end":{"line":16,"column":5}},"5":{"start":{"line":17,"column":2},"end":{"line":31,"column":5}},"6":{"start":{"line":19,"column":3},"end":{"line":19,"column":50}},"7":{"start":{"line":20,"column":3},"end":{"line":23,"column":6}},"8":{"start":{"line":26,"column":3},"end":{"line":26,"column":42}},"9":{"start":{"line":27,"column":3},"end":{"line":30,"column":6}}},"fnMap":{"0":{"name":"(anonymous_0)","decl":{"start":{"line":11,"column":27},"end":{"line":11,"column":28}},"loc":{"start":{"line":11,"column":39},"end":{"line":33,"column":1}},"line":11},"1":{"name":"(anonymous_1)","decl":{"start":{"line":13,"column":8},"end":{"line":13,"column":9}},"loc":{"start":{"line":13,"column":20},"end":{"line":32,"column":2}},"line":13},"2":{"name":"(anonymous_2)","decl":{"start":{"line":18,"column":8},"end":{"line":18,"column":9}},"loc":{"start":{"line":18,"column":20},"end":{"line":24,"column":3}},"line":18},"3":{"name":"(anonymous_3)","decl":{"start":{"line":25,"column":9},"end":{"line":25,"column":10}},"loc":{"start":{"line":25,"column":16},"end":{"line":31,"column":3}},"line":25}},"branchMap":{},"s":{"0":1,"1":1,"2":0,"3":0,"4":0,"5":0,"6":0,"7":0,"8":0,"9":0},"f":{"0":0,"1":0,"2":0,"3":0},"b":{},"_coverageSchema":"332fd63041d2c1bcb487cc26dd0d5f7d97098a6c","hash":"69c654b2d3dfdc3a2443491dc13baf9ed797addc"}
,"/Users/christopherclemons/Projects/JukeBox/client/src/actiontypes/index.js": {"path":"/Users/christopherclemons/Projects/JukeBox/client/src/actiontypes/index.js","statementMap":{"0":{"start":{"line":2,"column":22},"end":{"line":2,"column":36}},"1":{"start":{"line":3,"column":24},"end":{"line":3,"column":40}},"2":{"start":{"line":4,"column":24},"end":{"line":4,"column":40}},"3":{"start":{"line":6,"column":22},"end":{"line":6,"column":36}},"4":{"start":{"line":7,"column":30},"end":{"line":7,"column":52}},"5":{"start":{"line":8,"column":30},"end":{"line":8,"column":52}},"6":{"start":{"line":9,"column":22},"end":{"line":9,"column":36}},"7":{"start":{"line":10,"column":26},"end":{"line":10,"column":44}},"8":{"start":{"line":12,"column":20},"end":{"line":12,"column":32}},"9":{"start":{"line":13,"column":21},"end":{"line":13,"column":34}},"10":{"start":{"line":14,"column":20},"end":{"line":14,"column":32}},"11":{"start":{"line":15,"column":25},"end":{"line":15,"column":42}},"12":{"start":{"line":16,"column":28},"end":{"line":16,"column":48}},"13":{"start":{"line":17,"column":19},"end":{"line":17,"column":30}},"14":{"start":{"line":18,"column":19},"end":{"line":18,"column":30}},"15":{"start":{"line":19,"column":33},"end":{"line":19,"column":58}},"16":{"start":{"line":20,"column":25},"end":{"line":20,"column":42}},"17":{"start":{"line":21,"column":33},"end":{"line":21,"column":58}},"18":{"start":{"line":22,"column":33},"end":{"line":22,"column":58}},"19":{"start":{"line":23,"column":22},"end":{"line":23,"column":36}},"20":{"start":{"line":24,"column":30},"end":{"line":24,"column":52}},"21":{"start":{"line":25,"column":29},"end":{"line":25,"column":50}},"22":{"start":{"line":26,"column":30},"end":{"line":26,"column":52}},"23":{"start":{"line":27,"column":30},"end":{"line":27,"column":52}},"24":{"start":{"line":29,"column":21},"end":{"line":29,"column":34}},"25":{"start":{"line":30,"column":23},"end":{"line":30,"column":38}}},"fnMap":{},"branchMap":{},"s":{"0":3,"1":3,"2":3,"3":3,"4":3,"5":3,"6":3,"7":3,"8":3,"9":3,"10":3,"11":3,"12":3,"13":3,"14":3,"15":3,"16":3,"17":3,"18":3,"19":3,"20":3,"21":3,"22":3,"23":3,"24":3,"25":3},"f":{},"b":{},"_coverageSchema":"332fd63041d2c1bcb487cc26dd0d5f7d97098a6c","hash":"82e8cf4b1d4690d880e221f9b6e752436701d04d"}
,"/Users/christopherclemons/Projects/JukeBox/client/src/actiontypes/player.js": {"path":"/Users/christopherclemons/Projects/JukeBox/client/src/actiontypes/player.js","statementMap":{"0":{"start":{"line":1,"column":13},"end":{"line":1,"column":75}},"1":{"start":{"line":1,"column":94},"end":{"line":1,"column":127}},"2":{"start":{"line":2,"column":14},"end":{"line":2,"column":49}},"3":{"start":{"line":3,"column":13},"end":{"line":3,"column":46}}},"fnMap":{},"branchMap":{},"s":{"0":0,"1":0,"2":0,"3":0},"f":{},"b":{}}
,"/Users/christopherclemons/Projects/JukeBox/client/src/actiontypes/trackList.js": {"path":"/Users/christopherclemons/Projects/JukeBox/client/src/actiontypes/trackList.js","statementMap":{"0":{"start":{"line":1,"column":13},"end":{"line":1,"column":75}},"1":{"start":{"line":1,"column":96},"end":{"line":1,"column":133}},"2":{"start":{"line":2,"column":23},"end":{"line":2,"column":76}},"3":{"start":{"line":3,"column":23},"end":{"line":3,"column":76}},"4":{"start":{"line":4,"column":15},"end":{"line":4,"column":52}}},"fnMap":{},"branchMap":{},"s":{"0":0,"1":0,"2":0,"3":0,"4":0},"f":{},"b":{}}
,"/Users/christopherclemons/Projects/JukeBox/client/src/actiontypes/uploaderActiontypes.js": {"path":"/Users/christopherclemons/Projects/JukeBox/client/src/actiontypes/uploaderActiontypes.js","statementMap":{"0":{"start":{"line":1,"column":13},"end":{"line":1,"column":75}},"1":{"start":{"line":1,"column":96},"end":{"line":1,"column":133}},"2":{"start":{"line":2,"column":17},"end":{"line":2,"column":58}},"3":{"start":{"line":3,"column":17},"end":{"line":3,"column":58}}},"fnMap":{},"branchMap":{},"s":{"0":0,"1":0,"2":0,"3":0},"f":{},"b":{}}
,"/Users/christopherclemons/Projects/JukeBox/client/src/components/AlertDialog.js": {"path":"/Users/christopherclemons/Projects/JukeBox/client/src/components/AlertDialog.js","statementMap":{"0":{"start":{"line":20,"column":4},"end":{"line":20,"column":34}},"1":{"start":{"line":24,"column":4},"end":{"line":24,"column":35}},"2":{"start":{"line":25,"column":4},"end":{"line":25,"column":30}},"3":{"start":{"line":43,"column":8},"end":{"line":43,"column":18}},"4":{"start":{"line":45,"column":4},"end":{"line":70,"column":6}}},"fnMap":{"0":{"name":"(anonymous_0)","decl":{"start":{"line":19,"column":20},"end":{"line":19,"column":21}},"loc":{"start":{"line":19,"column":26},"end":{"line":21,"column":3}},"line":19},"1":{"name":"(anonymous_1)","decl":{"start":{"line":23,"column":16},"end":{"line":23,"column":17}},"loc":{"start":{"line":23,"column":22},"end":{"line":26,"column":3}},"line":23},"2":{"name":"(anonymous_2)","decl":{"start":{"line":28,"column":2},"end":{"line":28,"column":3}},"loc":{"start":{"line":28,"column":23},"end":{"line":30,"column":3}},"line":28},"3":{"name":"(anonymous_3)","decl":{"start":{"line":32,"column":2},"end":{"line":32,"column":3}},"loc":{"start":{"line":32,"column":24},"end":{"line":34,"column":3}},"line":32},"4":{"name":"(anonymous_4)","decl":{"start":{"line":36,"column":2},"end":{"line":36,"column":3}},"loc":{"start":{"line":36,"column":11},"end":{"line":71,"column":3}},"line":36}},"branchMap":{},"s":{"0":0,"1":0,"2":0,"3":1,"4":1},"f":{"0":0,"1":0,"2":0,"3":0,"4":1},"b":{},"_coverageSchema":"332fd63041d2c1bcb487cc26dd0d5f7d97098a6c","hash":"e0d11c20806db7bd8e4acaeb654f066953536a07"}
,"/Users/christopherclemons/Projects/JukeBox/client/src/components/EditTrackForm.js": {"path":"/Users/christopherclemons/Projects/JukeBox/client/src/components/EditTrackForm.js","statementMap":{"0":{"start":{"line":10,"column":13},"end":{"line":12,"column":2}},"1":{"start":{"line":14,"column":20},"end":{"line":26,"column":1}},"2":{"start":{"line":21,"column":1},"end":{"line":25,"column":3}},"3":{"start":{"line":35,"column":6},"end":{"line":35,"column":16}},"4":{"start":{"line":45,"column":2},"end":{"line":72,"column":4}},"5":{"start":{"line":47,"column":41},"end":{"line":47,"column":77}}},"fnMap":{"0":{"name":"(anonymous_0)","decl":{"start":{"line":14,"column":20},"end":{"line":14,"column":21}},"loc":{"start":{"line":21,"column":1},"end":{"line":25,"column":3}},"line":21},"1":{"name":"(anonymous_1)","decl":{"start":{"line":29,"column":1},"end":{"line":29,"column":2}},"loc":{"start":{"line":29,"column":10},"end":{"line":73,"column":2}},"line":29},"2":{"name":"(anonymous_2)","decl":{"start":{"line":47,"column":27},"end":{"line":47,"column":28}},"loc":{"start":{"line":47,"column":41},"end":{"line":47,"column":77}},"line":47}},"branchMap":{},"s":{"0":4,"1":4,"2":0,"3":0,"4":0,"5":0},"f":{"0":0,"1":0,"2":0},"b":{},"_coverageSchema":"332fd63041d2c1bcb487cc26dd0d5f7d97098a6c","hash":"3bab17a5f49548d2558368f59fe3cf94fe292c2e"}
,"/Users/christopherclemons/Projects/JukeBox/client/src/components/Message.js": {"path":"/Users/christopherclemons/Projects/JukeBox/client/src/components/Message.js","statementMap":{"0":{"start":{"line":21,"column":6},"end":{"line":21,"column":16}},"1":{"start":{"line":23,"column":17},"end":{"line":27,"column":3}},"2":{"start":{"line":29,"column":2},"end":{"line":49,"column":4}},"3":{"start":{"line":45,"column":26},"end":{"line":45,"column":46}}},"fnMap":{"0":{"name":"(anonymous_0)","decl":{"start":{"line":14,"column":1},"end":{"line":14,"column":2}},"loc":{"start":{"line":14,"column":10},"end":{"line":50,"column":2}},"line":14},"1":{"name":"(anonymous_1)","decl":{"start":{"line":45,"column":18},"end":{"line":45,"column":19}},"loc":{"start":{"line":45,"column":24},"end":{"line":45,"column":48}},"line":45}},"branchMap":{},"s":{"0":0,"1":0,"2":0,"3":0},"f":{"0":0,"1":0},"b":{},"_coverageSchema":"332fd63041d2c1bcb487cc26dd0d5f7d97098a6c","hash":"cc1e9ef2d3130a2a75e9f6d32522572aa3167a47"}
,"/Users/christopherclemons/Projects/JukeBox/client/src/components/Player.js": {"path":"/Users/christopherclemons/Projects/JukeBox/client/src/components/Player.js","statementMap":{"0":{"start":{"line":17,"column":6},"end":{"line":17,"column":16}},"1":{"start":{"line":19,"column":17},"end":{"line":28,"column":3}},"2":{"start":{"line":36,"column":2},"end":{"line":59,"column":4}}},"fnMap":{"0":{"name":"(anonymous_0)","decl":{"start":{"line":8,"column":1},"end":{"line":8,"column":2}},"loc":{"start":{"line":8,"column":10},"end":{"line":60,"column":2}},"line":8}},"branchMap":{"0":{"loc":{"start":{"line":38,"column":6},"end":{"line":56,"column":11}},"type":"binary-expr","locations":[{"start":{"line":38,"column":6},"end":{"line":38,"column":29}},{"start":{"line":39,"column":5},"end":{"line":56,"column":11}}],"line":38}},"s":{"0":1,"1":1,"2":1},"f":{"0":1},"b":{"0":[1,0]},"_coverageSchema":"332fd63041d2c1bcb487cc26dd0d5f7d97098a6c","hash":"f9b4a9e63d64442ac63c63cd8ec4b42ffae2dd51"}
,"/Users/christopherclemons/Projects/JukeBox/client/src/components/PlayerControls.js": {"path":"/Users/christopherclemons/Projects/JukeBox/client/src/components/PlayerControls.js","statementMap":{"0":{"start":{"line":19,"column":2},"end":{"line":19,"column":46}},"1":{"start":{"line":21,"column":2},"end":{"line":21,"column":52}},"2":{"start":{"line":27,"column":2},"end":{"line":27,"column":45}},"3":{"start":{"line":33,"column":38},"end":{"line":33,"column":48}},"4":{"start":{"line":34,"column":2},"end":{"line":34,"column":44}},"5":{"start":{"line":41,"column":2},"end":{"line":49,"column":3}},"6":{"start":{"line":42,"column":3},"end":{"line":42,"column":23}},"7":{"start":{"line":44,"column":3},"end":{"line":44,"column":50}},"8":{"start":{"line":45,"column":9},"end":{"line":49,"column":3}},"9":{"start":{"line":46,"column":3},"end":{"line":46,"column":24}},"10":{"start":{"line":48,"column":3},"end":{"line":48,"column":49}},"11":{"start":{"line":53,"column":2},"end":{"line":53,"column":47}},"12":{"start":{"line":65,"column":6},"end":{"line":65,"column":16}},"13":{"start":{"line":67,"column":2},"end":{"line":103,"column":4}}},"fnMap":{"0":{"name":"(anonymous_0)","decl":{"start":{"line":18,"column":1},"end":{"line":18,"column":2}},"loc":{"start":{"line":18,"column":21},"end":{"line":24,"column":2}},"line":18},"1":{"name":"(anonymous_1)","decl":{"start":{"line":26,"column":1},"end":{"line":26,"column":2}},"loc":{"start":{"line":26,"column":20},"end":{"line":30,"column":2}},"line":26},"2":{"name":"(anonymous_2)","decl":{"start":{"line":32,"column":1},"end":{"line":32,"column":2}},"loc":{"start":{"line":32,"column":19},"end":{"line":50,"column":2}},"line":32},"3":{"name":"(anonymous_3)","decl":{"start":{"line":52,"column":1},"end":{"line":52,"column":2}},"loc":{"start":{"line":52,"column":22},"end":{"line":54,"column":2}},"line":52},"4":{"name":"(anonymous_4)","decl":{"start":{"line":56,"column":1},"end":{"line":56,"column":2}},"loc":{"start":{"line":56,"column":10},"end":{"line":104,"column":2}},"line":56}},"branchMap":{"0":{"loc":{"start":{"line":41,"column":2},"end":{"line":49,"column":3}},"type":"if","locations":[{"start":{"line":41,"column":2},"end":{"line":49,"column":3}},{"start":{"line":41,"column":2},"end":{"line":49,"column":3}}],"line":41},"1":{"loc":{"start":{"line":41,"column":5},"end":{"line":41,"column":80}},"type":"binary-expr","locations":[{"start":{"line":41,"column":5},"end":{"line":41,"column":27}},{"start":{"line":41,"column":31},"end":{"line":41,"column":80}}],"line":41},"2":{"loc":{"start":{"line":44,"column":3},"end":{"line":44,"column":49}},"type":"cond-expr","locations":[{"start":{"line":44,"column":23},"end":{"line":44,"column":42}},{"start":{"line":44,"column":45},"end":{"line":44,"column":49}}],"line":44},"3":{"loc":{"start":{"line":45,"column":9},"end":{"line":49,"column":3}},"type":"if","locations":[{"start":{"line":45,"column":9},"end":{"line":49,"column":3}},{"start":{"line":45,"column":9},"end":{"line":49,"column":3}}],"line":45},"4":{"loc":{"start":{"line":45,"column":12},"end":{"line":45,"column":87}},"type":"binary-expr","locations":[{"start":{"line":45,"column":12},"end":{"line":45,"column":34}},{"start":{"line":45,"column":38},"end":{"line":45,"column":87}}],"line":45},"5":{"loc":{"start":{"line":48,"column":3},"end":{"line":48,"column":48}},"type":"cond-expr","locations":[{"start":{"line":48,"column":22},"end":{"line":48,"column":41}},{"start":{"line":48,"column":44},"end":{"line":48,"column":48}}],"line":48},"6":{"loc":{"start":{"line":76,"column":6},"end":{"line":83,"column":19}},"type":"cond-expr","locations":[{"start":{"line":77,"column":6},"end":{"line":79,"column":19}},{"start":{"line":81,"column":6},"end":{"line":83,"column":19}}],"line":76},"7":{"loc":{"start":{"line":86,"column":16},"end":{"line":86,"column":86}},"type":"binary-expr","locations":[{"start":{"line":86,"column":16},"end":{"line":86,"column":40}},{"start":{"line":86,"column":44},"end":{"line":86,"column":86}}],"line":86},"8":{"loc":{"start":{"line":99,"column":8},"end":{"line":99,"column":55}},"type":"cond-expr","locations":[{"start":{"line":99,"column":27},"end":{"line":99,"column":39}},{"start":{"line":99,"column":42},"end":{"line":99,"column":55}}],"line":99}},"s":{"0":0,"1":0,"2":0,"3":0,"4":0,"5":0,"6":0,"7":0,"8":0,"9":0,"10":0,"11":0,"12":0,"13":0},"f":{"0":0,"1":0,"2":0,"3":0,"4":0},"b":{"0":[0,0],"1":[0,0],"2":[0,0],"3":[0,0],"4":[0,0],"5":[0,0],"6":[0,0],"7":[0,0],"8":[0,0]},"_coverageSchema":"332fd63041d2c1bcb487cc26dd0d5f7d97098a6c","hash":"e8297772abc78bcfefa2e114cb614c2f34154e82"}
,"/Users/christopherclemons/Projects/JukeBox/client/src/components/QueueList.js": {"path":"/Users/christopherclemons/Projects/JukeBox/client/src/components/QueueList.js","statementMap":{"0":{"start":{"line":22,"column":6},"end":{"line":22,"column":16}},"1":{"start":{"line":24,"column":17},"end":{"line":28,"column":3}},"2":{"start":{"line":30,"column":2},"end":{"line":49,"column":4}},"3":{"start":{"line":34,"column":6},"end":{"line":45,"column":17}}},"fnMap":{"0":{"name":"(anonymous_0)","decl":{"start":{"line":17,"column":1},"end":{"line":17,"column":2}},"loc":{"start":{"line":17,"column":10},"end":{"line":50,"column":2}},"line":17},"1":{"name":"(anonymous_1)","decl":{"start":{"line":33,"column":15},"end":{"line":33,"column":16}},"loc":{"start":{"line":34,"column":6},"end":{"line":45,"column":17}},"line":34}},"branchMap":{"0":{"loc":{"start":{"line":36,"column":15},"end":{"line":36,"column":77}},"type":"cond-expr","locations":[{"start":{"line":36,"column":56},"end":{"line":36,"column":70}},{"start":{"line":36,"column":73},"end":{"line":36,"column":77}}],"line":36}},"s":{"0":1,"1":1,"2":1,"3":0},"f":{"0":1,"1":0},"b":{"0":[0,0]},"_coverageSchema":"332fd63041d2c1bcb487cc26dd0d5f7d97098a6c","hash":"275b406cf00fa6ea27a278c8361ed4f414d37787"}
,"/Users/christopherclemons/Projects/JukeBox/client/src/components/TrackList.js": {"path":"/Users/christopherclemons/Projects/JukeBox/client/src/components/TrackList.js","statementMap":{"0":{"start":{"line":11,"column":6},"end":{"line":11,"column":16}},"1":{"start":{"line":13,"column":17},"end":{"line":19,"column":3}},"2":{"start":{"line":21,"column":2},"end":{"line":31,"column":4}},"3":{"start":{"line":24,"column":5},"end":{"line":28,"column":7}}},"fnMap":{"0":{"name":"(anonymous_0)","decl":{"start":{"line":7,"column":1},"end":{"line":7,"column":2}},"loc":{"start":{"line":7,"column":10},"end":{"line":32,"column":2}},"line":7},"1":{"name":"(anonymous_1)","decl":{"start":{"line":23,"column":46},"end":{"line":23,"column":47}},"loc":{"start":{"line":24,"column":5},"end":{"line":28,"column":7}},"line":24}},"branchMap":{"0":{"loc":{"start":{"line":23,"column":5},"end":{"line":29,"column":6}},"type":"binary-expr","locations":[{"start":{"line":23,"column":5},"end":{"line":23,"column":21}},{"start":{"line":23,"column":25},"end":{"line":29,"column":6}}],"line":23}},"s":{"0":1,"1":1,"2":1,"3":0},"f":{"0":1,"1":0},"b":{"0":[1,0]},"_coverageSchema":"332fd63041d2c1bcb487cc26dd0d5f7d97098a6c","hash":"fd2dc7ca97222df3dae9f3684d40db9bba77fe22"}
,"/Users/christopherclemons/Projects/JukeBox/client/src/components/TrackListItem.js": {"path":"/Users/christopherclemons/Projects/JukeBox/client/src/components/TrackListItem.js","statementMap":{"0":{"start":{"line":15,"column":2},"end":{"line":18,"column":5}},"1":{"start":{"line":33,"column":6},"end":{"line":33,"column":16}},"2":{"start":{"line":35,"column":17},"end":{"line":44,"column":3}},"3":{"start":{"line":55,"column":2},"end":{"line":91,"column":4}},"4":{"start":{"line":57,"column":19},"end":{"line":57,"column":43}}},"fnMap":{"0":{"name":"(anonymous_0)","decl":{"start":{"line":14,"column":1},"end":{"line":14,"column":2}},"loc":{"start":{"line":14,"column":24},"end":{"line":19,"column":2}},"line":14},"1":{"name":"(anonymous_1)","decl":{"start":{"line":21,"column":1},"end":{"line":21,"column":2}},"loc":{"start":{"line":21,"column":10},"end":{"line":92,"column":2}},"line":21},"2":{"name":"(anonymous_2)","decl":{"start":{"line":57,"column":13},"end":{"line":57,"column":14}},"loc":{"start":{"line":57,"column":19},"end":{"line":57,"column":43}},"line":57}},"branchMap":{"0":{"loc":{"start":{"line":59,"column":5},"end":{"line":62,"column":16}},"type":"cond-expr","locations":[{"start":{"line":60,"column":5},"end":{"line":60,"column":20}},{"start":{"line":62,"column":5},"end":{"line":62,"column":16}}],"line":59},"1":{"loc":{"start":{"line":59,"column":5},"end":{"line":59,"column":53}},"type":"binary-expr","locations":[{"start":{"line":59,"column":5},"end":{"line":59,"column":18}},{"start":{"line":59,"column":22},"end":{"line":59,"column":53}}],"line":59},"2":{"loc":{"start":{"line":66,"column":5},"end":{"line":88,"column":12}},"type":"cond-expr","locations":[{"start":{"line":67,"column":5},"end":{"line":71,"column":7}},{"start":{"line":73,"column":5},"end":{"line":88,"column":12}}],"line":66},"3":{"loc":{"start":{"line":76,"column":7},"end":{"line":86,"column":11}},"type":"cond-expr","locations":[{"start":{"line":77,"column":7},"end":{"line":84,"column":9}},{"start":{"line":86,"column":7},"end":{"line":86,"column":11}}],"line":76},"4":{"loc":{"start":{"line":76,"column":7},"end":{"line":76,"column":55}},"type":"binary-expr","locations":[{"start":{"line":76,"column":7},"end":{"line":76,"column":20}},{"start":{"line":76,"column":24},"end":{"line":76,"column":55}}],"line":76}},"s":{"0":0,"1":1,"2":1,"3":1,"4":0},"f":{"0":0,"1":1,"2":0},"b":{"0":[0,1],"1":[1,0],"2":[0,1],"3":[0,1],"4":[1,0]},"_coverageSchema":"332fd63041d2c1bcb487cc26dd0d5f7d97098a6c","hash":"46ea4e8213936e177d5c75ffa43da19dd80a0dad"}
,"/Users/christopherclemons/Projects/JukeBox/client/src/components/TrackListItemControls.js": {"path":"/Users/christopherclemons/Projects/JukeBox/client/src/components/TrackListItemControls.js","statementMap":{"0":{"start":{"line":18,"column":2},"end":{"line":18,"column":45}},"1":{"start":{"line":22,"column":2},"end":{"line":22,"column":34}},"2":{"start":{"line":33,"column":6},"end":{"line":33,"column":16}},"3":{"start":{"line":35,"column":23},"end":{"line":35,"column":33}},"4":{"start":{"line":37,"column":17},"end":{"line":41,"column":3}},"5":{"start":{"line":43,"column":2},"end":{"line":85,"column":4}},"6":{"start":{"line":45,"column":58},"end":{"line":45,"column":105}},"7":{"start":{"line":50,"column":56},"end":{"line":50,"column":79}},"8":{"start":{"line":71,"column":30},"end":{"line":71,"column":52}},"9":{"start":{"line":80,"column":34},"end":{"line":80,"column":58}}},"fnMap":{"0":{"name":"(anonymous_0)","decl":{"start":{"line":17,"column":1},"end":{"line":17,"column":2}},"loc":{"start":{"line":17,"column":23},"end":{"line":19,"column":2}},"line":17},"1":{"name":"(anonymous_1)","decl":{"start":{"line":21,"column":1},"end":{"line":21,"column":2}},"loc":{"start":{"line":21,"column":23},"end":{"line":23,"column":2}},"line":21},"2":{"name":"(anonymous_2)","decl":{"start":{"line":25,"column":1},"end":{"line":25,"column":2}},"loc":{"start":{"line":25,"column":10},"end":{"line":86,"column":2}},"line":25},"3":{"name":"(anonymous_3)","decl":{"start":{"line":45,"column":50},"end":{"line":45,"column":51}},"loc":{"start":{"line":45,"column":56},"end":{"line":45,"column":107}},"line":45},"4":{"name":"(anonymous_4)","decl":{"start":{"line":50,"column":48},"end":{"line":50,"column":49}},"loc":{"start":{"line":50,"column":54},"end":{"line":50,"column":81}},"line":50},"5":{"name":"(anonymous_5)","decl":{"start":{"line":71,"column":24},"end":{"line":71,"column":25}},"loc":{"start":{"line":71,"column":30},"end":{"line":71,"column":52}},"line":71},"6":{"name":"(anonymous_6)","decl":{"start":{"line":80,"column":28},"end":{"line":80,"column":29}},"loc":{"start":{"line":80,"column":34},"end":{"line":80,"column":58}},"line":80}},"branchMap":{"0":{"loc":{"start":{"line":49,"column":5},"end":{"line":54,"column":9}},"type":"cond-expr","locations":[{"start":{"line":50,"column":5},"end":{"line":52,"column":18}},{"start":{"line":54,"column":5},"end":{"line":54,"column":9}}],"line":49},"1":{"loc":{"start":{"line":58,"column":16},"end":{"line":58,"column":48}},"type":"cond-expr","locations":[{"start":{"line":58,"column":27},"end":{"line":58,"column":41}},{"start":{"line":58,"column":44},"end":{"line":58,"column":48}}],"line":58}},"s":{"0":0,"1":0,"2":0,"3":0,"4":0,"5":0,"6":0,"7":0,"8":0,"9":0},"f":{"0":0,"1":0,"2":0,"3":0,"4":0,"5":0,"6":0},"b":{"0":[0,0],"1":[0,0]},"_coverageSchema":"332fd63041d2c1bcb487cc26dd0d5f7d97098a6c","hash":"9251f90ec0058b951cf9fbc2f286256920af11f8"}
,"/Users/christopherclemons/Projects/JukeBox/client/src/components/Uploader.js": {"path":"/Users/christopherclemons/Projects/JukeBox/client/src/components/Uploader.js","statementMap":{"0":{"start":{"line":7,"column":13},"end":{"line":9,"column":2}},"1":{"start":{"line":13,"column":30},"end":{"line":17,"column":2}},"2":{"start":{"line":14,"column":1},"end":{"line":17,"column":2}},"3":{"start":{"line":15,"column":2},"end":{"line":15,"column":45}},"4":{"start":{"line":16,"column":2},"end":{"line":16,"column":30}},"5":{"start":{"line":18,"column":18},"end":{"line":35,"column":1}},"6":{"start":{"line":28,"column":1},"end":{"line":34,"column":3}},"7":{"start":{"line":37,"column":28},"end":{"line":39,"column":1}},"8":{"start":{"line":38,"column":1},"end":{"line":38,"column":23}},"9":{"start":{"line":47,"column":6},"end":{"line":47,"column":16}},"10":{"start":{"line":49,"column":2},"end":{"line":64,"column":4}}},"fnMap":{"0":{"name":"(anonymous_0)","decl":{"start":{"line":13,"column":30},"end":{"line":13,"column":31}},"loc":{"start":{"line":14,"column":1},"end":{"line":17,"column":2}},"line":14},"1":{"name":"(anonymous_1)","decl":{"start":{"line":14,"column":1},"end":{"line":14,"column":2}},"loc":{"start":{"line":14,"column":6},"end":{"line":17,"column":2}},"line":14},"2":{"name":"(anonymous_2)","decl":{"start":{"line":18,"column":18},"end":{"line":18,"column":19}},"loc":{"start":{"line":28,"column":1},"end":{"line":34,"column":3}},"line":28},"3":{"name":"(anonymous_3)","decl":{"start":{"line":37,"column":28},"end":{"line":37,"column":29}},"loc":{"start":{"line":38,"column":1},"end":{"line":38,"column":23}},"line":38},"4":{"name":"(anonymous_4)","decl":{"start":{"line":42,"column":1},"end":{"line":42,"column":2}},"loc":{"start":{"line":42,"column":10},"end":{"line":65,"column":2}},"line":42}},"branchMap":{},"s":{"0":2,"1":2,"2":0,"3":0,"4":0,"5":2,"6":0,"7":2,"8":0,"9":0,"10":0},"f":{"0":0,"1":0,"2":0,"3":0,"4":0},"b":{},"_coverageSchema":"332fd63041d2c1bcb487cc26dd0d5f7d97098a6c","hash":"df5092a0801dfe1e51d60f147206367d198d9075"}
,"/Users/christopherclemons/Projects/JukeBox/client/src/config/index.js": {"path":"/Users/christopherclemons/Projects/JukeBox/client/src/config/index.js","statementMap":{},"fnMap":{},"branchMap":{},"s":{},"f":{},"b":{},"_coverageSchema":"332fd63041d2c1bcb487cc26dd0d5f7d97098a6c","hash":"52d7dd11c38356159a5d3ae3633db3311772e5d4"}
,"/Users/christopherclemons/Projects/JukeBox/client/src/containers/MessageContainer.js": {"path":"/Users/christopherclemons/Projects/JukeBox/client/src/containers/MessageContainer.js","statementMap":{"0":{"start":{"line":9,"column":2},"end":{"line":9,"column":37}},"1":{"start":{"line":10,"column":2},"end":{"line":10,"column":28}},"2":{"start":{"line":14,"column":22},"end":{"line":14,"column":32}},"3":{"start":{"line":15,"column":2},"end":{"line":15,"column":65}},"4":{"start":{"line":15,"column":15},"end":{"line":15,"column":65}},"5":{"start":{"line":17,"column":2},"end":{"line":25,"column":4}},"6":{"start":{"line":18,"column":3},"end":{"line":25,"column":4}},"7":{"start":{"line":28,"column":2},"end":{"line":30,"column":3}},"8":{"start":{"line":35,"column":19},"end":{"line":41,"column":1}},"9":{"start":{"line":36,"column":1},"end":{"line":40,"column":2}},"10":{"start":{"line":37,"column":2},"end":{"line":39,"column":3}},"11":{"start":{"line":38,"column":3},"end":{"line":38,"column":32}},"12":{"start":{"line":43,"column":20},"end":{"line":45,"column":1}},"13":{"start":{"line":47,"column":24},"end":{"line":51,"column":1}},"14":{"start":{"line":48,"column":1},"end":{"line":50,"column":2}}},"fnMap":{"0":{"name":"(anonymous_0)","decl":{"start":{"line":8,"column":1},"end":{"line":8,"column":2}},"loc":{"start":{"line":8,"column":22},"end":{"line":11,"column":2}},"line":8},"1":{"name":"(anonymous_1)","decl":{"start":{"line":13,"column":1},"end":{"line":13,"column":2}},"loc":{"start":{"line":13,"column":10},"end":{"line":31,"column":2}},"line":13},"2":{"name":"(anonymous_2)","decl":{"start":{"line":35,"column":19},"end":{"line":35,"column":20}},"loc":{"start":{"line":35,"column":28},"end":{"line":41,"column":1}},"line":35},"3":{"name":"(anonymous_3)","decl":{"start":{"line":43,"column":20},"end":{"line":43,"column":21}},"loc":{"start":{"line":43,"column":29},"end":{"line":45,"column":1}},"line":43},"4":{"name":"(anonymous_4)","decl":{"start":{"line":47,"column":24},"end":{"line":47,"column":25}},"loc":{"start":{"line":47,"column":33},"end":{"line":51,"column":1}},"line":47}},"branchMap":{"0":{"loc":{"start":{"line":15,"column":2},"end":{"line":15,"column":65}},"type":"if","locations":[{"start":{"line":15,"column":2},"end":{"line":15,"column":65}},{"start":{"line":15,"column":2},"end":{"line":15,"column":65}}],"line":15},"1":{"loc":{"start":{"line":17,"column":2},"end":{"line":25,"column":4}},"type":"if","locations":[{"start":{"line":17,"column":2},"end":{"line":25,"column":4}},{"start":{"line":17,"column":2},"end":{"line":25,"column":4}}],"line":17},"2":{"loc":{"start":{"line":37,"column":2},"end":{"line":39,"column":3}},"type":"if","locations":[{"start":{"line":37,"column":2},"end":{"line":39,"column":3}},{"start":{"line":37,"column":2},"end":{"line":39,"column":3}}],"line":37}},"s":{"0":0,"1":0,"2":0,"3":0,"4":0,"5":0,"6":0,"7":0,"8":1,"9":0,"10":0,"11":0,"12":1,"13":1,"14":0},"f":{"0":0,"1":0,"2":0,"3":0,"4":0},"b":{"0":[0,0],"1":[0,0],"2":[0,0]},"_coverageSchema":"332fd63041d2c1bcb487cc26dd0d5f7d97098a6c","hash":"0680b7610029ad4a61a772ab051bc0ed826d0f1d"}
,"/Users/christopherclemons/Projects/JukeBox/client/src/containers/PlayerContainer.js": {"path":"/Users/christopherclemons/Projects/JukeBox/client/src/containers/PlayerContainer.js","statementMap":{"0":{"start":{"line":8,"column":21},"end":{"line":8,"column":31}},"1":{"start":{"line":9,"column":2},"end":{"line":9,"column":56}},"2":{"start":{"line":13,"column":21},"end":{"line":13,"column":31}},"3":{"start":{"line":14,"column":2},"end":{"line":14,"column":54}},"4":{"start":{"line":15,"column":2},"end":{"line":15,"column":57}},"5":{"start":{"line":19,"column":21},"end":{"line":19,"column":31}},"6":{"start":{"line":20,"column":2},"end":{"line":20,"column":56}},"7":{"start":{"line":24,"column":21},"end":{"line":24,"column":31}},"8":{"start":{"line":25,"column":2},"end":{"line":25,"column":55}},"9":{"start":{"line":29,"column":21},"end":{"line":29,"column":31}},"10":{"start":{"line":30,"column":2},"end":{"line":30,"column":55}},"11":{"start":{"line":34,"column":2},"end":{"line":34,"column":27}},"12":{"start":{"line":38,"column":32},"end":{"line":38,"column":42}},"13":{"start":{"line":40,"column":2},"end":{"line":52,"column":4}},"14":{"start":{"line":56,"column":24},"end":{"line":61,"column":1}},"15":{"start":{"line":57,"column":1},"end":{"line":60,"column":2}}},"fnMap":{"0":{"name":"(anonymous_0)","decl":{"start":{"line":7,"column":1},"end":{"line":7,"column":2}},"loc":{"start":{"line":7,"column":19},"end":{"line":10,"column":2}},"line":7},"1":{"name":"(anonymous_1)","decl":{"start":{"line":12,"column":1},"end":{"line":12,"column":2}},"loc":{"start":{"line":12,"column":20},"end":{"line":16,"column":2}},"line":12},"2":{"name":"(anonymous_2)","decl":{"start":{"line":18,"column":1},"end":{"line":18,"column":2}},"loc":{"start":{"line":18,"column":19},"end":{"line":21,"column":2}},"line":18},"3":{"name":"(anonymous_3)","decl":{"start":{"line":23,"column":1},"end":{"line":23,"column":2}},"loc":{"start":{"line":23,"column":18},"end":{"line":26,"column":2}},"line":23},"4":{"name":"(anonymous_4)","decl":{"start":{"line":28,"column":1},"end":{"line":28,"column":2}},"loc":{"start":{"line":28,"column":18},"end":{"line":31,"column":2}},"line":28},"5":{"name":"(anonymous_5)","decl":{"start":{"line":33,"column":1},"end":{"line":33,"column":2}},"loc":{"start":{"line":33,"column":21},"end":{"line":35,"column":2}},"line":33},"6":{"name":"(anonymous_6)","decl":{"start":{"line":37,"column":1},"end":{"line":37,"column":2}},"loc":{"start":{"line":37,"column":10},"end":{"line":53,"column":2}},"line":37},"7":{"name":"(anonymous_7)","decl":{"start":{"line":56,"column":24},"end":{"line":56,"column":25}},"loc":{"start":{"line":56,"column":33},"end":{"line":61,"column":1}},"line":56}},"branchMap":{},"s":{"0":0,"1":0,"2":0,"3":0,"4":0,"5":0,"6":0,"7":0,"8":0,"9":0,"10":0,"11":0,"12":0,"13":0,"14":1,"15":0},"f":{"0":0,"1":0,"2":0,"3":0,"4":0,"5":0,"6":0,"7":0},"b":{},"_coverageSchema":"332fd63041d2c1bcb487cc26dd0d5f7d97098a6c","hash":"e02da6001381b45df2da6222bdf9244bc3a596b4"}
,"/Users/christopherclemons/Projects/JukeBox/client/src/containers/TrackListContainer.js": {"path":"/Users/christopherclemons/Projects/JukeBox/client/src/containers/TrackListContainer.js","statementMap":{"0":{"start":{"line":6,"column":16},"end":{"line":6,"column":57}},"1":{"start":{"line":10,"column":2},"end":{"line":10,"column":15}},"2":{"start":{"line":11,"column":2},"end":{"line":11,"column":25}},"3":{"start":{"line":15,"column":4},"end":{"line":15,"column":50}},"4":{"start":{"line":19,"column":24},"end":{"line":19,"column":34}},"5":{"start":{"line":21,"column":2},"end":{"line":25,"column":3}},"6":{"start":{"line":29,"column":24},"end":{"line":33,"column":1}},"7":{"start":{"line":30,"column":1},"end":{"line":32,"column":2}}},"fnMap":{"0":{"name":"(anonymous_0)","decl":{"start":{"line":9,"column":1},"end":{"line":9,"column":2}},"loc":{"start":{"line":9,"column":20},"end":{"line":12,"column":2}},"line":9},"1":{"name":"(anonymous_1)","decl":{"start":{"line":14,"column":1},"end":{"line":14,"column":2}},"loc":{"start":{"line":14,"column":32},"end":{"line":16,"column":3}},"line":14},"2":{"name":"(anonymous_2)","decl":{"start":{"line":18,"column":1},"end":{"line":18,"column":2}},"loc":{"start":{"line":18,"column":10},"end":{"line":26,"column":2}},"line":18},"3":{"name":"(anonymous_3)","decl":{"start":{"line":29,"column":24},"end":{"line":29,"column":25}},"loc":{"start":{"line":29,"column":33},"end":{"line":33,"column":1}},"line":29}},"branchMap":{},"s":{"0":2,"1":1,"2":1,"3":0,"4":1,"5":1,"6":2,"7":0},"f":{"0":1,"1":0,"2":1,"3":0},"b":{},"_coverageSchema":"332fd63041d2c1bcb487cc26dd0d5f7d97098a6c","hash":"afb62b69138624a4407b6518b83cf21a76dc6947"}
,"/Users/christopherclemons/Projects/JukeBox/client/src/containers/TrackListItemContainer.js": {"path":"/Users/christopherclemons/Projects/JukeBox/client/src/containers/TrackListItemContainer.js","statementMap":{"0":{"start":{"line":6,"column":16},"end":{"line":6,"column":57}},"1":{"start":{"line":10,"column":2},"end":{"line":10,"column":32}},"2":{"start":{"line":14,"column":2},"end":{"line":14,"column":48}},"3":{"start":{"line":18,"column":2},"end":{"line":18,"column":31}},"4":{"start":{"line":22,"column":2},"end":{"line":22,"column":48}},"5":{"start":{"line":26,"column":2},"end":{"line":26,"column":43}},"6":{"start":{"line":30,"column":39},"end":{"line":30,"column":49}},"7":{"start":{"line":31,"column":2},"end":{"line":42,"column":4}},"8":{"start":{"line":46,"column":24},"end":{"line":51,"column":1}},"9":{"start":{"line":47,"column":1},"end":{"line":50,"column":2}}},"fnMap":{"0":{"name":"(anonymous_0)","decl":{"start":{"line":9,"column":1},"end":{"line":9,"column":2}},"loc":{"start":{"line":9,"column":26},"end":{"line":11,"column":2}},"line":9},"1":{"name":"(anonymous_1)","decl":{"start":{"line":13,"column":1},"end":{"line":13,"column":2}},"loc":{"start":{"line":13,"column":42},"end":{"line":15,"column":2}},"line":13},"2":{"name":"(anonymous_2)","decl":{"start":{"line":17,"column":1},"end":{"line":17,"column":2}},"loc":{"start":{"line":17,"column":25},"end":{"line":19,"column":2}},"line":17},"3":{"name":"(anonymous_3)","decl":{"start":{"line":21,"column":1},"end":{"line":21,"column":2}},"loc":{"start":{"line":21,"column":42},"end":{"line":23,"column":2}},"line":21},"4":{"name":"(anonymous_4)","decl":{"start":{"line":25,"column":1},"end":{"line":25,"column":2}},"loc":{"start":{"line":25,"column":30},"end":{"line":27,"column":2}},"line":25},"5":{"name":"(anonymous_5)","decl":{"start":{"line":29,"column":1},"end":{"line":29,"column":2}},"loc":{"start":{"line":29,"column":10},"end":{"line":43,"column":2}},"line":29},"6":{"name":"(anonymous_6)","decl":{"start":{"line":46,"column":24},"end":{"line":46,"column":25}},"loc":{"start":{"line":46,"column":33},"end":{"line":51,"column":1}},"line":46}},"branchMap":{},"s":{"0":3,"1":0,"2":0,"3":0,"4":0,"5":0,"6":0,"7":0,"8":3,"9":0},"f":{"0":0,"1":0,"2":0,"3":0,"4":0,"5":0,"6":0},"b":{},"_coverageSchema":"332fd63041d2c1bcb487cc26dd0d5f7d97098a6c","hash":"f26403620c87a39b9c109d901997b20940fa72e2"}
,"/Users/christopherclemons/Projects/JukeBox/client/src/containers/UploaderContainer.js": {"path":"/Users/christopherclemons/Projects/JukeBox/client/src/containers/UploaderContainer.js","statementMap":{"0":{"start":{"line":8,"column":17},"end":{"line":8,"column":31}},"1":{"start":{"line":9,"column":2},"end":{"line":9,"column":47}},"2":{"start":{"line":10,"column":2},"end":{"line":10,"column":53}},"3":{"start":{"line":12,"column":2},"end":{"line":12,"column":35}},"4":{"start":{"line":16,"column":2},"end":{"line":18,"column":4}},"5":{"start":{"line":22,"column":24},"end":{"line":27,"column":1}},"6":{"start":{"line":23,"column":1},"end":{"line":26,"column":2}}},"fnMap":{"0":{"name":"(anonymous_0)","decl":{"start":{"line":7,"column":1},"end":{"line":7,"column":2}},"loc":{"start":{"line":7,"column":25},"end":{"line":13,"column":2}},"line":7},"1":{"name":"(anonymous_1)","decl":{"start":{"line":15,"column":1},"end":{"line":15,"column":2}},"loc":{"start":{"line":15,"column":10},"end":{"line":19,"column":2}},"line":15},"2":{"name":"(anonymous_2)","decl":{"start":{"line":22,"column":24},"end":{"line":22,"column":25}},"loc":{"start":{"line":22,"column":33},"end":{"line":27,"column":1}},"line":22}},"branchMap":{},"s":{"0":0,"1":0,"2":0,"3":0,"4":0,"5":1,"6":0},"f":{"0":0,"1":0,"2":0},"b":{},"_coverageSchema":"332fd63041d2c1bcb487cc26dd0d5f7d97098a6c","hash":"47fad1a1daf2a95330e36ffab0ddee525139c02b"}
,"/Users/christopherclemons/Projects/JukeBox/client/src/reducers/index.js": {"path":"/Users/christopherclemons/Projects/JukeBox/client/src/reducers/index.js","statementMap":{"0":{"start":{"line":1,"column":13},"end":{"line":1,"column":75}},"1":{"start":{"line":1,"column":88},"end":{"line":1,"column":104}},"2":{"start":{"line":2,"column":17},"end":{"line":2,"column":38}},"3":{"start":{"line":3,"column":17},"end":{"line":3,"column":39}},"4":{"start":{"line":3,"column":58},"end":{"line":3,"column":92}},"5":{"start":{"line":4,"column":14},"end":{"line":4,"column":33}},"6":{"start":{"line":4,"column":49},"end":{"line":4,"column":80}},"7":{"start":{"line":5,"column":16},"end":{"line":5,"column":37}},"8":{"start":{"line":5,"column":55},"end":{"line":5,"column":88}},"9":{"start":{"line":5,"column":127},"end":{"line":5,"column":181}},"10":{"start":{"line":5,"column":182},"end":{"line":11,"column":29}}},"fnMap":{"0":{"name":"_interopRequireDefault","decl":{"start":{"line":5,"column":98},"end":{"line":5,"column":120}},"loc":{"start":{"line":5,"column":126},"end":{"line":5,"column":182}},"line":5}},"branchMap":{"0":{"loc":{"start":{"line":5,"column":134},"end":{"line":5,"column":180}},"type":"cond-expr","locations":[{"start":{"line":5,"column":158},"end":{"line":5,"column":161}},{"start":{"line":5,"column":164},"end":{"line":5,"column":180}}],"line":5},"1":{"loc":{"start":{"line":5,"column":134},"end":{"line":5,"column":155}},"type":"binary-expr","locations":[{"start":{"line":5,"column":134},"end":{"line":5,"column":137}},{"start":{"line":5,"column":141},"end":{"line":5,"column":155}}],"line":5}},"s":{"0":0,"1":0,"2":0,"3":0,"4":0,"5":0,"6":0,"7":0,"8":0,"9":0,"10":0},"f":{"0":0},"b":{"0":[0,0],"1":[0,0]}}
,"/Users/christopherclemons/Projects/JukeBox/client/src/reducers/messages.js": {"path":"/Users/christopherclemons/Projects/JukeBox/client/src/reducers/messages.js","statementMap":{"0":{"start":{"line":1,"column":13},"end":{"line":1,"column":75}},"1":{"start":{"line":1,"column":94},"end":{"line":1,"column":119}},"2":{"start":{"line":6,"column":22},"end":{"line":8,"column":15}},"3":{"start":{"line":11,"column":17},"end":{"line":28,"column":1}},"4":{"start":{"line":12,"column":1},"end":{"line":26,"column":24}},"5":{"start":{"line":14,"column":3},"end":{"line":17,"column":53}},"6":{"start":{"line":21,"column":3},"end":{"line":23,"column":21}},"7":{"start":{"line":26,"column":10},"end":{"line":26,"column":23}},"8":{"start":{"line":28,"column":2},"end":{"line":30,"column":9}}},"fnMap":{"0":{"name":"(anonymous_0)","decl":{"start":{"line":11,"column":17},"end":{"line":11,"column":18}},"loc":{"start":{"line":11,"column":52},"end":{"line":28,"column":1}},"line":11}},"branchMap":{"0":{"loc":{"start":{"line":11,"column":18},"end":{"line":11,"column":39}},"type":"default-arg","locations":[{"start":{"line":11,"column":26},"end":{"line":11,"column":39}}],"line":11},"1":{"loc":{"start":{"line":12,"column":1},"end":{"line":26,"column":24}},"type":"switch","locations":[{"start":{"line":13,"column":2},"end":{"line":17,"column":53}},{"start":{"line":20,"column":2},"end":{"line":23,"column":21}},{"start":{"line":26,"column":2},"end":{"line":26,"column":23}}],"line":12}},"s":{"0":0,"1":0,"2":0,"3":0,"4":0,"5":0,"6":0,"7":0,"8":0},"f":{"0":0},"b":{"0":[0],"1":[0,0,0]}}
,"/Users/christopherclemons/Projects/JukeBox/client/src/reducers/player.js": {"path":"/Users/christopherclemons/Projects/JukeBox/client/src/reducers/player.js","statementMap":{"0":{"start":{"line":1,"column":13},"end":{"line":1,"column":75}},"1":{"start":{"line":1,"column":94},"end":{"line":1,"column":119}},"2":{"start":{"line":12,"column":22},"end":{"line":19,"column":16}},"3":{"start":{"line":22,"column":15},"end":{"line":82,"column":1}},"4":{"start":{"line":23,"column":1},"end":{"line":80,"column":24}},"5":{"start":{"line":25,"column":3},"end":{"line":30,"column":21}},"6":{"start":{"line":34,"column":3},"end":{"line":37,"column":31}},"7":{"start":{"line":41,"column":3},"end":{"line":43,"column":21}},"8":{"start":{"line":47,"column":3},"end":{"line":49,"column":22}},"9":{"start":{"line":53,"column":3},"end":{"line":55,"column":22}},"10":{"start":{"line":59,"column":3},"end":{"line":63,"column":55}},"11":{"start":{"line":67,"column":3},"end":{"line":71,"column":55}},"12":{"start":{"line":75,"column":3},"end":{"line":77,"column":35}},"13":{"start":{"line":80,"column":10},"end":{"line":80,"column":23}},"14":{"start":{"line":82,"column":2},"end":{"line":84,"column":7}}},"fnMap":{"0":{"name":"(anonymous_0)","decl":{"start":{"line":22,"column":15},"end":{"line":22,"column":16}},"loc":{"start":{"line":22,"column":50},"end":{"line":82,"column":1}},"line":22}},"branchMap":{"0":{"loc":{"start":{"line":22,"column":16},"end":{"line":22,"column":37}},"type":"default-arg","locations":[{"start":{"line":22,"column":24},"end":{"line":22,"column":37}}],"line":22},"1":{"loc":{"start":{"line":23,"column":1},"end":{"line":80,"column":24}},"type":"switch","locations":[{"start":{"line":24,"column":2},"end":{"line":30,"column":21}},{"start":{"line":33,"column":2},"end":{"line":37,"column":31}},{"start":{"line":40,"column":2},"end":{"line":43,"column":21}},{"start":{"line":46,"column":2},"end":{"line":49,"column":22}},{"start":{"line":52,"column":2},"end":{"line":55,"column":22}},{"start":{"line":58,"column":2},"end":{"line":63,"column":55}},{"start":{"line":66,"column":2},"end":{"line":71,"column":55}},{"start":{"line":74,"column":2},"end":{"line":77,"column":35}},{"start":{"line":80,"column":2},"end":{"line":80,"column":23}}],"line":23}},"s":{"0":0,"1":0,"2":0,"3":0,"4":0,"5":0,"6":0,"7":0,"8":0,"9":0,"10":0,"11":0,"12":0,"13":0,"14":0},"f":{"0":0},"b":{"0":[0],"1":[0,0,0,0,0,0,0,0,0]}}
,"/Users/christopherclemons/Projects/JukeBox/client/src/reducers/trackList.js": {"path":"/Users/christopherclemons/Projects/JukeBox/client/src/reducers/trackList.js","statementMap":{"0":{"start":{"line":1,"column":13},"end":{"line":1,"column":75}},"1":{"start":{"line":1,"column":94},"end":{"line":1,"column":119}},"2":{"start":{"line":18,"column":22},"end":{"line":24,"column":16}},"3":{"start":{"line":27,"column":18},"end":{"line":139,"column":1}},"4":{"start":{"line":28,"column":1},"end":{"line":137,"column":17}},"5":{"start":{"line":30,"column":3},"end":{"line":32,"column":28}},"6":{"start":{"line":36,"column":3},"end":{"line":40,"column":31}},"7":{"start":{"line":44,"column":3},"end":{"line":48,"column":27}},"8":{"start":{"line":52,"column":3},"end":{"line":54,"column":55}},"9":{"start":{"line":58,"column":3},"end":{"line":60,"column":43}},"10":{"start":{"line":64,"column":3},"end":{"line":66,"column":30}},"11":{"start":{"line":71,"column":23},"end":{"line":71,"column":93}},"12":{"start":{"line":71,"column":55},"end":{"line":71,"column":92}},"13":{"start":{"line":73,"column":3},"end":{"line":81,"column":31}},"14":{"start":{"line":85,"column":3},"end":{"line":89,"column":31}},"15":{"start":{"line":93,"column":3},"end":{"line":95,"column":62}},"16":{"start":{"line":99,"column":3},"end":{"line":101,"column":30}},"17":{"start":{"line":105,"column":3},"end":{"line":106,"column":10}},"18":{"start":{"line":110,"column":23},"end":{"line":110,"column":93}},"19":{"start":{"line":110,"column":55},"end":{"line":110,"column":92}},"20":{"start":{"line":112,"column":3},"end":{"line":118,"column":47}},"21":{"start":{"line":123,"column":3},"end":{"line":127,"column":39}},"22":{"start":{"line":131,"column":3},"end":{"line":133,"column":31}},"23":{"start":{"line":137,"column":3},"end":{"line":137,"column":16}},"24":{"start":{"line":139,"column":2},"end":{"line":141,"column":10}}},"fnMap":{"0":{"name":"(anonymous_0)","decl":{"start":{"line":27,"column":18},"end":{"line":27,"column":19}},"loc":{"start":{"line":27,"column":53},"end":{"line":139,"column":1}},"line":27},"1":{"name":"(anonymous_1)","decl":{"start":{"line":71,"column":46},"end":{"line":71,"column":47}},"loc":{"start":{"line":71,"column":55},"end":{"line":71,"column":92}},"line":71},"2":{"name":"(anonymous_2)","decl":{"start":{"line":110,"column":46},"end":{"line":110,"column":47}},"loc":{"start":{"line":110,"column":55},"end":{"line":110,"column":92}},"line":110}},"branchMap":{"0":{"loc":{"start":{"line":27,"column":19},"end":{"line":27,"column":40}},"type":"default-arg","locations":[{"start":{"line":27,"column":27},"end":{"line":27,"column":40}}],"line":27},"1":{"loc":{"start":{"line":28,"column":1},"end":{"line":137,"column":17}},"type":"switch","locations":[{"start":{"line":29,"column":2},"end":{"line":32,"column":28}},{"start":{"line":35,"column":2},"end":{"line":40,"column":31}},{"start":{"line":43,"column":2},"end":{"line":48,"column":27}},{"start":{"line":51,"column":2},"end":{"line":54,"column":55}},{"start":{"line":57,"column":2},"end":{"line":60,"column":43}},{"start":{"line":63,"column":2},"end":{"line":66,"column":30}},{"start":{"line":69,"column":2},"end":{"line":81,"column":31}},{"start":{"line":84,"column":2},"end":{"line":89,"column":31}},{"start":{"line":92,"column":2},"end":{"line":95,"column":62}},{"start":{"line":98,"column":2},"end":{"line":101,"column":30}},{"start":{"line":104,"column":2},"end":{"line":106,"column":10}},{"start":{"line":109,"column":2},"end":{"line":118,"column":47}},{"start":{"line":122,"column":2},"end":{"line":127,"column":39}},{"start":{"line":130,"column":2},"end":{"line":133,"column":31}},{"start":{"line":136,"column":2},"end":{"line":137,"column":16}}],"line":28}},"s":{"0":0,"1":0,"2":0,"3":0,"4":0,"5":0,"6":0,"7":0,"8":0,"9":0,"10":0,"11":0,"12":0,"13":0,"14":0,"15":0,"16":0,"17":0,"18":0,"19":0,"20":0,"21":0,"22":0,"23":0,"24":0},"f":{"0":0,"1":0,"2":0},"b":{"0":[0],"1":[0,0,0,0,0,0,0,0,0,0,0,0,0,0,0]}}
,"/Users/christopherclemons/Projects/JukeBox/client/src/selectors/index.js": {"path":"/Users/christopherclemons/Projects/JukeBox/client/src/selectors/index.js","statementMap":{},"fnMap":{},"branchMap":{},"s":{},"f":{},"b":{}}
}
