{"/Users/chris/Projects/Jukebox/client/src/App.js": {"path":"/Users/chris/Projects/Jukebox/client/src/App.js","statementMap":{"0":{"start":{"line":9,"column":4},"end":{"line":15,"column":6}}},"fnMap":{"0":{"name":"(anonymous_0)","decl":{"start":{"line":8,"column":2},"end":{"line":8,"column":3}},"loc":{"start":{"line":8,"column":11},"end":{"line":16,"column":3}},"line":8}},"branchMap":{},"s":{"0":1},"f":{"0":1},"b":{},"_coverageSchema":"332fd63041d2c1bcb487cc26dd0d5f7d97098a6c","hash":"84d4bca0b9fa339a77d2e92d08a8a7850795af6f"}
,"/Users/chris/Projects/Jukebox/client/src/Prototype.js": {"path":"/Users/chris/Projects/Jukebox/client/src/Prototype.js","statementMap":{"0":{"start":{"line":1,"column":13},"end":{"line":1,"column":75}},"1":{"start":{"line":1,"column":94},"end":{"line":1,"column":149}},"2":{"start":{"line":1,"column":163},"end":{"line":1,"column":179}},"3":{"start":{"line":1,"column":194},"end":{"line":1,"column":224}},"4":{"start":{"line":2,"column":13},"end":{"line":2,"column":29}},"5":{"start":{"line":2,"column":44},"end":{"line":2,"column":74}},"6":{"start":{"line":2,"column":113},"end":{"line":2,"column":167}},"7":{"start":{"line":4,"column":18},"end":{"line":11,"column":1}},"8":{"start":{"line":5,"column":1},"end":{"line":10,"column":54}},"9":{"start":{"line":7,"column":2},"end":{"line":7,"column":53}},"10":{"start":{"line":8,"column":2},"end":{"line":8,"column":28}},"11":{"start":{"line":10,"column":14},"end":{"line":10,"column":52}},"12":{"start":{"line":15,"column":2},"end":{"line":15,"column":15}},"13":{"start":{"line":26,"column":2},"end":{"line":26,"column":36}},"14":{"start":{"line":27,"column":2},"end":{"line":41,"column":152}},"15":{"start":{"line":45,"column":3},"end":{"line":48,"column":10}}},"fnMap":{"0":{"name":"_interopRequireDefault","decl":{"start":{"line":2,"column":84},"end":{"line":2,"column":106}},"loc":{"start":{"line":2,"column":112},"end":{"line":2,"column":168}},"line":2},"1":{"name":"(anonymous_1)","decl":{"start":{"line":4,"column":18},"end":{"line":4,"column":19}},"loc":{"start":{"line":4,"column":24},"end":{"line":11,"column":1}},"line":4},"2":{"name":"(anonymous_2)","decl":{"start":{"line":6,"column":6},"end":{"line":6,"column":7}},"loc":{"start":{"line":6,"column":18},"end":{"line":9,"column":2}},"line":6},"3":{"name":"(anonymous_3)","decl":{"start":{"line":10,"column":7},"end":{"line":10,"column":8}},"loc":{"start":{"line":10,"column":14},"end":{"line":10,"column":52}},"line":10},"4":{"name":"(anonymous_4)","decl":{"start":{"line":14,"column":1},"end":{"line":14,"column":2}},"loc":{"start":{"line":14,"column":20},"end":{"line":22,"column":2}},"line":14},"5":{"name":"(anonymous_5)","decl":{"start":{"line":25,"column":1},"end":{"line":25,"column":2}},"loc":{"start":{"line":25,"column":10},"end":{"line":45,"column":2}},"line":25}},"branchMap":{"0":{"loc":{"start":{"line":2,"column":120},"end":{"line":2,"column":166}},"type":"cond-expr","locations":[{"start":{"line":2,"column":144},"end":{"line":2,"column":147}},{"start":{"line":2,"column":150},"end":{"line":2,"column":166}}],"line":2},"1":{"loc":{"start":{"line":2,"column":120},"end":{"line":2,"column":141}},"type":"binary-expr","locations":[{"start":{"line":2,"column":120},"end":{"line":2,"column":123}},{"start":{"line":2,"column":127},"end":{"line":2,"column":141}}],"line":2}},"s":{"0":0,"1":0,"2":0,"3":0,"4":0,"5":0,"6":0,"7":0,"8":0,"9":0,"10":0,"11":0,"12":0,"13":0,"14":0,"15":0},"f":{"0":0,"1":0,"2":0,"3":0,"4":0,"5":0},"b":{"0":[0,0],"1":[0,0]}}
,"/Users/chris/Projects/Jukebox/client/src/index.js": {"path":"/Users/chris/Projects/Jukebox/client/src/index.js","statementMap":{"0":{"start":{"line":1,"column":32},"end":{"line":1,"column":83}},"1":{"start":{"line":1,"column":97},"end":{"line":1,"column":113}},"2":{"start":{"line":1,"column":128},"end":{"line":1,"column":158}},"3":{"start":{"line":2,"column":16},"end":{"line":2,"column":36}},"4":{"start":{"line":2,"column":54},"end":{"line":2,"column":87}},"5":{"start":{"line":3,"column":13},"end":{"line":3,"column":29}},"6":{"start":{"line":4,"column":18},"end":{"line":4,"column":40}},"7":{"start":{"line":5,"column":18},"end":{"line":5,"column":40}},"8":{"start":{"line":5,"column":60},"end":{"line":5,"column":95}},"9":{"start":{"line":6,"column":13},"end":{"line":6,"column":40}},"10":{"start":{"line":6,"column":55},"end":{"line":6,"column":85}},"11":{"start":{"line":7,"column":0},"end":{"line":7,"column":23}},"12":{"start":{"line":8,"column":11},"end":{"line":8,"column":27}},"13":{"start":{"line":8,"column":40},"end":{"line":8,"column":68}},"14":{"start":{"line":9,"column":29},"end":{"line":9,"column":63}},"15":{"start":{"line":9,"column":94},"end":{"line":9,"column":140}},"16":{"start":{"line":9,"column":179},"end":{"line":9,"column":233}},"17":{"start":{"line":11,"column":14},"end":{"line":14,"column":50}},"18":{"start":{"line":17,"column":0},"end":{"line":20,"column":33}},"19":{"start":{"line":21,"column":0},"end":{"line":21,"column":39}}},"fnMap":{"0":{"name":"_interopRequireDefault","decl":{"start":{"line":9,"column":150},"end":{"line":9,"column":172}},"loc":{"start":{"line":9,"column":178},"end":{"line":9,"column":234}},"line":9}},"branchMap":{"0":{"loc":{"start":{"line":9,"column":186},"end":{"line":9,"column":232}},"type":"cond-expr","locations":[{"start":{"line":9,"column":210},"end":{"line":9,"column":213}},{"start":{"line":9,"column":216},"end":{"line":9,"column":232}}],"line":9},"1":{"loc":{"start":{"line":9,"column":186},"end":{"line":9,"column":207}},"type":"binary-expr","locations":[{"start":{"line":9,"column":186},"end":{"line":9,"column":189}},{"start":{"line":9,"column":193},"end":{"line":9,"column":207}}],"line":9},"2":{"loc":{"start":{"line":13,"column":0},"end":{"line":13,"column":83}},"type":"binary-expr","locations":[{"start":{"line":13,"column":0},"end":{"line":13,"column":42}},{"start":{"line":13,"column":46},"end":{"line":13,"column":83}}],"line":13}},"s":{"0":0,"1":0,"2":0,"3":0,"4":0,"5":0,"6":0,"7":0,"8":0,"9":0,"10":0,"11":0,"12":0,"13":0,"14":0,"15":0,"16":0,"17":0,"18":0,"19":0},"f":{"0":0},"b":{"0":[0,0],"1":[0,0],"2":[0,0]}}
,"/Users/chris/Projects/Jukebox/client/src/registerServiceWorker.js": {"path":"/Users/chris/Projects/Jukebox/client/src/registerServiceWorker.js","statementMap":{"0":{"start":{"line":1,"column":13},"end":{"line":1,"column":75}},"1":{"start":{"line":1,"column":75},"end":{"line":21,"column":9}},"2":{"start":{"line":21,"column":9},"end":{"line":111,"column":24}},"3":{"start":{"line":118,"column":20},"end":{"line":120,"column":89}},"4":{"start":{"line":120,"column":111},"end":{"line":128,"column":36}},"5":{"start":{"line":121,"column":22},"end":{"line":121,"column":70}},"6":{"start":{"line":121,"column":71},"end":{"line":124,"column":14}},"7":{"start":{"line":124,"column":6},"end":{"line":124,"column":13}},"8":{"start":{"line":124,"column":14},"end":{"line":128,"column":35}},"9":{"start":{"line":124,"column":67},"end":{"line":124,"column":112}},"10":{"start":{"line":124,"column":113},"end":{"line":128,"column":32}},"11":{"start":{"line":125,"column":8},"end":{"line":125,"column":39}},"12":{"start":{"line":127,"column":8},"end":{"line":127,"column":178}},"13":{"start":{"line":127,"column":50},"end":{"line":127,"column":175}},"14":{"start":{"line":128,"column":8},"end":{"line":128,"column":31}},"15":{"start":{"line":128,"column":70},"end":{"line":135,"column":156}},"16":{"start":{"line":128,"column":132},"end":{"line":135,"column":68}},"17":{"start":{"line":128,"column":193},"end":{"line":128,"column":216}},"18":{"start":{"line":128,"column":217},"end":{"line":135,"column":66}},"19":{"start":{"line":128,"column":257},"end":{"line":135,"column":64}},"20":{"start":{"line":128,"column":302},"end":{"line":135,"column":63}},"21":{"start":{"line":132,"column":12},"end":{"line":132,"column":69}},"22":{"start":{"line":135,"column":12},"end":{"line":135,"column":62}},"23":{"start":{"line":135,"column":87},"end":{"line":135,"column":153}},"24":{"start":{"line":136,"column":2},"end":{"line":139,"column":126}},"25":{"start":{"line":137,"column":4},"end":{"line":139,"column":30}},"26":{"start":{"line":138,"column":6},"end":{"line":138,"column":127}},"27":{"start":{"line":138,"column":58},"end":{"line":138,"column":124}},"28":{"start":{"line":138,"column":96},"end":{"line":138,"column":121}},"29":{"start":{"line":139,"column":6},"end":{"line":139,"column":29}},"30":{"start":{"line":139,"column":46},"end":{"line":139,"column":123}},"31":{"start":{"line":139,"column":150},"end":{"line":139,"column":267}},"32":{"start":{"line":139,"column":185},"end":{"line":139,"column":266}},"33":{"start":{"line":139,"column":237},"end":{"line":139,"column":263}}},"fnMap":{"0":{"name":"register","decl":{"start":{"line":120,"column":99},"end":{"line":120,"column":107}},"loc":{"start":{"line":120,"column":110},"end":{"line":128,"column":37}},"line":120},"1":{"name":"(anonymous_1)","decl":{"start":{"line":124,"column":46},"end":{"line":124,"column":47}},"loc":{"start":{"line":124,"column":52},"end":{"line":128,"column":33}},"line":124},"2":{"name":"(anonymous_2)","decl":{"start":{"line":127,"column":43},"end":{"line":127,"column":44}},"loc":{"start":{"line":127,"column":49},"end":{"line":127,"column":176}},"line":127},"3":{"name":"registerValidSW","decl":{"start":{"line":128,"column":46},"end":{"line":128,"column":61}},"loc":{"start":{"line":128,"column":69},"end":{"line":135,"column":157}},"line":128},"4":{"name":"(anonymous_4)","decl":{"start":{"line":128,"column":115},"end":{"line":128,"column":116}},"loc":{"start":{"line":128,"column":131},"end":{"line":135,"column":69}},"line":128},"5":{"name":"(anonymous_5)","decl":{"start":{"line":128,"column":161},"end":{"line":128,"column":162}},"loc":{"start":{"line":128,"column":167},"end":{"line":135,"column":67}},"line":128},"6":{"name":"(anonymous_6)","decl":{"start":{"line":128,"column":250},"end":{"line":128,"column":251}},"loc":{"start":{"line":128,"column":256},"end":{"line":135,"column":65}},"line":128},"7":{"name":"(anonymous_7)","decl":{"start":{"line":135,"column":77},"end":{"line":135,"column":78}},"loc":{"start":{"line":135,"column":86},"end":{"line":135,"column":154}},"line":135},"8":{"name":"checkValidServiceWorker","decl":{"start":{"line":135,"column":166},"end":{"line":135,"column":189}},"loc":{"start":{"line":135,"column":197},"end":{"line":139,"column":127}},"line":135},"9":{"name":"(anonymous_9)","decl":{"start":{"line":136,"column":20},"end":{"line":136,"column":21}},"loc":{"start":{"line":136,"column":32},"end":{"line":139,"column":31}},"line":136},"10":{"name":"(anonymous_10)","decl":{"start":{"line":138,"column":41},"end":{"line":138,"column":42}},"loc":{"start":{"line":138,"column":57},"end":{"line":138,"column":125}},"line":138},"11":{"name":"(anonymous_11)","decl":{"start":{"line":138,"column":89},"end":{"line":138,"column":90}},"loc":{"start":{"line":138,"column":95},"end":{"line":138,"column":122}},"line":138},"12":{"name":"(anonymous_12)","decl":{"start":{"line":139,"column":39},"end":{"line":139,"column":40}},"loc":{"start":{"line":139,"column":45},"end":{"line":139,"column":124}},"line":139},"13":{"name":"unregister","decl":{"start":{"line":139,"column":136},"end":{"line":139,"column":146}},"loc":{"start":{"line":139,"column":149},"end":{"line":139,"column":268}},"line":139},"14":{"name":"(anonymous_14)","decl":{"start":{"line":139,"column":220},"end":{"line":139,"column":221}},"loc":{"start":{"line":139,"column":236},"end":{"line":139,"column":264}},"line":139}},"branchMap":{"0":{"loc":{"start":{"line":118,"column":28},"end":{"line":120,"column":88}},"type":"binary-expr","locations":[{"start":{"line":118,"column":28},"end":{"line":118,"column":68}},{"start":{"line":119,"column":0},"end":{"line":119,"column":36}},{"start":{"line":120,"column":0},"end":{"line":120,"column":88}}],"line":118},"1":{"loc":{"start":{"line":120,"column":111},"end":{"line":128,"column":36}},"type":"if","locations":[{"start":{"line":120,"column":111},"end":{"line":128,"column":36}},{"start":{"line":120,"column":111},"end":{"line":128,"column":36}}],"line":120},"2":{"loc":{"start":{"line":120,"column":115},"end":{"line":120,"column":184}},"type":"binary-expr","locations":[{"start":{"line":120,"column":115},"end":{"line":120,"column":152}},{"start":{"line":120,"column":156},"end":{"line":120,"column":184}}],"line":120},"3":{"loc":{"start":{"line":121,"column":71},"end":{"line":124,"column":14}},"type":"if","locations":[{"start":{"line":121,"column":71},"end":{"line":124,"column":14}},{"start":{"line":121,"column":71},"end":{"line":124,"column":14}}],"line":121},"4":{"loc":{"start":{"line":124,"column":113},"end":{"line":128,"column":32}},"type":"if","locations":[{"start":{"line":124,"column":113},"end":{"line":128,"column":32}},{"start":{"line":124,"column":113},"end":{"line":128,"column":32}}],"line":124},"5":{"loc":{"start":{"line":128,"column":257},"end":{"line":135,"column":64}},"type":"if","locations":[{"start":{"line":128,"column":257},"end":{"line":135,"column":64}},{"start":{"line":128,"column":257},"end":{"line":135,"column":64}}],"line":128},"6":{"loc":{"start":{"line":128,"column":302},"end":{"line":135,"column":63}},"type":"if","locations":[{"start":{"line":128,"column":302},"end":{"line":135,"column":63}},{"start":{"line":128,"column":302},"end":{"line":135,"column":63}}],"line":128},"7":{"loc":{"start":{"line":137,"column":4},"end":{"line":139,"column":30}},"type":"if","locations":[{"start":{"line":137,"column":4},"end":{"line":139,"column":30}},{"start":{"line":137,"column":4},"end":{"line":139,"column":30}}],"line":137},"8":{"loc":{"start":{"line":137,"column":8},"end":{"line":137,"column":100}},"type":"binary-expr","locations":[{"start":{"line":137,"column":8},"end":{"line":137,"column":31}},{"start":{"line":137,"column":35},"end":{"line":137,"column":100}}],"line":137},"9":{"loc":{"start":{"line":139,"column":150},"end":{"line":139,"column":267}},"type":"if","locations":[{"start":{"line":139,"column":150},"end":{"line":139,"column":267}},{"start":{"line":139,"column":150},"end":{"line":139,"column":267}}],"line":139}},"s":{"0":0,"1":0,"2":0,"3":0,"4":0,"5":0,"6":0,"7":0,"8":0,"9":0,"10":0,"11":0,"12":0,"13":0,"14":0,"15":0,"16":0,"17":0,"18":0,"19":0,"20":0,"21":0,"22":0,"23":0,"24":0,"25":0,"26":0,"27":0,"28":0,"29":0,"30":0,"31":0,"32":0,"33":0},"f":{"0":0,"1":0,"2":0,"3":0,"4":0,"5":0,"6":0,"7":0,"8":0,"9":0,"10":0,"11":0,"12":0,"13":0,"14":0},"b":{"0":[0,0,0],"1":[0,0],"2":[0,0],"3":[0,0],"4":[0,0],"5":[0,0],"6":[0,0],"7":[0,0],"8":[0,0],"9":[0,0]}}
,"/Users/chris/Projects/Jukebox/client/src/setupTests.js": {"path":"/Users/chris/Projects/Jukebox/client/src/setupTests.js","statementMap":{"0":{"start":{"line":4,"column":0},"end":{"line":4,"column":45}}},"fnMap":{},"branchMap":{},"s":{"0":6},"f":{},"b":{},"_coverageSchema":"332fd63041d2c1bcb487cc26dd0d5f7d97098a6c","hash":"3d80116834e28aa2931a5db8778ea6dd0fc6f610"}
,"/Users/chris/Projects/Jukebox/client/src/actions/index.js": {"path":"/Users/chris/Projects/Jukebox/client/src/actions/index.js","statementMap":{},"fnMap":{},"branchMap":{},"s":{},"f":{},"b":{},"_coverageSchema":"332fd63041d2c1bcb487cc26dd0d5f7d97098a6c","hash":"e6865d47bd07a2f560f928387e1e7e28da25257c"}
,"/Users/chris/Projects/Jukebox/client/src/actions/player.js": {"path":"/Users/chris/Projects/Jukebox/client/src/actions/player.js","statementMap":{"0":{"start":{"line":9,"column":25},"end":{"line":16,"column":1}},"1":{"start":{"line":10,"column":1},"end":{"line":10,"column":31}},"2":{"start":{"line":11,"column":1},"end":{"line":15,"column":3}},"3":{"start":{"line":12,"column":2},"end":{"line":14,"column":5}},"4":{"start":{"line":18,"column":26},"end":{"line":25,"column":1}},"5":{"start":{"line":19,"column":1},"end":{"line":19,"column":32}},"6":{"start":{"line":20,"column":1},"end":{"line":24,"column":3}},"7":{"start":{"line":21,"column":2},"end":{"line":23,"column":5}},"8":{"start":{"line":27,"column":25},"end":{"line":34,"column":1}},"9":{"start":{"line":28,"column":1},"end":{"line":28,"column":31}},"10":{"start":{"line":29,"column":1},"end":{"line":33,"column":3}},"11":{"start":{"line":30,"column":2},"end":{"line":32,"column":5}},"12":{"start":{"line":36,"column":24},"end":{"line":45,"column":1}},"13":{"start":{"line":37,"column":1},"end":{"line":37,"column":50}},"14":{"start":{"line":38,"column":1},"end":{"line":38,"column":31}},"15":{"start":{"line":39,"column":1},"end":{"line":39,"column":33}},"16":{"start":{"line":40,"column":1},"end":{"line":44,"column":2}},"17":{"start":{"line":41,"column":2},"end":{"line":43,"column":4}},"18":{"start":{"line":47,"column":24},"end":{"line":56,"column":1}},"19":{"start":{"line":48,"column":1},"end":{"line":48,"column":50}},"20":{"start":{"line":49,"column":1},"end":{"line":49,"column":31}},"21":{"start":{"line":50,"column":1},"end":{"line":50,"column":33}},"22":{"start":{"line":51,"column":1},"end":{"line":55,"column":2}},"23":{"start":{"line":52,"column":2},"end":{"line":54,"column":4}}},"fnMap":{"0":{"name":"(anonymous_0)","decl":{"start":{"line":9,"column":25},"end":{"line":9,"column":26}},"loc":{"start":{"line":9,"column":48},"end":{"line":16,"column":1}},"line":9},"1":{"name":"(anonymous_1)","decl":{"start":{"line":11,"column":8},"end":{"line":11,"column":9}},"loc":{"start":{"line":11,"column":20},"end":{"line":15,"column":2}},"line":11},"2":{"name":"(anonymous_2)","decl":{"start":{"line":18,"column":26},"end":{"line":18,"column":27}},"loc":{"start":{"line":18,"column":49},"end":{"line":25,"column":1}},"line":18},"3":{"name":"(anonymous_3)","decl":{"start":{"line":20,"column":8},"end":{"line":20,"column":9}},"loc":{"start":{"line":20,"column":20},"end":{"line":24,"column":2}},"line":20},"4":{"name":"(anonymous_4)","decl":{"start":{"line":27,"column":25},"end":{"line":27,"column":26}},"loc":{"start":{"line":27,"column":48},"end":{"line":34,"column":1}},"line":27},"5":{"name":"(anonymous_5)","decl":{"start":{"line":29,"column":8},"end":{"line":29,"column":9}},"loc":{"start":{"line":29,"column":20},"end":{"line":33,"column":2}},"line":29},"6":{"name":"(anonymous_6)","decl":{"start":{"line":36,"column":24},"end":{"line":36,"column":25}},"loc":{"start":{"line":36,"column":47},"end":{"line":45,"column":1}},"line":36},"7":{"name":"(anonymous_7)","decl":{"start":{"line":40,"column":8},"end":{"line":40,"column":9}},"loc":{"start":{"line":40,"column":20},"end":{"line":44,"column":2}},"line":40},"8":{"name":"(anonymous_8)","decl":{"start":{"line":47,"column":24},"end":{"line":47,"column":25}},"loc":{"start":{"line":47,"column":47},"end":{"line":56,"column":1}},"line":47},"9":{"name":"(anonymous_9)","decl":{"start":{"line":51,"column":8},"end":{"line":51,"column":9}},"loc":{"start":{"line":51,"column":20},"end":{"line":55,"column":2}},"line":51}},"branchMap":{},"s":{"0":2,"1":0,"2":0,"3":0,"4":2,"5":0,"6":0,"7":0,"8":2,"9":0,"10":0,"11":0,"12":2,"13":0,"14":0,"15":0,"16":0,"17":0,"18":2,"19":0,"20":0,"21":0,"22":0,"23":0},"f":{"0":0,"1":0,"2":0,"3":0,"4":0,"5":0,"6":0,"7":0,"8":0,"9":0},"b":{},"_coverageSchema":"332fd63041d2c1bcb487cc26dd0d5f7d97098a6c","hash":"ba172e6c660ac7652a47f23787466fb3bfea3396"}
,"/Users/chris/Projects/Jukebox/client/src/actions/trackList.js": {"path":"/Users/chris/Projects/Jukebox/client/src/actions/trackList.js","statementMap":{"0":{"start":{"line":13,"column":19},"end":{"line":13,"column":36}},"1":{"start":{"line":15,"column":25},"end":{"line":38,"column":1}},"2":{"start":{"line":16,"column":1},"end":{"line":37,"column":2}},"3":{"start":{"line":17,"column":2},"end":{"line":19,"column":5}},"4":{"start":{"line":21,"column":2},"end":{"line":36,"column":5}},"5":{"start":{"line":23,"column":3},"end":{"line":23,"column":48}},"6":{"start":{"line":24,"column":3},"end":{"line":28,"column":6}},"7":{"start":{"line":31,"column":3},"end":{"line":31,"column":22}},"8":{"start":{"line":32,"column":3},"end":{"line":35,"column":6}},"9":{"start":{"line":40,"column":27},"end":{"line":47,"column":1}},"10":{"start":{"line":41,"column":1},"end":{"line":46,"column":2}},"11":{"start":{"line":42,"column":2},"end":{"line":45,"column":5}},"12":{"start":{"line":51,"column":29},"end":{"line":65,"column":1}},"13":{"start":{"line":54,"column":1},"end":{"line":54,"column":58}},"14":{"start":{"line":55,"column":1},"end":{"line":55,"column":49}},"15":{"start":{"line":55,"column":21},"end":{"line":55,"column":47}},"16":{"start":{"line":56,"column":1},"end":{"line":64,"column":3}},"17":{"start":{"line":57,"column":2},"end":{"line":63,"column":5}},"18":{"start":{"line":68,"column":26},"end":{"line":78,"column":1}},"19":{"start":{"line":69,"column":1},"end":{"line":77,"column":3}},"20":{"start":{"line":70,"column":2},"end":{"line":76,"column":5}}},"fnMap":{"0":{"name":"(anonymous_0)","decl":{"start":{"line":15,"column":25},"end":{"line":15,"column":26}},"loc":{"start":{"line":15,"column":31},"end":{"line":38,"column":1}},"line":15},"1":{"name":"(anonymous_1)","decl":{"start":{"line":16,"column":8},"end":{"line":16,"column":9}},"loc":{"start":{"line":16,"column":20},"end":{"line":37,"column":2}},"line":16},"2":{"name":"(anonymous_2)","decl":{"start":{"line":22,"column":8},"end":{"line":22,"column":9}},"loc":{"start":{"line":22,"column":20},"end":{"line":29,"column":3}},"line":22},"3":{"name":"(anonymous_3)","decl":{"start":{"line":30,"column":9},"end":{"line":30,"column":10}},"loc":{"start":{"line":30,"column":16},"end":{"line":36,"column":3}},"line":30},"4":{"name":"(anonymous_4)","decl":{"start":{"line":40,"column":27},"end":{"line":40,"column":28}},"loc":{"start":{"line":40,"column":36},"end":{"line":47,"column":1}},"line":40},"5":{"name":"(anonymous_5)","decl":{"start":{"line":41,"column":8},"end":{"line":41,"column":9}},"loc":{"start":{"line":41,"column":20},"end":{"line":46,"column":2}},"line":41},"6":{"name":"(anonymous_6)","decl":{"start":{"line":51,"column":29},"end":{"line":51,"column":30}},"loc":{"start":{"line":51,"column":54},"end":{"line":65,"column":1}},"line":51},"7":{"name":"(anonymous_7)","decl":{"start":{"line":56,"column":8},"end":{"line":56,"column":9}},"loc":{"start":{"line":56,"column":20},"end":{"line":64,"column":2}},"line":56},"8":{"name":"(anonymous_8)","decl":{"start":{"line":68,"column":26},"end":{"line":68,"column":27}},"loc":{"start":{"line":68,"column":35},"end":{"line":78,"column":1}},"line":68},"9":{"name":"(anonymous_9)","decl":{"start":{"line":69,"column":8},"end":{"line":69,"column":9}},"loc":{"start":{"line":69,"column":20},"end":{"line":77,"column":2}},"line":69}},"branchMap":{"0":{"loc":{"start":{"line":55,"column":1},"end":{"line":55,"column":49}},"type":"if","locations":[{"start":{"line":55,"column":1},"end":{"line":55,"column":49}},{"start":{"line":55,"column":1},"end":{"line":55,"column":49}}],"line":55}},"s":{"0":2,"1":2,"2":0,"3":0,"4":0,"5":0,"6":0,"7":0,"8":0,"9":2,"10":0,"11":0,"12":2,"13":0,"14":0,"15":0,"16":0,"17":0,"18":2,"19":0,"20":0},"f":{"0":0,"1":0,"2":0,"3":0,"4":0,"5":0,"6":0,"7":0,"8":0,"9":0},"b":{"0":[0,0]},"_coverageSchema":"332fd63041d2c1bcb487cc26dd0d5f7d97098a6c","hash":"f5edc79069127ddead3244bdc9f319dc47e300d6"}
,"/Users/chris/Projects/Jukebox/client/src/actions/uploaderActions.js": {"path":"/Users/chris/Projects/Jukebox/client/src/actions/uploaderActions.js","statementMap":{"0":{"start":{"line":9,"column":19},"end":{"line":9,"column":36}},"1":{"start":{"line":11,"column":27},"end":{"line":33,"column":1}},"2":{"start":{"line":12,"column":1},"end":{"line":12,"column":50}},"3":{"start":{"line":13,"column":1},"end":{"line":32,"column":2}},"4":{"start":{"line":14,"column":2},"end":{"line":16,"column":4}},"5":{"start":{"line":17,"column":2},"end":{"line":31,"column":5}},"6":{"start":{"line":19,"column":3},"end":{"line":19,"column":50}},"7":{"start":{"line":20,"column":3},"end":{"line":23,"column":6}},"8":{"start":{"line":26,"column":3},"end":{"line":26,"column":42}},"9":{"start":{"line":27,"column":3},"end":{"line":30,"column":6}}},"fnMap":{"0":{"name":"(anonymous_0)","decl":{"start":{"line":11,"column":27},"end":{"line":11,"column":28}},"loc":{"start":{"line":11,"column":39},"end":{"line":33,"column":1}},"line":11},"1":{"name":"(anonymous_1)","decl":{"start":{"line":13,"column":8},"end":{"line":13,"column":9}},"loc":{"start":{"line":13,"column":20},"end":{"line":32,"column":2}},"line":13},"2":{"name":"(anonymous_2)","decl":{"start":{"line":18,"column":8},"end":{"line":18,"column":9}},"loc":{"start":{"line":18,"column":20},"end":{"line":24,"column":3}},"line":18},"3":{"name":"(anonymous_3)","decl":{"start":{"line":25,"column":9},"end":{"line":25,"column":10}},"loc":{"start":{"line":25,"column":16},"end":{"line":31,"column":3}},"line":25}},"branchMap":{},"s":{"0":1,"1":1,"2":0,"3":0,"4":0,"5":0,"6":0,"7":0,"8":0,"9":0},"f":{"0":0,"1":0,"2":0,"3":0},"b":{},"_coverageSchema":"332fd63041d2c1bcb487cc26dd0d5f7d97098a6c","hash":"e3281c0111275d632da3723257b68f18aaf0d549"}
,"/Users/chris/Projects/Jukebox/client/src/actiontypes/index.js": {"path":"/Users/chris/Projects/Jukebox/client/src/actiontypes/index.js","statementMap":{"0":{"start":{"line":2,"column":22},"end":{"line":2,"column":36}},"1":{"start":{"line":3,"column":24},"end":{"line":3,"column":40}},"2":{"start":{"line":4,"column":24},"end":{"line":4,"column":40}},"3":{"start":{"line":6,"column":22},"end":{"line":6,"column":36}},"4":{"start":{"line":7,"column":30},"end":{"line":7,"column":52}},"5":{"start":{"line":8,"column":30},"end":{"line":8,"column":52}},"6":{"start":{"line":9,"column":22},"end":{"line":9,"column":36}},"7":{"start":{"line":11,"column":20},"end":{"line":11,"column":32}},"8":{"start":{"line":12,"column":21},"end":{"line":12,"column":34}},"9":{"start":{"line":13,"column":20},"end":{"line":13,"column":32}},"10":{"start":{"line":14,"column":25},"end":{"line":14,"column":42}},"11":{"start":{"line":15,"column":28},"end":{"line":15,"column":48}},"12":{"start":{"line":16,"column":19},"end":{"line":16,"column":30}},"13":{"start":{"line":17,"column":19},"end":{"line":17,"column":30}}},"fnMap":{},"branchMap":{},"s":{"0":2,"1":2,"2":2,"3":2,"4":2,"5":2,"6":2,"7":2,"8":2,"9":2,"10":2,"11":2,"12":2,"13":2},"f":{},"b":{},"_coverageSchema":"332fd63041d2c1bcb487cc26dd0d5f7d97098a6c","hash":"a7933b34350ea13d05b1b0f36e5859593c49025f"}
,"/Users/chris/Projects/Jukebox/client/src/actiontypes/player.js": {"path":"/Users/chris/Projects/Jukebox/client/src/actiontypes/player.js","statementMap":{"0":{"start":{"line":1,"column":13},"end":{"line":1,"column":75}},"1":{"start":{"line":1,"column":94},"end":{"line":1,"column":127}},"2":{"start":{"line":2,"column":14},"end":{"line":2,"column":49}},"3":{"start":{"line":3,"column":13},"end":{"line":3,"column":46}}},"fnMap":{},"branchMap":{},"s":{"0":0,"1":0,"2":0,"3":0},"f":{},"b":{}}
,"/Users/chris/Projects/Jukebox/client/src/actiontypes/trackList.js": {"path":"/Users/chris/Projects/Jukebox/client/src/actiontypes/trackList.js","statementMap":{"0":{"start":{"line":1,"column":13},"end":{"line":1,"column":75}},"1":{"start":{"line":1,"column":96},"end":{"line":1,"column":133}},"2":{"start":{"line":2,"column":23},"end":{"line":2,"column":76}},"3":{"start":{"line":3,"column":23},"end":{"line":3,"column":76}},"4":{"start":{"line":4,"column":15},"end":{"line":4,"column":52}}},"fnMap":{},"branchMap":{},"s":{"0":0,"1":0,"2":0,"3":0,"4":0},"f":{},"b":{}}
,"/Users/chris/Projects/Jukebox/client/src/actiontypes/uploaderActiontypes.js": {"path":"/Users/chris/Projects/Jukebox/client/src/actiontypes/uploaderActiontypes.js","statementMap":{"0":{"start":{"line":1,"column":13},"end":{"line":1,"column":75}},"1":{"start":{"line":1,"column":96},"end":{"line":1,"column":133}},"2":{"start":{"line":2,"column":17},"end":{"line":2,"column":58}},"3":{"start":{"line":3,"column":17},"end":{"line":3,"column":58}}},"fnMap":{},"branchMap":{},"s":{"0":0,"1":0,"2":0,"3":0},"f":{},"b":{}}
,"/Users/chris/Projects/Jukebox/client/src/components/Player.js": {"path":"/Users/chris/Projects/Jukebox/client/src/components/Player.js","statementMap":{"0":{"start":{"line":14,"column":6},"end":{"line":14,"column":16}},"1":{"start":{"line":16,"column":2},"end":{"line":23,"column":4}},"2":{"start":{"line":27,"column":31},"end":{"line":27,"column":41}},"3":{"start":{"line":28,"column":2},"end":{"line":34,"column":4}},"4":{"start":{"line":31,"column":5},"end":{"line":31,"column":75}},"5":{"start":{"line":38,"column":20},"end":{"line":38,"column":30}},"6":{"start":{"line":39,"column":2},"end":{"line":49,"column":4}}},"fnMap":{"0":{"name":"(anonymous_0)","decl":{"start":{"line":4,"column":1},"end":{"line":4,"column":2}},"loc":{"start":{"line":4,"column":19},"end":{"line":24,"column":2}},"line":4},"1":{"name":"(anonymous_1)","decl":{"start":{"line":26,"column":1},"end":{"line":26,"column":2}},"loc":{"start":{"line":26,"column":15},"end":{"line":35,"column":2}},"line":26},"2":{"name":"(anonymous_2)","decl":{"start":{"line":30,"column":16},"end":{"line":30,"column":17}},"loc":{"start":{"line":31,"column":5},"end":{"line":31,"column":75}},"line":31},"3":{"name":"(anonymous_3)","decl":{"start":{"line":37,"column":1},"end":{"line":37,"column":2}},"loc":{"start":{"line":37,"column":10},"end":{"line":50,"column":2}},"line":37}},"branchMap":{"0":{"loc":{"start":{"line":19,"column":5},"end":{"line":19,"column":119}},"type":"cond-expr","locations":[{"start":{"line":19,"column":16},"end":{"line":19,"column":65}},{"start":{"line":19,"column":68},"end":{"line":19,"column":119}}],"line":19},"1":{"loc":{"start":{"line":31,"column":30},"end":{"line":31,"column":69}},"type":"cond-expr","locations":[{"start":{"line":31,"column":48},"end":{"line":31,"column":62}},{"start":{"line":31,"column":65},"end":{"line":31,"column":69}}],"line":31},"2":{"loc":{"start":{"line":41,"column":5},"end":{"line":47,"column":5}},"type":"binary-expr","locations":[{"start":{"line":41,"column":5},"end":{"line":41,"column":21}},{"start":{"line":42,"column":5},"end":{"line":46,"column":11}}],"line":41}},"s":{"0":1,"1":1,"2":1,"3":1,"4":1,"5":2,"6":2},"f":{"0":1,"1":1,"2":1,"3":2},"b":{"0":[1,0],"1":[0,1],"2":[2,1]},"_coverageSchema":"332fd63041d2c1bcb487cc26dd0d5f7d97098a6c","hash":"5d1ca208f14850b1fbd9776c3598fe767821b5ac"}
,"/Users/chris/Projects/Jukebox/client/src/components/TrackList.js": {"path":"/Users/chris/Projects/Jukebox/client/src/components/TrackList.js","statementMap":{"0":{"start":{"line":14,"column":6},"end":{"line":14,"column":16}},"1":{"start":{"line":16,"column":2},"end":{"line":31,"column":4}},"2":{"start":{"line":19,"column":5},"end":{"line":28,"column":7}}},"fnMap":{"0":{"name":"(anonymous_0)","decl":{"start":{"line":5,"column":1},"end":{"line":5,"column":2}},"loc":{"start":{"line":5,"column":10},"end":{"line":32,"column":2}},"line":5},"1":{"name":"(anonymous_1)","decl":{"start":{"line":18,"column":26},"end":{"line":18,"column":27}},"loc":{"start":{"line":19,"column":5},"end":{"line":28,"column":7}},"line":19}},"branchMap":{"0":{"loc":{"start":{"line":18,"column":5},"end":{"line":29,"column":6}},"type":"binary-expr","locations":[{"start":{"line":18,"column":5},"end":{"line":18,"column":11}},{"start":{"line":18,"column":15},"end":{"line":29,"column":6}}],"line":18}},"s":{"0":2,"1":2,"2":2},"f":{"0":2,"1":2},"b":{"0":[2,1]},"_coverageSchema":"332fd63041d2c1bcb487cc26dd0d5f7d97098a6c","hash":"02e16e963414d232cf962c69d321e2288525dc05"}
,"/Users/chris/Projects/Jukebox/client/src/components/TrackListItem.js": {"path":"/Users/chris/Projects/Jukebox/client/src/components/TrackListItem.js","statementMap":{"0":{"start":{"line":11,"column":6},"end":{"line":11,"column":16}},"1":{"start":{"line":13,"column":2},"end":{"line":18,"column":4}},"2":{"start":{"line":15,"column":30},"end":{"line":15,"column":70}},"3":{"start":{"line":16,"column":30},"end":{"line":16,"column":53}},"4":{"start":{"line":26,"column":6},"end":{"line":26,"column":16}},"5":{"start":{"line":28,"column":19},"end":{"line":30,"column":3}},"6":{"start":{"line":32,"column":2},"end":{"line":45,"column":4}},"7":{"start":{"line":34,"column":19},"end":{"line":34,"column":43}}},"fnMap":{"0":{"name":"(anonymous_0)","decl":{"start":{"line":4,"column":1},"end":{"line":4,"column":2}},"loc":{"start":{"line":4,"column":19},"end":{"line":19,"column":2}},"line":4},"1":{"name":"(anonymous_1)","decl":{"start":{"line":15,"column":22},"end":{"line":15,"column":23}},"loc":{"start":{"line":15,"column":28},"end":{"line":15,"column":72}},"line":15},"2":{"name":"(anonymous_2)","decl":{"start":{"line":16,"column":22},"end":{"line":16,"column":23}},"loc":{"start":{"line":16,"column":28},"end":{"line":16,"column":55}},"line":16},"3":{"name":"(anonymous_3)","decl":{"start":{"line":21,"column":1},"end":{"line":21,"column":2}},"loc":{"start":{"line":21,"column":10},"end":{"line":46,"column":2}},"line":21},"4":{"name":"(anonymous_4)","decl":{"start":{"line":34,"column":13},"end":{"line":34,"column":14}},"loc":{"start":{"line":34,"column":19},"end":{"line":34,"column":43}},"line":34}},"branchMap":{"0":{"loc":{"start":{"line":36,"column":5},"end":{"line":39,"column":7}},"type":"cond-expr","locations":[{"start":{"line":37,"column":5},"end":{"line":37,"column":13}},{"start":{"line":39,"column":5},"end":{"line":39,"column":7}}],"line":36},"1":{"loc":{"start":{"line":36,"column":5},"end":{"line":36,"column":53}},"type":"binary-expr","locations":[{"start":{"line":36,"column":5},"end":{"line":36,"column":18}},{"start":{"line":36,"column":22},"end":{"line":36,"column":53}}],"line":36},"2":{"loc":{"start":{"line":43,"column":5},"end":{"line":43,"column":85}},"type":"cond-expr","locations":[{"start":{"line":43,"column":56},"end":{"line":43,"column":78}},{"start":{"line":43,"column":81},"end":{"line":43,"column":85}}],"line":43},"3":{"loc":{"start":{"line":43,"column":5},"end":{"line":43,"column":53}},"type":"binary-expr","locations":[{"start":{"line":43,"column":5},"end":{"line":43,"column":18}},{"start":{"line":43,"column":22},"end":{"line":43,"column":53}}],"line":43}},"s":{"0":2,"1":2,"2":1,"3":1,"4":5,"5":5,"6":5,"7":2},"f":{"0":2,"1":1,"2":1,"3":5,"4":2},"b":{"0":[2,3],"1":[5,2],"2":[2,3],"3":[5,2]},"_coverageSchema":"332fd63041d2c1bcb487cc26dd0d5f7d97098a6c","hash":"74f15313b38359ac4df9420e0d480ac41b7edc6b"}
,"/Users/chris/Projects/Jukebox/client/src/components/Uploader.js": {"path":"/Users/chris/Projects/Jukebox/client/src/components/Uploader.js","statementMap":{"0":{"start":{"line":5,"column":13},"end":{"line":7,"column":2}},"1":{"start":{"line":11,"column":30},"end":{"line":15,"column":2}},"2":{"start":{"line":12,"column":1},"end":{"line":15,"column":2}},"3":{"start":{"line":13,"column":2},"end":{"line":13,"column":45}},"4":{"start":{"line":14,"column":2},"end":{"line":14,"column":30}},"5":{"start":{"line":16,"column":18},"end":{"line":33,"column":1}},"6":{"start":{"line":26,"column":1},"end":{"line":32,"column":3}},"7":{"start":{"line":41,"column":6},"end":{"line":41,"column":16}},"8":{"start":{"line":43,"column":2},"end":{"line":58,"column":4}}},"fnMap":{"0":{"name":"(anonymous_0)","decl":{"start":{"line":11,"column":30},"end":{"line":11,"column":31}},"loc":{"start":{"line":12,"column":1},"end":{"line":15,"column":2}},"line":12},"1":{"name":"(anonymous_1)","decl":{"start":{"line":12,"column":1},"end":{"line":12,"column":2}},"loc":{"start":{"line":12,"column":6},"end":{"line":15,"column":2}},"line":12},"2":{"name":"(anonymous_2)","decl":{"start":{"line":16,"column":18},"end":{"line":16,"column":19}},"loc":{"start":{"line":26,"column":1},"end":{"line":32,"column":3}},"line":26},"3":{"name":"(anonymous_3)","decl":{"start":{"line":36,"column":1},"end":{"line":36,"column":2}},"loc":{"start":{"line":36,"column":10},"end":{"line":59,"column":2}},"line":36}},"branchMap":{},"s":{"0":2,"1":2,"2":0,"3":0,"4":0,"5":2,"6":0,"7":0,"8":0},"f":{"0":0,"1":0,"2":0,"3":0},"b":{},"_coverageSchema":"332fd63041d2c1bcb487cc26dd0d5f7d97098a6c","hash":"1a134d04f9b7da449906fdf9d80a225caabae5b3"}
,"/Users/chris/Projects/Jukebox/client/src/config/index.js": {"path":"/Users/chris/Projects/Jukebox/client/src/config/index.js","statementMap":{},"fnMap":{},"branchMap":{},"s":{},"f":{},"b":{},"_coverageSchema":"332fd63041d2c1bcb487cc26dd0d5f7d97098a6c","hash":"9c2a2641cbad9147ea39f912f2ccdd5bb258f770"}
,"/Users/chris/Projects/Jukebox/client/src/containers/PlayerContainer.js": {"path":"/Users/chris/Projects/Jukebox/client/src/containers/PlayerContainer.js","statementMap":{"0":{"start":{"line":8,"column":21},"end":{"line":8,"column":31}},"1":{"start":{"line":9,"column":2},"end":{"line":9,"column":56}},"2":{"start":{"line":13,"column":21},"end":{"line":13,"column":31}},"3":{"start":{"line":14,"column":2},"end":{"line":14,"column":54}},"4":{"start":{"line":15,"column":2},"end":{"line":15,"column":57}},"5":{"start":{"line":19,"column":21},"end":{"line":19,"column":31}},"6":{"start":{"line":20,"column":2},"end":{"line":20,"column":56}},"7":{"start":{"line":24,"column":21},"end":{"line":24,"column":31}},"8":{"start":{"line":25,"column":2},"end":{"line":25,"column":55}},"9":{"start":{"line":29,"column":21},"end":{"line":29,"column":31}},"10":{"start":{"line":30,"column":2},"end":{"line":30,"column":55}},"11":{"start":{"line":34,"column":32},"end":{"line":34,"column":42}},"12":{"start":{"line":36,"column":2},"end":{"line":48,"column":4}},"13":{"start":{"line":52,"column":24},"end":{"line":57,"column":1}},"14":{"start":{"line":53,"column":1},"end":{"line":56,"column":2}}},"fnMap":{"0":{"name":"(anonymous_0)","decl":{"start":{"line":7,"column":1},"end":{"line":7,"column":2}},"loc":{"start":{"line":7,"column":19},"end":{"line":10,"column":2}},"line":7},"1":{"name":"(anonymous_1)","decl":{"start":{"line":12,"column":1},"end":{"line":12,"column":2}},"loc":{"start":{"line":12,"column":20},"end":{"line":16,"column":2}},"line":12},"2":{"name":"(anonymous_2)","decl":{"start":{"line":18,"column":1},"end":{"line":18,"column":2}},"loc":{"start":{"line":18,"column":19},"end":{"line":21,"column":2}},"line":18},"3":{"name":"(anonymous_3)","decl":{"start":{"line":23,"column":1},"end":{"line":23,"column":2}},"loc":{"start":{"line":23,"column":18},"end":{"line":26,"column":2}},"line":23},"4":{"name":"(anonymous_4)","decl":{"start":{"line":28,"column":1},"end":{"line":28,"column":2}},"loc":{"start":{"line":28,"column":18},"end":{"line":31,"column":2}},"line":28},"5":{"name":"(anonymous_5)","decl":{"start":{"line":33,"column":1},"end":{"line":33,"column":2}},"loc":{"start":{"line":33,"column":10},"end":{"line":49,"column":2}},"line":33},"6":{"name":"(anonymous_6)","decl":{"start":{"line":52,"column":24},"end":{"line":52,"column":25}},"loc":{"start":{"line":52,"column":33},"end":{"line":57,"column":1}},"line":52}},"branchMap":{},"s":{"0":0,"1":0,"2":0,"3":0,"4":0,"5":0,"6":0,"7":0,"8":0,"9":0,"10":0,"11":0,"12":0,"13":1,"14":0},"f":{"0":0,"1":0,"2":0,"3":0,"4":0,"5":0,"6":0},"b":{},"_coverageSchema":"332fd63041d2c1bcb487cc26dd0d5f7d97098a6c","hash":"81cf53f4298dd0fc92198f5ddad3f6668229422e"}
,"/Users/chris/Projects/Jukebox/client/src/containers/TrackListContainer.js": {"path":"/Users/chris/Projects/Jukebox/client/src/containers/TrackListContainer.js","statementMap":{"0":{"start":{"line":6,"column":16},"end":{"line":6,"column":57}},"1":{"start":{"line":10,"column":2},"end":{"line":10,"column":15}},"2":{"start":{"line":11,"column":2},"end":{"line":11,"column":25}},"3":{"start":{"line":15,"column":2},"end":{"line":15,"column":32}},"4":{"start":{"line":19,"column":2},"end":{"line":19,"column":48}},"5":{"start":{"line":23,"column":2},"end":{"line":23,"column":31}},"6":{"start":{"line":27,"column":32},"end":{"line":27,"column":42}},"7":{"start":{"line":31,"column":2},"end":{"line":41,"column":3}},"8":{"start":{"line":45,"column":24},"end":{"line":50,"column":1}},"9":{"start":{"line":46,"column":1},"end":{"line":49,"column":2}}},"fnMap":{"0":{"name":"(anonymous_0)","decl":{"start":{"line":9,"column":1},"end":{"line":9,"column":2}},"loc":{"start":{"line":9,"column":20},"end":{"line":12,"column":2}},"line":9},"1":{"name":"(anonymous_1)","decl":{"start":{"line":14,"column":1},"end":{"line":14,"column":2}},"loc":{"start":{"line":14,"column":26},"end":{"line":16,"column":2}},"line":14},"2":{"name":"(anonymous_2)","decl":{"start":{"line":18,"column":1},"end":{"line":18,"column":2}},"loc":{"start":{"line":18,"column":42},"end":{"line":20,"column":2}},"line":18},"3":{"name":"(anonymous_3)","decl":{"start":{"line":22,"column":1},"end":{"line":22,"column":2}},"loc":{"start":{"line":22,"column":25},"end":{"line":24,"column":2}},"line":22},"4":{"name":"(anonymous_4)","decl":{"start":{"line":26,"column":1},"end":{"line":26,"column":2}},"loc":{"start":{"line":26,"column":10},"end":{"line":42,"column":2}},"line":26},"5":{"name":"(anonymous_5)","decl":{"start":{"line":45,"column":24},"end":{"line":45,"column":25}},"loc":{"start":{"line":45,"column":33},"end":{"line":50,"column":1}},"line":45}},"branchMap":{},"s":{"0":2,"1":1,"2":1,"3":0,"4":0,"5":0,"6":1,"7":1,"8":2,"9":0},"f":{"0":1,"1":0,"2":0,"3":0,"4":1,"5":0},"b":{},"_coverageSchema":"332fd63041d2c1bcb487cc26dd0d5f7d97098a6c","hash":"31d04e4413ee573b2d35754ed9da6333be591fc3"}
,"/Users/chris/Projects/Jukebox/client/src/containers/UploaderContainer.js": {"path":"/Users/chris/Projects/Jukebox/client/src/containers/UploaderContainer.js","statementMap":{"0":{"start":{"line":8,"column":17},"end":{"line":8,"column":31}},"1":{"start":{"line":9,"column":2},"end":{"line":9,"column":47}},"2":{"start":{"line":10,"column":2},"end":{"line":10,"column":53}},"3":{"start":{"line":12,"column":2},"end":{"line":12,"column":35}},"4":{"start":{"line":16,"column":2},"end":{"line":18,"column":4}},"5":{"start":{"line":22,"column":24},"end":{"line":27,"column":1}},"6":{"start":{"line":23,"column":1},"end":{"line":26,"column":2}}},"fnMap":{"0":{"name":"(anonymous_0)","decl":{"start":{"line":7,"column":1},"end":{"line":7,"column":2}},"loc":{"start":{"line":7,"column":25},"end":{"line":13,"column":2}},"line":7},"1":{"name":"(anonymous_1)","decl":{"start":{"line":15,"column":1},"end":{"line":15,"column":2}},"loc":{"start":{"line":15,"column":10},"end":{"line":19,"column":2}},"line":15},"2":{"name":"(anonymous_2)","decl":{"start":{"line":22,"column":24},"end":{"line":22,"column":25}},"loc":{"start":{"line":22,"column":33},"end":{"line":27,"column":1}},"line":22}},"branchMap":{},"s":{"0":0,"1":0,"2":0,"3":0,"4":0,"5":1,"6":0},"f":{"0":0,"1":0,"2":0},"b":{},"_coverageSchema":"332fd63041d2c1bcb487cc26dd0d5f7d97098a6c","hash":"ed798e40c3459161ea86c3260ecc107425481612"}
,"/Users/chris/Projects/Jukebox/client/src/reducers/index.js": {"path":"/Users/chris/Projects/Jukebox/client/src/reducers/index.js","statementMap":{"0":{"start":{"line":1,"column":13},"end":{"line":1,"column":75}},"1":{"start":{"line":1,"column":88},"end":{"line":1,"column":104}},"2":{"start":{"line":2,"column":17},"end":{"line":2,"column":38}},"3":{"start":{"line":3,"column":17},"end":{"line":3,"column":39}},"4":{"start":{"line":3,"column":58},"end":{"line":3,"column":92}},"5":{"start":{"line":4,"column":14},"end":{"line":4,"column":33}},"6":{"start":{"line":4,"column":49},"end":{"line":4,"column":80}},"7":{"start":{"line":4,"column":119},"end":{"line":4,"column":173}},"8":{"start":{"line":4,"column":174},"end":{"line":9,"column":29}}},"fnMap":{"0":{"name":"_interopRequireDefault","decl":{"start":{"line":4,"column":90},"end":{"line":4,"column":112}},"loc":{"start":{"line":4,"column":118},"end":{"line":4,"column":174}},"line":4}},"branchMap":{"0":{"loc":{"start":{"line":4,"column":126},"end":{"line":4,"column":172}},"type":"cond-expr","locations":[{"start":{"line":4,"column":150},"end":{"line":4,"column":153}},{"start":{"line":4,"column":156},"end":{"line":4,"column":172}}],"line":4},"1":{"loc":{"start":{"line":4,"column":126},"end":{"line":4,"column":147}},"type":"binary-expr","locations":[{"start":{"line":4,"column":126},"end":{"line":4,"column":129}},{"start":{"line":4,"column":133},"end":{"line":4,"column":147}}],"line":4}},"s":{"0":0,"1":0,"2":0,"3":0,"4":0,"5":0,"6":0,"7":0,"8":0},"f":{"0":0},"b":{"0":[0,0],"1":[0,0]}}
,"/Users/chris/Projects/Jukebox/client/src/reducers/player.js": {"path":"/Users/chris/Projects/Jukebox/client/src/reducers/player.js","statementMap":{"0":{"start":{"line":1,"column":13},"end":{"line":1,"column":75}},"1":{"start":{"line":1,"column":94},"end":{"line":1,"column":119}},"2":{"start":{"line":11,"column":22},"end":{"line":16,"column":21}},"3":{"start":{"line":19,"column":15},"end":{"line":72,"column":1}},"4":{"start":{"line":20,"column":1},"end":{"line":70,"column":24}},"5":{"start":{"line":22,"column":3},"end":{"line":27,"column":21}},"6":{"start":{"line":31,"column":3},"end":{"line":33,"column":45}},"7":{"start":{"line":37,"column":3},"end":{"line":39,"column":21}},"8":{"start":{"line":43,"column":3},"end":{"line":45,"column":22}},"9":{"start":{"line":49,"column":3},"end":{"line":51,"column":22}},"10":{"start":{"line":55,"column":3},"end":{"line":59,"column":55}},"11":{"start":{"line":63,"column":3},"end":{"line":67,"column":55}},"12":{"start":{"line":70,"column":10},"end":{"line":70,"column":23}},"13":{"start":{"line":72,"column":2},"end":{"line":74,"column":7}}},"fnMap":{"0":{"name":"(anonymous_0)","decl":{"start":{"line":19,"column":15},"end":{"line":19,"column":16}},"loc":{"start":{"line":19,"column":50},"end":{"line":72,"column":1}},"line":19}},"branchMap":{"0":{"loc":{"start":{"line":19,"column":16},"end":{"line":19,"column":37}},"type":"default-arg","locations":[{"start":{"line":19,"column":24},"end":{"line":19,"column":37}}],"line":19},"1":{"loc":{"start":{"line":20,"column":1},"end":{"line":70,"column":24}},"type":"switch","locations":[{"start":{"line":21,"column":2},"end":{"line":27,"column":21}},{"start":{"line":30,"column":2},"end":{"line":33,"column":45}},{"start":{"line":36,"column":2},"end":{"line":39,"column":21}},{"start":{"line":42,"column":2},"end":{"line":45,"column":22}},{"start":{"line":48,"column":2},"end":{"line":51,"column":22}},{"start":{"line":54,"column":2},"end":{"line":59,"column":55}},{"start":{"line":62,"column":2},"end":{"line":67,"column":55}},{"start":{"line":70,"column":2},"end":{"line":70,"column":23}}],"line":20}},"s":{"0":0,"1":0,"2":0,"3":0,"4":0,"5":0,"6":0,"7":0,"8":0,"9":0,"10":0,"11":0,"12":0,"13":0},"f":{"0":0},"b":{"0":[0],"1":[0,0,0,0,0,0,0,0]}}
,"/Users/chris/Projects/Jukebox/client/src/reducers/trackList.js": {"path":"/Users/chris/Projects/Jukebox/client/src/reducers/trackList.js","statementMap":{"0":{"start":{"line":1,"column":13},"end":{"line":1,"column":75}},"1":{"start":{"line":1,"column":94},"end":{"line":1,"column":119}},"2":{"start":{"line":9,"column":22},"end":{"line":13,"column":15}},"3":{"start":{"line":16,"column":18},"end":{"line":53,"column":1}},"4":{"start":{"line":17,"column":1},"end":{"line":51,"column":17}},"5":{"start":{"line":19,"column":3},"end":{"line":21,"column":28}},"6":{"start":{"line":25,"column":3},"end":{"line":28,"column":29}},"7":{"start":{"line":32,"column":3},"end":{"line":35,"column":27}},"8":{"start":{"line":39,"column":3},"end":{"line":41,"column":55}},"9":{"start":{"line":45,"column":3},"end":{"line":47,"column":43}},"10":{"start":{"line":51,"column":3},"end":{"line":51,"column":16}},"11":{"start":{"line":53,"column":2},"end":{"line":55,"column":10}}},"fnMap":{"0":{"name":"(anonymous_0)","decl":{"start":{"line":16,"column":18},"end":{"line":16,"column":19}},"loc":{"start":{"line":16,"column":53},"end":{"line":53,"column":1}},"line":16}},"branchMap":{"0":{"loc":{"start":{"line":16,"column":19},"end":{"line":16,"column":40}},"type":"default-arg","locations":[{"start":{"line":16,"column":27},"end":{"line":16,"column":40}}],"line":16},"1":{"loc":{"start":{"line":17,"column":1},"end":{"line":51,"column":17}},"type":"switch","locations":[{"start":{"line":18,"column":2},"end":{"line":21,"column":28}},{"start":{"line":24,"column":2},"end":{"line":28,"column":29}},{"start":{"line":31,"column":2},"end":{"line":35,"column":27}},{"start":{"line":38,"column":2},"end":{"line":41,"column":55}},{"start":{"line":44,"column":2},"end":{"line":47,"column":43}},{"start":{"line":50,"column":2},"end":{"line":51,"column":16}}],"line":17}},"s":{"0":0,"1":0,"2":0,"3":0,"4":0,"5":0,"6":0,"7":0,"8":0,"9":0,"10":0,"11":0},"f":{"0":0},"b":{"0":[0],"1":[0,0,0,0,0,0]}}
}
