TN:
SF:/Users/christopherclemons/Projects/JukeBox/client/src/App.js
FN:10,(anonymous_0)
FNF:1
FNH:1
FNDA:1,(anonymous_0)
DA:11,1
LF:1
LH:1
BRF:0
BRH:0
end_of_record
TN:
SF:/Users/christopherclemons/Projects/JukeBox/client/src/Prototype.js
FN:2,_interopRequireDefault
FN:4,(anonymous_1)
FN:6,(anonymous_2)
FN:10,(anonymous_3)
FN:14,(anonymous_4)
FN:25,(anonymous_5)
FNF:6
FNH:0
FNDA:0,_interopRequireDefault
FNDA:0,(anonymous_1)
FNDA:0,(anonymous_2)
FNDA:0,(anonymous_3)
FNDA:0,(anonymous_4)
FNDA:0,(anonymous_5)
DA:1,0
DA:2,0
DA:4,0
DA:5,0
DA:7,0
DA:8,0
DA:10,0
DA:15,0
DA:26,0
DA:27,0
DA:45,0
LF:11
LH:0
BRDA:2,0,0,0
BRDA:2,0,1,0
BRDA:2,1,0,0
BRDA:2,1,1,0
BRF:4
BRH:0
end_of_record
TN:
SF:/Users/christopherclemons/Projects/JukeBox/client/src/index.js
FN:10,_interopRequireDefault
FNF:1
FNH:0
FNDA:0,_interopRequireDefault
DA:1,0
DA:2,0
DA:3,0
DA:4,0
DA:5,0
DA:6,0
DA:7,0
DA:8,0
DA:9,0
DA:10,0
DA:12,0
DA:18,0
DA:56,0
DA:62,0
LF:14
LH:0
BRDA:10,0,0,0
BRDA:10,0,1,0
BRDA:10,1,0,0
BRDA:10,1,1,0
BRDA:14,2,0,0
BRDA:14,2,1,0
BRF:6
BRH:0
end_of_record
TN:
SF:/Users/christopherclemons/Projects/JukeBox/client/src/registerServiceWorker.js
FN:120,register
FN:124,(anonymous_1)
FN:127,(anonymous_2)
FN:128,registerValidSW
FN:128,(anonymous_4)
FN:128,(anonymous_5)
FN:128,(anonymous_6)
FN:135,(anonymous_7)
FN:135,checkValidServiceWorker
FN:136,(anonymous_9)
FN:138,(anonymous_10)
FN:138,(anonymous_11)
FN:139,(anonymous_12)
FN:139,unregister
FN:139,(anonymous_14)
FNF:15
FNH:0
FNDA:0,register
FNDA:0,(anonymous_1)
FNDA:0,(anonymous_2)
FNDA:0,registerValidSW
FNDA:0,(anonymous_4)
FNDA:0,(anonymous_5)
FNDA:0,(anonymous_6)
FNDA:0,(anonymous_7)
FNDA:0,checkValidServiceWorker
FNDA:0,(anonymous_9)
FNDA:0,(anonymous_10)
FNDA:0,(anonymous_11)
FNDA:0,(anonymous_12)
FNDA:0,unregister
FNDA:0,(anonymous_14)
DA:1,0
DA:21,0
DA:118,0
DA:120,0
DA:121,0
DA:124,0
DA:125,0
DA:127,0
DA:128,0
DA:132,0
DA:135,0
DA:136,0
DA:137,0
DA:138,0
DA:139,0
LF:15
LH:0
BRDA:118,0,0,0
BRDA:118,0,1,0
BRDA:118,0,2,0
BRDA:120,1,0,0
BRDA:120,1,1,0
BRDA:120,2,0,0
BRDA:120,2,1,0
BRDA:121,3,0,0
BRDA:121,3,1,0
BRDA:124,4,0,0
BRDA:124,4,1,0
BRDA:128,5,0,0
BRDA:128,5,1,0
BRDA:128,6,0,0
BRDA:128,6,1,0
BRDA:137,7,0,0
BRDA:137,7,1,0
BRDA:137,8,0,0
BRDA:137,8,1,0
BRDA:139,9,0,0
BRDA:139,9,1,0
BRF:21
BRH:0
end_of_record
TN:
SF:/Users/christopherclemons/Projects/JukeBox/client/src/setupTests.js
FNF:0
FNH:0
DA:4,8
LF:1
LH:1
BRF:0
BRH:0
end_of_record
TN:
SF:/Users/christopherclemons/Projects/JukeBox/client/src/actions/index.js
FNF:0
FNH:0
LF:0
LH:0
BRF:0
BRH:0
end_of_record
TN:
SF:/Users/christopherclemons/Projects/JukeBox/client/src/actions/messageActions.js
FN:3,(anonymous_0)
FN:4,(anonymous_1)
FNF:2
FNH:0
FNDA:0,(anonymous_0)
FNDA:0,(anonymous_1)
DA:3,3
DA:4,0
DA:5,0
LF:3
LH:1
BRF:0
BRH:0
end_of_record
TN:
SF:/Users/christopherclemons/Projects/JukeBox/client/src/actions/player.js
FN:10,(anonymous_0)
FN:12,(anonymous_1)
FN:19,(anonymous_2)
FN:21,(anonymous_3)
FN:28,(anonymous_4)
FN:30,(anonymous_5)
FN:37,(anonymous_6)
FN:41,(anonymous_7)
FN:48,(anonymous_8)
FN:52,(anonymous_9)
FN:59,(anonymous_10)
FN:61,(anonymous_11)
FNF:12
FNH:0
FNDA:0,(anonymous_0)
FNDA:0,(anonymous_1)
FNDA:0,(anonymous_2)
FNDA:0,(anonymous_3)
FNDA:0,(anonymous_4)
FNDA:0,(anonymous_5)
FNDA:0,(anonymous_6)
FNDA:0,(anonymous_7)
FNDA:0,(anonymous_8)
FNDA:0,(anonymous_9)
FNDA:0,(anonymous_10)
FNDA:0,(anonymous_11)
DA:10,3
DA:11,0
DA:12,0
DA:13,0
DA:19,3
DA:20,0
DA:21,0
DA:22,0
DA:28,3
DA:29,0
DA:30,0
DA:31,0
DA:37,3
DA:38,0
DA:39,0
DA:40,0
DA:41,0
DA:42,0
DA:48,3
DA:49,0
DA:50,0
DA:51,0
DA:52,0
DA:53,0
DA:59,3
DA:60,0
DA:61,0
DA:62,0
LF:28
LH:6
BRF:0
BRH:0
end_of_record
TN:
SF:/Users/christopherclemons/Projects/JukeBox/client/src/actions/trackList.js
FN:25,(anonymous_0)
FN:26,(anonymous_1)
FN:32,(anonymous_2)
FN:45,(anonymous_3)
FN:56,(anonymous_4)
FN:57,(anonymous_5)
FN:67,(anonymous_6)
FN:77,(anonymous_7)
FN:90,(anonymous_8)
FN:96,(anonymous_9)
FN:114,(anonymous_10)
FN:115,(anonymous_11)
FN:120,(anonymous_12)
FN:128,(anonymous_13)
FN:138,(anonymous_14)
FN:139,(anonymous_15)
FN:146,(anonymous_16)
FN:147,(anonymous_17)
FN:152,(anonymous_18)
FN:160,(anonymous_19)
FN:171,(anonymous_20)
FN:172,(anonymous_21)
FNF:22
FNH:0
FNDA:0,(anonymous_0)
FNDA:0,(anonymous_1)
FNDA:0,(anonymous_2)
FNDA:0,(anonymous_3)
FNDA:0,(anonymous_4)
FNDA:0,(anonymous_5)
FNDA:0,(anonymous_6)
FNDA:0,(anonymous_7)
FNDA:0,(anonymous_8)
FNDA:0,(anonymous_9)
FNDA:0,(anonymous_10)
FNDA:0,(anonymous_11)
FNDA:0,(anonymous_12)
FNDA:0,(anonymous_13)
FNDA:0,(anonymous_14)
FNDA:0,(anonymous_15)
FNDA:0,(anonymous_16)
FNDA:0,(anonymous_17)
FNDA:0,(anonymous_18)
FNDA:0,(anonymous_19)
FNDA:0,(anonymous_20)
FNDA:0,(anonymous_21)
DA:23,3
DA:25,3
DA:26,0
DA:27,0
DA:31,0
DA:33,0
DA:34,0
DA:35,0
DA:40,0
DA:46,0
DA:47,0
DA:56,3
DA:57,0
DA:58,0
DA:67,3
DA:70,0
DA:71,0
DA:75,0
DA:77,0
DA:78,0
DA:90,3
DA:93,0
DA:94,0
DA:96,0
DA:97,0
DA:107,0
DA:114,3
DA:115,0
DA:116,0
DA:119,0
DA:121,0
DA:122,0
DA:129,0
DA:130,0
DA:138,3
DA:139,0
DA:140,0
DA:146,3
DA:147,0
DA:148,0
DA:151,0
DA:153,0
DA:154,0
DA:161,0
DA:162,0
DA:171,3
DA:172,0
DA:173,0
LF:48
LH:9
BRDA:71,0,0,0
BRDA:71,0,1,0
BRF:2
BRH:0
end_of_record
TN:
SF:/Users/christopherclemons/Projects/JukeBox/client/src/actions/uploaderActions.js
FN:11,(anonymous_0)
FN:13,(anonymous_1)
FN:18,(anonymous_2)
FN:25,(anonymous_3)
FNF:4
FNH:0
FNDA:0,(anonymous_0)
FNDA:0,(anonymous_1)
FNDA:0,(anonymous_2)
FNDA:0,(anonymous_3)
DA:9,1
DA:11,1
DA:12,0
DA:13,0
DA:14,0
DA:17,0
DA:19,0
DA:20,0
DA:26,0
DA:27,0
LF:10
LH:2
BRF:0
BRH:0
end_of_record
TN:
SF:/Users/christopherclemons/Projects/JukeBox/client/src/actiontypes/index.js
FNF:0
FNH:0
DA:2,3
DA:3,3
DA:4,3
DA:6,3
DA:7,3
DA:8,3
DA:9,3
DA:10,3
DA:12,3
DA:13,3
DA:14,3
DA:15,3
DA:16,3
DA:17,3
DA:18,3
DA:19,3
DA:20,3
DA:21,3
DA:22,3
DA:23,3
DA:24,3
DA:25,3
DA:26,3
DA:27,3
DA:29,3
DA:30,3
LF:26
LH:26
BRF:0
BRH:0
end_of_record
TN:
SF:/Users/christopherclemons/Projects/JukeBox/client/src/actiontypes/player.js
FNF:0
FNH:0
DA:1,0
DA:2,0
DA:3,0
LF:3
LH:0
BRF:0
BRH:0
end_of_record
TN:
SF:/Users/christopherclemons/Projects/JukeBox/client/src/actiontypes/trackList.js
FNF:0
FNH:0
DA:1,0
DA:2,0
DA:3,0
DA:4,0
LF:4
LH:0
BRF:0
BRH:0
end_of_record
TN:
SF:/Users/christopherclemons/Projects/JukeBox/client/src/actiontypes/uploaderActiontypes.js
FNF:0
FNH:0
DA:1,0
DA:2,0
DA:3,0
LF:3
LH:0
BRF:0
BRH:0
end_of_record
TN:
SF:/Users/christopherclemons/Projects/JukeBox/client/src/components/AlertDialog.js
FN:19,(anonymous_0)
FN:23,(anonymous_1)
FN:28,(anonymous_2)
FN:32,(anonymous_3)
FN:36,(anonymous_4)
FNF:5
FNH:1
FNDA:0,(anonymous_0)
FNDA:0,(anonymous_1)
FNDA:0,(anonymous_2)
FNDA:0,(anonymous_3)
FNDA:1,(anonymous_4)
DA:20,0
DA:24,0
DA:25,0
DA:43,1
DA:45,1
LF:5
LH:2
BRF:0
BRH:0
end_of_record
TN:
SF:/Users/christopherclemons/Projects/JukeBox/client/src/components/EditTrackForm.js
FN:14,(anonymous_0)
FN:29,(anonymous_1)
FN:47,(anonymous_2)
FNF:3
FNH:0
FNDA:0,(anonymous_0)
FNDA:0,(anonymous_1)
FNDA:0,(anonymous_2)
DA:10,4
DA:14,4
DA:21,0
DA:35,0
DA:45,0
DA:47,0
LF:6
LH:2
BRF:0
BRH:0
end_of_record
TN:
SF:/Users/christopherclemons/Projects/JukeBox/client/src/components/Message.js
FN:14,(anonymous_0)
FN:45,(anonymous_1)
FNF:2
FNH:0
FNDA:0,(anonymous_0)
FNDA:0,(anonymous_1)
DA:21,0
DA:23,0
DA:29,0
DA:45,0
LF:4
LH:0
BRF:0
BRH:0
end_of_record
TN:
SF:/Users/christopherclemons/Projects/JukeBox/client/src/components/Player.js
FN:8,(anonymous_0)
FNF:1
FNH:1
FNDA:1,(anonymous_0)
DA:17,1
DA:19,1
DA:36,1
LF:3
LH:3
BRDA:38,0,0,1
BRDA:38,0,1,0
BRF:2
BRH:1
end_of_record
TN:
SF:/Users/christopherclemons/Projects/JukeBox/client/src/components/PlayerControls.js
FN:18,(anonymous_0)
FN:26,(anonymous_1)
FN:32,(anonymous_2)
FN:52,(anonymous_3)
FN:56,(anonymous_4)
FNF:5
FNH:0
FNDA:0,(anonymous_0)
FNDA:0,(anonymous_1)
FNDA:0,(anonymous_2)
FNDA:0,(anonymous_3)
FNDA:0,(anonymous_4)
DA:19,0
DA:21,0
DA:27,0
DA:33,0
DA:34,0
DA:41,0
DA:42,0
DA:44,0
DA:45,0
DA:46,0
DA:48,0
DA:53,0
DA:65,0
DA:67,0
LF:14
LH:0
BRDA:41,0,0,0
BRDA:41,0,1,0
BRDA:41,1,0,0
BRDA:41,1,1,0
BRDA:44,2,0,0
BRDA:44,2,1,0
BRDA:45,3,0,0
BRDA:45,3,1,0
BRDA:45,4,0,0
BRDA:45,4,1,0
BRDA:48,5,0,0
BRDA:48,5,1,0
BRDA:76,6,0,0
BRDA:76,6,1,0
BRDA:86,7,0,0
BRDA:86,7,1,0
BRDA:99,8,0,0
BRDA:99,8,1,0
BRF:18
BRH:0
end_of_record
TN:
SF:/Users/christopherclemons/Projects/JukeBox/client/src/components/QueueList.js
FN:17,(anonymous_0)
FN:33,(anonymous_1)
FNF:2
FNH:1
FNDA:1,(anonymous_0)
FNDA:0,(anonymous_1)
DA:22,1
DA:24,1
DA:30,1
DA:34,0
LF:4
LH:3
BRDA:36,0,0,0
BRDA:36,0,1,0
BRF:2
BRH:0
end_of_record
TN:
SF:/Users/christopherclemons/Projects/JukeBox/client/src/components/TrackList.js
FN:7,(anonymous_0)
FN:23,(anonymous_1)
FNF:2
FNH:1
FNDA:1,(anonymous_0)
FNDA:0,(anonymous_1)
DA:11,1
DA:13,1
DA:21,1
DA:24,0
LF:4
LH:3
BRDA:23,0,0,1
BRDA:23,0,1,0
BRF:2
BRH:1
end_of_record
TN:
SF:/Users/christopherclemons/Projects/JukeBox/client/src/components/TrackListItem.js
FN:14,(anonymous_0)
FN:21,(anonymous_1)
FN:57,(anonymous_2)
FNF:3
FNH:1
FNDA:0,(anonymous_0)
FNDA:1,(anonymous_1)
FNDA:0,(anonymous_2)
DA:15,0
DA:33,1
DA:35,1
DA:55,1
DA:57,0
LF:5
LH:3
BRDA:59,0,0,0
BRDA:59,0,1,1
BRDA:59,1,0,1
BRDA:59,1,1,0
BRDA:66,2,0,0
BRDA:66,2,1,1
BRDA:76,3,0,0
BRDA:76,3,1,1
BRDA:76,4,0,1
BRDA:76,4,1,0
BRF:10
BRH:5
end_of_record
TN:
SF:/Users/christopherclemons/Projects/JukeBox/client/src/components/TrackListItemControls.js
FN:17,(anonymous_0)
FN:21,(anonymous_1)
FN:25,(anonymous_2)
FN:45,(anonymous_3)
FN:50,(anonymous_4)
FN:71,(anonymous_5)
FN:80,(anonymous_6)
FNF:7
FNH:0
FNDA:0,(anonymous_0)
FNDA:0,(anonymous_1)
FNDA:0,(anonymous_2)
FNDA:0,(anonymous_3)
FNDA:0,(anonymous_4)
FNDA:0,(anonymous_5)
FNDA:0,(anonymous_6)
DA:18,0
DA:22,0
DA:33,0
DA:35,0
DA:37,0
DA:43,0
DA:45,0
DA:50,0
DA:71,0
DA:80,0
LF:10
LH:0
BRDA:49,0,0,0
BRDA:49,0,1,0
BRDA:58,1,0,0
BRDA:58,1,1,0
BRF:4
BRH:0
end_of_record
TN:
SF:/Users/christopherclemons/Projects/JukeBox/client/src/components/Uploader.js
FN:13,(anonymous_0)
FN:14,(anonymous_1)
FN:18,(anonymous_2)
FN:37,(anonymous_3)
FN:42,(anonymous_4)
FNF:5
FNH:0
FNDA:0,(anonymous_0)
FNDA:0,(anonymous_1)
FNDA:0,(anonymous_2)
FNDA:0,(anonymous_3)
FNDA:0,(anonymous_4)
DA:7,2
DA:13,2
DA:14,0
DA:15,0
DA:16,0
DA:18,2
DA:28,0
DA:37,2
DA:38,0
DA:47,0
DA:49,0
LF:11
LH:4
BRF:0
BRH:0
end_of_record
TN:
SF:/Users/christopherclemons/Projects/JukeBox/client/src/config/index.js
FNF:0
FNH:0
LF:0
LH:0
BRF:0
BRH:0
end_of_record
TN:
SF:/Users/christopherclemons/Projects/JukeBox/client/src/containers/MessageContainer.js
FN:8,(anonymous_0)
FN:13,(anonymous_1)
FN:35,(anonymous_2)
FN:43,(anonymous_3)
FN:47,(anonymous_4)
FNF:5
FNH:0
FNDA:0,(anonymous_0)
FNDA:0,(anonymous_1)
FNDA:0,(anonymous_2)
FNDA:0,(anonymous_3)
FNDA:0,(anonymous_4)
DA:9,0
DA:10,0
DA:14,0
DA:15,0
DA:17,0
DA:18,0
DA:28,0
DA:35,1
DA:36,0
DA:37,0
DA:38,0
DA:43,1
DA:47,1
DA:48,0
LF:14
LH:3
BRDA:15,0,0,0
BRDA:15,0,1,0
BRDA:17,1,0,0
BRDA:17,1,1,0
BRDA:37,2,0,0
BRDA:37,2,1,0
BRF:6
BRH:0
end_of_record
TN:
SF:/Users/christopherclemons/Projects/JukeBox/client/src/containers/PlayerContainer.js
FN:7,(anonymous_0)
FN:12,(anonymous_1)
FN:18,(anonymous_2)
FN:23,(anonymous_3)
FN:28,(anonymous_4)
FN:33,(anonymous_5)
FN:37,(anonymous_6)
FN:56,(anonymous_7)
FNF:8
FNH:0
FNDA:0,(anonymous_0)
FNDA:0,(anonymous_1)
FNDA:0,(anonymous_2)
FNDA:0,(anonymous_3)
FNDA:0,(anonymous_4)
FNDA:0,(anonymous_5)
FNDA:0,(anonymous_6)
FNDA:0,(anonymous_7)
DA:8,0
DA:9,0
DA:13,0
DA:14,0
DA:15,0
DA:19,0
DA:20,0
DA:24,0
DA:25,0
DA:29,0
DA:30,0
DA:34,0
DA:38,0
DA:40,0
DA:56,1
DA:57,0
LF:16
LH:1
BRF:0
BRH:0
end_of_record
TN:
SF:/Users/christopherclemons/Projects/JukeBox/client/src/containers/TrackListContainer.js
FN:9,(anonymous_0)
FN:14,(anonymous_1)
FN:18,(anonymous_2)
FN:29,(anonymous_3)
FNF:4
FNH:2
FNDA:1,(anonymous_0)
FNDA:0,(anonymous_1)
FNDA:1,(anonymous_2)
FNDA:0,(anonymous_3)
DA:6,2
DA:10,1
DA:11,1
DA:15,0
DA:19,1
DA:21,1
DA:29,2
DA:30,0
LF:8
LH:6
BRF:0
BRH:0
end_of_record
TN:
SF:/Users/christopherclemons/Projects/JukeBox/client/src/containers/TrackListItemContainer.js
FN:9,(anonymous_0)
FN:13,(anonymous_1)
FN:17,(anonymous_2)
FN:21,(anonymous_3)
FN:25,(anonymous_4)
FN:29,(anonymous_5)
FN:46,(anonymous_6)
FNF:7
FNH:0
FNDA:0,(anonymous_0)
FNDA:0,(anonymous_1)
FNDA:0,(anonymous_2)
FNDA:0,(anonymous_3)
FNDA:0,(anonymous_4)
FNDA:0,(anonymous_5)
FNDA:0,(anonymous_6)
DA:6,3
DA:10,0
DA:14,0
DA:18,0
DA:22,0
DA:26,0
DA:30,0
DA:31,0
DA:46,3
DA:47,0
LF:10
LH:2
BRF:0
BRH:0
end_of_record
TN:
SF:/Users/christopherclemons/Projects/JukeBox/client/src/containers/UploaderContainer.js
FN:7,(anonymous_0)
FN:15,(anonymous_1)
FN:22,(anonymous_2)
FNF:3
FNH:0
FNDA:0,(anonymous_0)
FNDA:0,(anonymous_1)
FNDA:0,(anonymous_2)
DA:8,0
DA:9,0
DA:10,0
DA:12,0
DA:16,0
DA:22,1
DA:23,0
LF:7
LH:1
BRF:0
BRH:0
end_of_record
TN:
SF:/Users/christopherclemons/Projects/JukeBox/client/src/reducers/index.js
FN:5,_interopRequireDefault
FNF:1
FNH:0
FNDA:0,_interopRequireDefault
DA:1,0
DA:2,0
DA:3,0
DA:4,0
DA:5,0
LF:5
LH:0
BRDA:5,0,0,0
BRDA:5,0,1,0
BRDA:5,1,0,0
BRDA:5,1,1,0
BRF:4
BRH:0
end_of_record
TN:
SF:/Users/christopherclemons/Projects/JukeBox/client/src/reducers/messages.js
FN:11,(anonymous_0)
FNF:1
FNH:0
FNDA:0,(anonymous_0)
DA:1,0
DA:6,0
DA:11,0
DA:12,0
DA:14,0
DA:21,0
DA:26,0
DA:28,0
LF:8
LH:0
BRDA:11,0,0,0
BRDA:12,1,0,0
BRDA:12,1,1,0
BRDA:12,1,2,0
BRF:4
BRH:0
end_of_record
TN:
SF:/Users/christopherclemons/Projects/JukeBox/client/src/reducers/player.js
FN:22,(anonymous_0)
FNF:1
FNH:0
FNDA:0,(anonymous_0)
DA:1,0
DA:12,0
DA:22,0
DA:23,0
DA:25,0
DA:34,0
DA:41,0
DA:47,0
DA:53,0
DA:59,0
DA:67,0
DA:75,0
DA:80,0
DA:82,0
LF:14
LH:0
BRDA:22,0,0,0
BRDA:23,1,0,0
BRDA:23,1,1,0
BRDA:23,1,2,0
BRDA:23,1,3,0
BRDA:23,1,4,0
BRDA:23,1,5,0
BRDA:23,1,6,0
BRDA:23,1,7,0
BRDA:23,1,8,0
BRF:10
BRH:0
end_of_record
TN:
SF:/Users/christopherclemons/Projects/JukeBox/client/src/reducers/trackList.js
FN:27,(anonymous_0)
FN:71,(anonymous_1)
FN:110,(anonymous_2)
FNF:3
FNH:0
FNDA:0,(anonymous_0)
FNDA:0,(anonymous_1)
FNDA:0,(anonymous_2)
DA:1,0
DA:18,0
DA:27,0
DA:28,0
DA:30,0
DA:36,0
DA:44,0
DA:52,0
DA:58,0
DA:64,0
DA:71,0
DA:73,0
DA:85,0
DA:93,0
DA:99,0
DA:105,0
DA:110,0
DA:112,0
DA:123,0
DA:131,0
DA:137,0
DA:139,0
LF:22
LH:0
BRDA:27,0,0,0
BRDA:28,1,0,0
BRDA:28,1,1,0
BRDA:28,1,2,0
BRDA:28,1,3,0
BRDA:28,1,4,0
BRDA:28,1,5,0
BRDA:28,1,6,0
BRDA:28,1,7,0
BRDA:28,1,8,0
BRDA:28,1,9,0
BRDA:28,1,10,0
BRDA:28,1,11,0
BRDA:28,1,12,0
BRDA:28,1,13,0
BRDA:28,1,14,0
BRF:16
BRH:0
end_of_record
TN:
SF:/Users/christopherclemons/Projects/JukeBox/client/src/selectors/index.js
FNF:0
FNH:0
LF:0
LH:0
BRF:0
BRH:0
end_of_record
